Log file open, 04/14/25 15:24:22
LogWindows: Failed to load 'aqProf.dll' (GetLastError=126)
LogWindows: File 'aqProf.dll' does not exist
LogWindows: Failed to load 'VtuneApi.dll' (GetLastError=126)
LogWindows: File 'VtuneApi.dll' does not exist
LogWindows: Failed to load 'VtuneApi32e.dll' (GetLastError=126)
LogWindows: File 'VtuneApi32e.dll' does not exist
LogConsoleResponse: Display: Failed to find resolution value strings in scalability ini. Falling back to default.
LogConsoleResponse: Display: Failed to find resolution value strings in scalability ini. Falling back to default.
LogInit: Display: Running engine for game: TopDownAC
LogPlatformFile: Not using cached read wrapper
LogTaskGraph: Started task graph with 5 named threads and 59 total threads with 3 sets of task threads.
LogStats: Stats thread started at 0.205141
LogICUInternationalization: ICU TimeZone Detection - Raw Offset: +1:00, Platform Override: ''
LogInit: Display: Loading text-based GConfig....
LogPluginManager: Mounting plugin MeshPainting
LogPluginManager: Mounting plugin XGEController
LogPluginManager: Mounting plugin AISupport
LogPluginManager: Mounting plugin Paper2D
LogPluginManager: Mounting plugin EnvironmentQueryEditor
LogPluginManager: Mounting plugin LiveLink
LogPluginManager: Mounting plugin LightPropagationVolume
LogPluginManager: Mounting plugin OodleData
LogPluginManager: Mounting plugin OodleNetwork
LogPluginManager: Mounting plugin CameraShakePreviewer
LogPluginManager: Mounting plugin GameplayCameras
LogPluginManager: Mounting plugin AnimationSharing
LogPluginManager: Mounting plugin CLionSourceCodeAccess
LogPluginManager: Mounting plugin CodeLiteSourceCodeAccess
LogPluginManager: Mounting plugin KDevelopSourceCodeAccess
LogPluginManager: Mounting plugin NullSourceCodeAccess
LogPluginManager: Mounting plugin GitSourceControl
LogPluginManager: Mounting plugin PerforceSourceControl
LogPluginManager: Mounting plugin PixWinPlugin
LogPluginManager: Mounting plugin PlasticSourceControl
LogPluginManager: Mounting plugin PropertyAccessNode
LogPluginManager: Mounting plugin RiderSourceCodeAccess
LogPluginManager: Mounting plugin SubversionSourceControl
LogPluginManager: Mounting plugin TextureFormatOodle
LogPluginManager: Mounting plugin UObjectPlugin
LogPluginManager: Mounting plugin XCodeSourceCodeAccess
LogPluginManager: Mounting plugin VisualStudioSourceCodeAccess
LogPluginManager: Mounting plugin AssetManagerEditor
LogPluginManager: Mounting plugin VisualStudioCodeSourceCodeAccess
LogPluginManager: Mounting plugin CryptoKeys
LogPluginManager: Mounting plugin DataValidation
LogPluginManager: Mounting plugin FacialAnimation
LogPluginManager: Mounting plugin GameplayTagsEditor
LogPluginManager: Mounting plugin CurveEditorTools
LogPluginManager: Mounting plugin GeometryMode
LogPluginManager: Mounting plugin MacGraphicsSwitching
LogPluginManager: Mounting plugin MaterialAnalyzer
LogPluginManager: Mounting plugin MobileLauncherProfileWizard
LogPluginManager: Mounting plugin PluginBrowser
LogPluginManager: Mounting plugin SpeedTreeImporter
LogPluginManager: Mounting plugin DatasmithContent
LogPluginManager: Mounting plugin VariantManagerContent
LogPluginManager: Mounting plugin AlembicImporter
LogPluginManager: Mounting plugin AutomationUtils
LogPluginManager: Mounting plugin BackChannel
LogPluginManager: Mounting plugin ChaosClothEditor
LogPluginManager: Mounting plugin ChaosEditor
LogPluginManager: Mounting plugin ChaosCloth
LogPluginManager: Mounting plugin ChaosNiagara
LogPluginManager: Mounting plugin ChaosSolverPlugin
LogPluginManager: Mounting plugin CharacterAI
LogPluginManager: Mounting plugin GeometryCache
LogPluginManager: Mounting plugin GeometryCollectionPlugin
LogPluginManager: Mounting plugin GeometryProcessing
LogPluginManager: Mounting plugin Niagara
LogPluginManager: Mounting plugin MotoSynth
LogPluginManager: Mounting plugin OpenImageDenoise
LogPluginManager: Mounting plugin PlanarCut
LogPluginManager: Mounting plugin PlatformCrypto
LogPluginManager: Mounting plugin ProxyLODPlugin
LogPluginManager: Mounting plugin PythonScriptPlugin
LogPluginManager: Mounting plugin SkeletalReduction
LogPluginManager: Mounting plugin PluginUtils
LogPluginManager: Mounting plugin AndroidMedia
LogPluginManager: Mounting plugin AvfMedia
LogPluginManager: Mounting plugin ImgMedia
LogPluginManager: Mounting plugin MediaCompositing
LogPluginManager: Mounting plugin MediaPlayerEditor
LogPluginManager: Mounting plugin WebMMedia
LogPluginManager: Mounting plugin TcpMessaging
LogPluginManager: Mounting plugin UdpMessaging
LogPluginManager: Mounting plugin LuminPlatformFeatures
LogPluginManager: Mounting plugin MagicLeap
LogPluginManager: Mounting plugin LevelSequenceEditor
LogPluginManager: Mounting plugin ActorSequence
LogPluginManager: Mounting plugin MatineeToLevelSequence
LogPluginManager: Mounting plugin MagicLeapLightEstimation
LogPluginManager: Mounting plugin TemplateSequence
LogPluginManager: Mounting plugin MagicLeapMedia
LogPluginManager: Mounting plugin WmfMedia
LogPluginManager: Mounting plugin MLSDK
LogPluginManager: Mounting plugin OnlineSubsystem
LogPluginManager: Mounting plugin OnlineSubsystemNull
LogPluginManager: Mounting plugin LauncherChunkInstaller
LogPluginManager: Mounting plugin OnlineSubsystemUtils
LogPluginManager: Mounting plugin ActorLayerUtilities
LogPluginManager: Mounting plugin AndroidMoviePlayer
LogPluginManager: Mounting plugin AppleImageUtils
LogPluginManager: Mounting plugin AppleMoviePlayer
LogPluginManager: Mounting plugin AndroidDeviceProfileSelector
LogPluginManager: Mounting plugin ArchVisCharacter
LogPluginManager: Mounting plugin AudioCapture
LogPluginManager: Mounting plugin AssetTags
LogPluginManager: Mounting plugin AudioSynesthesia
LogPluginManager: Mounting plugin MagicLeapPassableWorld
LogPluginManager: Mounting plugin CableComponent
LogPluginManager: Mounting plugin ChunkDownloader
LogPluginManager: Mounting plugin CustomMeshComponent
LogPluginManager: Mounting plugin EditableMesh
LogPluginManager: Mounting plugin ExampleDeviceProfileSelector
LogPluginManager: Mounting plugin GooglePAD
LogPluginManager: Mounting plugin GoogleCloudMessaging
LogPluginManager: Mounting plugin LinuxDeviceProfileSelector
LogPluginManager: Mounting plugin LocationServicesBPLibrary
LogPluginManager: Mounting plugin MobilePatchingUtils
LogPluginManager: Mounting plugin OpenXR
LogPluginManager: Mounting plugin OpenXREyeTracker
LogPluginManager: Mounting plugin OpenXRHandTracking
LogPluginManager: Mounting plugin ProceduralMeshComponent
LogPluginManager: Mounting plugin PostSplashScreen
LogPluginManager: Mounting plugin PhysXVehicles
LogPluginManager: Mounting plugin RuntimePhysXCooking
LogPluginManager: Mounting plugin PropertyAccessEditor
LogPluginManager: Mounting plugin SignificanceManager
LogPluginManager: Mounting plugin SoundFields
LogPluginManager: Mounting plugin AndroidPermission
LogPluginManager: Mounting plugin WindowsMoviePlayer
LogPluginManager: Mounting plugin WebMMoviePlayer
LogPluginManager: Mounting plugin Synthesis
LogPluginManager: Mounting plugin Takes
LogPluginManager: Mounting plugin ScreenshotTools
LogPluginManager: Mounting plugin IOSDeviceProfileSelector
LogPluginManager: Mounting plugin ContentBrowserAssetDataSource
LogPluginManager: Mounting plugin ContentBrowserClassDataSource
LogPluginManager: Mounting plugin ContentBrowserFileDataSource
LogPluginManager: Mounting plugin OnlineSubsystemGooglePlay
LogPluginManager: Mounting plugin OnlineSubsystemIOS
LogPluginManager: Mounting plugin OculusVR
LogPluginManager: Mounting plugin SteamVR
PixWinPlugin: PIX capture plugin failed to initialize! Check that the process is launched from PIX.
LogInit: Using libcurl 7.55.1-DEV
LogInit:  - built for x86_64-pc-win32
LogInit:  - supports SSL with OpenSSL/1.1.1
LogInit:  - supports HTTP deflate (compression) using libz 1.2.8
LogInit:  - other features:
LogInit:      CURL_VERSION_SSL
LogInit:      CURL_VERSION_LIBZ
LogInit:      CURL_VERSION_IPV6
LogInit:      CURL_VERSION_ASYNCHDNS
LogInit:      CURL_VERSION_LARGEFILE
LogInit:      CURL_VERSION_IDN
LogInit:  CurlRequestOptions (configurable via config and command line):
LogInit:  - bVerifyPeer = true  - Libcurl will verify peer certificate
LogInit:  - bUseHttpProxy = false  - Libcurl will NOT use HTTP proxy
LogInit:  - bDontReuseConnections = false  - Libcurl will reuse connections
LogInit:  - MaxHostConnections = 16  - Libcurl will limit the number of connections to a host
LogInit:  - LocalHostAddr = Default
LogInit:  - BufferSize = 65536
LogOnline: OSS: Creating online subsystem instance for: NULL
LogInit: WinSock: version 1.1 (2.2), MaxSocks=32767, MaxUdp=65467
LogOnline: OSS: TryLoadSubsystemAndSetDefault: Loaded subsystem for module [NULL]
LogOculusPluginWrapper: OculusPlugin initialized successfully
LogHMD: Failed initializing OVRPlugin 1.59.0
LogInit: Build: ++UE4+Release-4.27-CL-18319896
LogInit: Engine Version: 4.27.2-18319896+++UE4+Release-4.27
LogInit: Compatible Engine Version: 4.27.0-17155196+++UE4+Release-4.27
LogInit: Net CL: 17155196
LogInit: OS: Windows 10 (Release 2009) (), CPU: 13th Gen Intel(R) Core(TM) i7-13650HX, GPU: Intel(R) UHD Graphics
LogInit: Compiled (64-bit): Nov 30 2021 07:12:08
LogInit: Compiled with Visual C++: 19.24.28315.00
LogInit: Build Configuration: Development
LogInit: Branch Name: ++UE4+Release-4.27
LogInit: Command Line:  /Game/Levels/Main -game -PIEVIACONSOLE -Multiprocess "GameUserSettingsINI=D:/Repozytoria/UE 4.27/TopDownAC/Saved/Config/Windows/PIEGameUserSettings0.ini" -MultiprocessSaveConfig -forcepassthrough -messaging -SessionName="Play in Standalone Game" -windowed -ResX=1280 -ResY=720
LogInit: Base Directory: D:/Epic Games/UE_4.27/Engine/Binaries/Win64/
LogInit: Allocator: TBB
LogInit: Installed Engine Build: 1
LogDevObjectVersion: Number of dev versions registered: 29
LogDevObjectVersion:   Dev-Blueprints (B0D832E4-1F89-4F0D-ACCF-7EB736FD4AA2): 10
LogDevObjectVersion:   Dev-Build (E1C64328-A22C-4D53-A36C-8E866417BD8C): 0
LogDevObjectVersion:   Dev-Core (375EC13C-06E4-48FB-B500-84F0262A717E): 4
LogDevObjectVersion:   Dev-Editor (E4B068ED-F494-42E9-A231-DA0B2E46BB41): 40
LogDevObjectVersion:   Dev-Framework (CFFC743F-43B0-4480-9391-14DF171D2073): 37
LogDevObjectVersion:   Dev-Mobile (B02B49B5-BB20-44E9-A304-32B752E40360): 3
LogDevObjectVersion:   Dev-Networking (A4E4105C-59A1-49B5-A7C5-40C4547EDFEE): 0
LogDevObjectVersion:   Dev-Online (39C831C9-5AE6-47DC-9A44-9C173E1C8E7C): 0
LogDevObjectVersion:   Dev-Physics (78F01B33-EBEA-4F98-B9B4-84EACCB95AA2): 14
LogDevObjectVersion:   Dev-Platform (6631380F-2D4D-43E0-8009-CF276956A95A): 0
LogDevObjectVersion:   Dev-Rendering (12F88B9F-8875-4AFC-A67C-D90C383ABD29): 45
LogDevObjectVersion:   Dev-Sequencer (7B5AE74C-D270-4C10-A958-57980B212A5A): 13
LogDevObjectVersion:   Dev-VR (D7296918-1DD6-4BDD-9DE2-64A83CC13884): 3
LogDevObjectVersion:   Dev-LoadTimes (C2A15278-BFE7-4AFE-6C17-90FF531DF755): 1
LogDevObjectVersion:   Private-Geometry (6EACA3D4-40EC-4CC1-B786-8BED09428FC5): 3
LogDevObjectVersion:   Dev-AnimPhys (29E575DD-E0A3-4627-9D10-D276232CDCEA): 17
LogDevObjectVersion:   Dev-Anim (AF43A65D-7FD3-4947-9873-3E8ED9C1BB05): 15
LogDevObjectVersion:   Dev-ReflectionCapture (6B266CEC-1EC7-4B8F-A30B-E4D90942FC07): 1
LogDevObjectVersion:   Dev-Automation (0DF73D61-A23F-47EA-B727-89E90C41499A): 1
LogDevObjectVersion:   FortniteMain (601D1886-AC64-4F84-AA16-D3DE0DEAC7D6): 47
LogDevObjectVersion:   FortniteRelease (E7086368-6B23-4C58-8439-1B7016265E91): 1
LogDevObjectVersion:   Dev-Enterprise (9DFFBCD6-494F-0158-E221-12823C92A888): 10
LogDevObjectVersion:   Dev-Niagara (F2AED0AC-9AFE-416F-8664-AA7FFA26D6FC): 1
LogDevObjectVersion:   Dev-Destruction (174F1F0B-B4C6-45A5-B13F-2EE8D0FB917D): 10
LogDevObjectVersion:   Dev-Physics-Ext (35F94A83-E258-406C-A318-09F59610247C): 41
LogDevObjectVersion:   Dev-PhysicsMaterial-Chaos (B68FC16E-8B1B-42E2-B453-215C058844FE): 1
LogDevObjectVersion:   Dev-CineCamera (B2E18506-4273-CFC2-A54E-F4BB758BBA07): 1
LogDevObjectVersion:   Dev-VirtualProduction (64F58936-FD1B-42BA-BA96-7289D5D0FA4E): 1
LogDevObjectVersion:   Dev-MediaFramework (6F0ED827-A609-4895-9C91-998D90180EA4): 2
LogInit: Presizing for max 25165824 objects, including 0 objects not considered by GC, pre-allocating 0 bytes for permanent pool.
LogConfig: Applying CVar settings from Section [/Script/Engine.StreamingSettings] File [D:/Repozytoria/UE 4.27/TopDownAC/Saved/Config/Windows/Engine.ini]
LogConfig: Setting CVar [[s.MinBulkDataSizeForAsyncLoading:131072]]
LogConfig: Setting CVar [[s.AsyncLoadingThreadEnabled:0]]
LogConfig: Setting CVar [[s.EventDrivenLoaderEnabled:1]]
LogConfig: Setting CVar [[s.WarnIfTimeLimitExceeded:0]]
LogConfig: Setting CVar [[s.TimeLimitExceededMultiplier:1.5]]
LogConfig: Setting CVar [[s.TimeLimitExceededMinTime:0.005]]
LogConfig: Setting CVar [[s.UseBackgroundLevelStreaming:1]]
LogConfig: Setting CVar [[s.PriorityAsyncLoadingExtraTime:15.0]]
LogConfig: Setting CVar [[s.LevelStreamingActorsUpdateTimeLimit:5.0]]
LogConfig: Setting CVar [[s.PriorityLevelStreamingActorsUpdateExtraTime:5.0]]
LogConfig: Setting CVar [[s.LevelStreamingComponentsRegistrationGranularity:10]]
LogConfig: Setting CVar [[s.UnregisterComponentsTimeLimit:1.0]]
LogConfig: Setting CVar [[s.LevelStreamingComponentsUnregistrationGranularity:5]]
LogConfig: Setting CVar [[s.FlushStreamingOnExit:1]]
LogInit: Object subsystem initialized
LogConfig: Setting CVar [[con.DebugEarlyDefault:1]]
LogConfig: Setting CVar [[r.setres:1280x720]]
[2025.04.14-13.24.23:214][  0]LogConfig: Setting CVar [[con.DebugEarlyDefault:1]]
[2025.04.14-13.24.23:214][  0]LogConfig: Setting CVar [[r.setres:1280x720]]
[2025.04.14-13.24.23:215][  0]LogConfig: Applying CVar settings from Section [/Script/Engine.RendererSettings] File [D:/Repozytoria/UE 4.27/TopDownAC/Saved/Config/Windows/Engine.ini]
[2025.04.14-13.24.23:215][  0]LogConfig: Setting CVar [[r.GPUCrashDebugging:0]]
[2025.04.14-13.24.23:215][  0]LogConfig: Applying CVar settings from Section [/Script/Engine.RendererOverrideSettings] File [D:/Repozytoria/UE 4.27/TopDownAC/Saved/Config/Windows/Engine.ini]
[2025.04.14-13.24.23:215][  0]LogConfig: Applying CVar settings from Section [/Script/Engine.StreamingSettings] File [D:/Repozytoria/UE 4.27/TopDownAC/Saved/Config/Windows/Engine.ini]
[2025.04.14-13.24.23:215][  0]LogConfig: Setting CVar [[s.MinBulkDataSizeForAsyncLoading:131072]]
[2025.04.14-13.24.23:215][  0]LogConfig: Setting CVar [[s.AsyncLoadingThreadEnabled:0]]
[2025.04.14-13.24.23:215][  0]LogConfig: Setting CVar [[s.EventDrivenLoaderEnabled:1]]
[2025.04.14-13.24.23:215][  0]LogConfig: Setting CVar [[s.WarnIfTimeLimitExceeded:0]]
[2025.04.14-13.24.23:215][  0]LogConfig: Setting CVar [[s.TimeLimitExceededMultiplier:1.5]]
[2025.04.14-13.24.23:215][  0]LogConfig: Setting CVar [[s.TimeLimitExceededMinTime:0.005]]
[2025.04.14-13.24.23:215][  0]LogConfig: Setting CVar [[s.UseBackgroundLevelStreaming:1]]
[2025.04.14-13.24.23:215][  0]LogConfig: Setting CVar [[s.PriorityAsyncLoadingExtraTime:15.0]]
[2025.04.14-13.24.23:215][  0]LogConfig: Setting CVar [[s.LevelStreamingActorsUpdateTimeLimit:5.0]]
[2025.04.14-13.24.23:215][  0]LogConfig: Setting CVar [[s.PriorityLevelStreamingActorsUpdateExtraTime:5.0]]
[2025.04.14-13.24.23:215][  0]LogConfig: Setting CVar [[s.LevelStreamingComponentsRegistrationGranularity:10]]
[2025.04.14-13.24.23:215][  0]LogConfig: Setting CVar [[s.UnregisterComponentsTimeLimit:1.0]]
[2025.04.14-13.24.23:215][  0]LogConfig: Setting CVar [[s.LevelStreamingComponentsUnregistrationGranularity:5]]
[2025.04.14-13.24.23:215][  0]LogConfig: Setting CVar [[s.FlushStreamingOnExit:1]]
[2025.04.14-13.24.23:215][  0]LogConfig: Applying CVar settings from Section [/Script/Engine.GarbageCollectionSettings] File [D:/Repozytoria/UE 4.27/TopDownAC/Saved/Config/Windows/Engine.ini]
[2025.04.14-13.24.23:215][  0]LogConfig: Setting CVar [[gc.MaxObjectsNotConsideredByGC:1]]
[2025.04.14-13.24.23:215][  0]LogConfig: Setting CVar [[gc.SizeOfPermanentObjectPool:0]]
[2025.04.14-13.24.23:215][  0]LogConfig: Setting CVar [[gc.FlushStreamingOnGC:0]]
[2025.04.14-13.24.23:215][  0]LogConfig: Setting CVar [[gc.NumRetriesBeforeForcingGC:10]]
[2025.04.14-13.24.23:215][  0]LogConfig: Setting CVar [[gc.AllowParallelGC:1]]
[2025.04.14-13.24.23:215][  0]LogConfig: Setting CVar [[gc.TimeBetweenPurgingPendingKillObjects:61.1]]
[2025.04.14-13.24.23:215][  0]LogConfig: Setting CVar [[gc.MaxObjectsInEditor:25165824]]
[2025.04.14-13.24.23:215][  0]LogConfig: Setting CVar [[gc.IncrementalBeginDestroyEnabled:1]]
[2025.04.14-13.24.23:215][  0]LogConfig: Setting CVar [[gc.CreateGCClusters:1]]
[2025.04.14-13.24.23:215][  0]LogConfig: Setting CVar [[gc.MinGCClusterSize:5]]
[2025.04.14-13.24.23:215][  0]LogConfig: Setting CVar [[gc.ActorClusteringEnabled:0]]
[2025.04.14-13.24.23:215][  0]LogConfig: Setting CVar [[gc.BlueprintClusteringEnabled:0]]
[2025.04.14-13.24.23:215][  0]LogConfig: Setting CVar [[gc.UseDisregardForGCOnDedicatedServers:0]]
[2025.04.14-13.24.23:215][  0]LogConfig: Setting CVar [[gc.MultithreadedDestructionEnabled:1]]
[2025.04.14-13.24.23:215][  0]LogConfig: Applying CVar settings from Section [/Script/Engine.NetworkSettings] File [D:/Repozytoria/UE 4.27/TopDownAC/Saved/Config/Windows/Engine.ini]
[2025.04.14-13.24.23:215][  0]LogConfig: Applying CVar settings from Section [/Script/UnrealEd.CookerSettings] File [D:/Repozytoria/UE 4.27/TopDownAC/Saved/Config/Windows/Engine.ini]
[2025.04.14-13.24.23:224][  0]LogConfig: Applying CVar settings from Section [ViewDistanceQuality@3] File [D:/Repozytoria/UE 4.27/TopDownAC/Saved/Config/Windows/Scalability.ini]
[2025.04.14-13.24.23:224][  0]LogConfig: Setting CVar [[r.SkeletalMeshLODBias:0]]
[2025.04.14-13.24.23:224][  0]LogConfig: Setting CVar [[r.ViewDistanceScale:1.0]]
[2025.04.14-13.24.23:224][  0]LogConfig: Applying CVar settings from Section [AntiAliasingQuality@3] File [D:/Repozytoria/UE 4.27/TopDownAC/Saved/Config/Windows/Scalability.ini]
[2025.04.14-13.24.23:224][  0]LogConfig: Setting CVar [[r.PostProcessAAQuality:4]]
[2025.04.14-13.24.23:224][  0]LogConfig: Applying CVar settings from Section [ShadowQuality@3] File [D:/Repozytoria/UE 4.27/TopDownAC/Saved/Config/Windows/Scalability.ini]
[2025.04.14-13.24.23:224][  0]LogConfig: Setting CVar [[r.LightFunctionQuality:1]]
[2025.04.14-13.24.23:224][  0]LogConfig: Setting CVar [[r.ShadowQuality:5]]
[2025.04.14-13.24.23:224][  0]LogConfig: Setting CVar [[r.Shadow.CSM.MaxCascades:10]]
[2025.04.14-13.24.23:224][  0]LogConfig: Setting CVar [[r.Shadow.MaxResolution:2048]]
[2025.04.14-13.24.23:224][  0]LogConfig: Setting CVar [[r.Shadow.MaxCSMResolution:2048]]
[2025.04.14-13.24.23:224][  0]LogConfig: Setting CVar [[r.Shadow.RadiusThreshold:0.01]]
[2025.04.14-13.24.23:224][  0]LogConfig: Setting CVar [[r.Shadow.DistanceScale:1.0]]
[2025.04.14-13.24.23:224][  0]LogConfig: Setting CVar [[r.Shadow.CSM.TransitionScale:1.0]]
[2025.04.14-13.24.23:224][  0]LogConfig: Setting CVar [[r.Shadow.PreShadowResolutionFactor:1.0]]
[2025.04.14-13.24.23:224][  0]LogConfig: Setting CVar [[r.DistanceFieldShadowing:1]]
[2025.04.14-13.24.23:224][  0]LogConfig: Setting CVar [[r.DistanceFieldAO:1]]
[2025.04.14-13.24.23:224][  0]LogConfig: Setting CVar [[r.AOQuality:2]]
[2025.04.14-13.24.23:224][  0]LogConfig: Setting CVar [[r.VolumetricFog:1]]
[2025.04.14-13.24.23:224][  0]LogConfig: Setting CVar [[r.VolumetricFog.GridPixelSize:8]]
[2025.04.14-13.24.23:224][  0]LogConfig: Setting CVar [[r.VolumetricFog.GridSizeZ:128]]
[2025.04.14-13.24.23:224][  0]LogConfig: Setting CVar [[r.VolumetricFog.HistoryMissSupersampleCount:4]]
[2025.04.14-13.24.23:224][  0]LogConfig: Setting CVar [[r.LightMaxDrawDistanceScale:1]]
[2025.04.14-13.24.23:224][  0]LogConfig: Setting CVar [[r.CapsuleShadows:1]]
[2025.04.14-13.24.23:224][  0]LogConfig: Applying CVar settings from Section [PostProcessQuality@3] File [D:/Repozytoria/UE 4.27/TopDownAC/Saved/Config/Windows/Scalability.ini]
[2025.04.14-13.24.23:224][  0]LogConfig: Setting CVar [[r.MotionBlurQuality:4]]
[2025.04.14-13.24.23:224][  0]LogConfig: Setting CVar [[r.AmbientOcclusionMipLevelFactor:0.4]]
[2025.04.14-13.24.23:224][  0]LogConfig: Setting CVar [[r.AmbientOcclusionMaxQuality:100]]
[2025.04.14-13.24.23:224][  0]LogConfig: Setting CVar [[r.AmbientOcclusionLevels:-1]]
[2025.04.14-13.24.23:224][  0]LogConfig: Setting CVar [[r.AmbientOcclusionRadiusScale:1.0]]
[2025.04.14-13.24.23:224][  0]LogConfig: Setting CVar [[r.DepthOfFieldQuality:2]]
[2025.04.14-13.24.23:224][  0]LogConfig: Setting CVar [[r.RenderTargetPoolMin:400]]
[2025.04.14-13.24.23:224][  0]LogConfig: Setting CVar [[r.LensFlareQuality:2]]
[2025.04.14-13.24.23:224][  0]LogConfig: Setting CVar [[r.SceneColorFringeQuality:1]]
[2025.04.14-13.24.23:224][  0]LogConfig: Setting CVar [[r.EyeAdaptationQuality:2]]
[2025.04.14-13.24.23:224][  0]LogConfig: Setting CVar [[r.BloomQuality:5]]
[2025.04.14-13.24.23:224][  0]LogConfig: Setting CVar [[r.FastBlurThreshold:100]]
[2025.04.14-13.24.23:224][  0]LogConfig: Setting CVar [[r.Upscale.Quality:3]]
[2025.04.14-13.24.23:224][  0]LogConfig: Setting CVar [[r.Tonemapper.GrainQuantization:1]]
[2025.04.14-13.24.23:224][  0]LogConfig: Setting CVar [[r.LightShaftQuality:1]]
[2025.04.14-13.24.23:224][  0]LogConfig: Setting CVar [[r.Filter.SizeScale:1]]
[2025.04.14-13.24.23:224][  0]LogConfig: Setting CVar [[r.Tonemapper.Quality:5]]
[2025.04.14-13.24.23:224][  0]LogConfig: Setting CVar [[r.DOF.Gather.AccumulatorQuality:1        ; higher gathering accumulator quality]]
[2025.04.14-13.24.23:224][  0]LogConfig: Setting CVar [[r.DOF.Gather.PostfilterMethod:1          ; Median3x3 postfilering method]]
[2025.04.14-13.24.23:224][  0]LogConfig: Setting CVar [[r.DOF.Gather.EnableBokehSettings:0       ; no bokeh simulation when gathering]]
[2025.04.14-13.24.23:224][  0]LogConfig: Setting CVar [[r.DOF.Gather.RingCount:4                 ; medium number of samples when gathering]]
[2025.04.14-13.24.23:224][  0]LogConfig: Setting CVar [[r.DOF.Scatter.ForegroundCompositing:1    ; additive foreground scattering]]
[2025.04.14-13.24.23:225][  0]LogConfig: Setting CVar [[r.DOF.Scatter.BackgroundCompositing:2    ; additive background scattering]]
[2025.04.14-13.24.23:225][  0]LogConfig: Setting CVar [[r.DOF.Scatter.EnableBokehSettings:1      ; bokeh simulation when scattering]]
[2025.04.14-13.24.23:225][  0]LogConfig: Setting CVar [[r.DOF.Scatter.MaxSpriteRatio:0.1         ; only a maximum of 10% of scattered bokeh]]
[2025.04.14-13.24.23:225][  0]LogConfig: Setting CVar [[r.DOF.Recombine.Quality:1                ; cheap slight out of focus]]
[2025.04.14-13.24.23:225][  0]LogConfig: Setting CVar [[r.DOF.Recombine.EnableBokehSettings:0    ; no bokeh simulation on slight out of focus]]
[2025.04.14-13.24.23:225][  0]LogConfig: Setting CVar [[r.DOF.TemporalAAQuality:1                ; more stable temporal accumulation]]
[2025.04.14-13.24.23:225][  0]LogConfig: Setting CVar [[r.DOF.Kernel.MaxForegroundRadius:0.025]]
[2025.04.14-13.24.23:225][  0]LogConfig: Setting CVar [[r.DOF.Kernel.MaxBackgroundRadius:0.025]]
[2025.04.14-13.24.23:225][  0]LogConfig: Applying CVar settings from Section [TextureQuality@3] File [D:/Repozytoria/UE 4.27/TopDownAC/Saved/Config/Windows/Scalability.ini]
[2025.04.14-13.24.23:225][  0]LogConfig: Setting CVar [[r.Streaming.MipBias:0]]
[2025.04.14-13.24.23:225][  0]LogConfig: Setting CVar [[r.Streaming.AmortizeCPUToGPUCopy:0]]
[2025.04.14-13.24.23:225][  0]LogConfig: Setting CVar [[r.Streaming.MaxNumTexturesToStreamPerFrame:0]]
[2025.04.14-13.24.23:225][  0]LogConfig: Setting CVar [[r.Streaming.Boost:1]]
[2025.04.14-13.24.23:225][  0]LogConfig: Setting CVar [[r.MaxAnisotropy:8]]
[2025.04.14-13.24.23:225][  0]LogConfig: Setting CVar [[r.VT.MaxAnisotropy:8]]
[2025.04.14-13.24.23:225][  0]LogConfig: Setting CVar [[r.Streaming.LimitPoolSizeToVRAM:0]]
[2025.04.14-13.24.23:225][  0]LogConfig: Setting CVar [[r.Streaming.PoolSize:1000]]
[2025.04.14-13.24.23:225][  0]LogConfig: Setting CVar [[r.Streaming.MaxEffectiveScreenSize:0]]
[2025.04.14-13.24.23:225][  0]LogConfig: Applying CVar settings from Section [EffectsQuality@3] File [D:/Repozytoria/UE 4.27/TopDownAC/Saved/Config/Windows/Scalability.ini]
[2025.04.14-13.24.23:225][  0]LogConfig: Setting CVar [[r.TranslucencyLightingVolumeDim:64]]
[2025.04.14-13.24.23:225][  0]LogConfig: Setting CVar [[r.RefractionQuality:2]]
[2025.04.14-13.24.23:225][  0]LogConfig: Setting CVar [[r.SSR.Quality:3]]
[2025.04.14-13.24.23:225][  0]LogConfig: Setting CVar [[r.SSR.HalfResSceneColor:0]]
[2025.04.14-13.24.23:225][  0]LogConfig: Setting CVar [[r.SceneColorFormat:4]]
[2025.04.14-13.24.23:225][  0]LogConfig: Setting CVar [[r.DetailMode:2]]
[2025.04.14-13.24.23:225][  0]LogConfig: Setting CVar [[r.TranslucencyVolumeBlur:1]]
[2025.04.14-13.24.23:225][  0]LogConfig: Setting CVar [[r.MaterialQualityLevel:1 ; High quality]]
[2025.04.14-13.24.23:225][  0]LogConfig: Setting CVar [[r.AnisotropicMaterials:1]]
[2025.04.14-13.24.23:225][  0]LogConfig: Setting CVar [[r.SSS.Scale:1]]
[2025.04.14-13.24.23:225][  0]LogConfig: Setting CVar [[r.SSS.SampleSet:2]]
[2025.04.14-13.24.23:225][  0]LogConfig: Setting CVar [[r.SSS.Quality:1]]
[2025.04.14-13.24.23:225][  0]LogConfig: Setting CVar [[r.SSS.HalfRes:0]]
[2025.04.14-13.24.23:225][  0]LogConfig: Setting CVar [[r.SSGI.Quality:3]]
[2025.04.14-13.24.23:225][  0]LogConfig: Setting CVar [[r.EmitterSpawnRateScale:1.0]]
[2025.04.14-13.24.23:225][  0]LogConfig: Setting CVar [[r.ParticleLightQuality:2]]
[2025.04.14-13.24.23:225][  0]LogConfig: Setting CVar [[r.SkyAtmosphere.AerialPerspectiveLUT.FastApplyOnOpaque:1 ; Always have FastSkyLUT 1 in this case to avoid wrong sky]]
[2025.04.14-13.24.23:225][  0]LogConfig: Setting CVar [[r.SkyAtmosphere.AerialPerspectiveLUT.SampleCountMaxPerSlice:4]]
[2025.04.14-13.24.23:225][  0]LogConfig: Setting CVar [[r.SkyAtmosphere.AerialPerspectiveLUT.DepthResolution:16.0]]
[2025.04.14-13.24.23:225][  0]LogConfig: Setting CVar [[r.SkyAtmosphere.FastSkyLUT:1]]
[2025.04.14-13.24.23:225][  0]LogConfig: Setting CVar [[r.SkyAtmosphere.FastSkyLUT.SampleCountMin:4.0]]
[2025.04.14-13.24.23:225][  0]LogConfig: Setting CVar [[r.SkyAtmosphere.FastSkyLUT.SampleCountMax:128.0]]
[2025.04.14-13.24.23:225][  0]LogConfig: Setting CVar [[r.SkyAtmosphere.SampleCountMin:4.0]]
[2025.04.14-13.24.23:225][  0]LogConfig: Setting CVar [[r.SkyAtmosphere.SampleCountMax:128.0]]
[2025.04.14-13.24.23:225][  0]LogConfig: Setting CVar [[r.SkyAtmosphere.TransmittanceLUT.UseSmallFormat:0]]
[2025.04.14-13.24.23:225][  0]LogConfig: Setting CVar [[r.SkyAtmosphere.TransmittanceLUT.SampleCount:10.0]]
[2025.04.14-13.24.23:225][  0]LogConfig: Setting CVar [[r.SkyAtmosphere.MultiScatteringLUT.SampleCount:15.0]]
[2025.04.14-13.24.23:225][  0]LogConfig: Setting CVar [[r.SkyLight.RealTimeReflectionCapture:1]]
[2025.04.14-13.24.23:225][  0]LogConfig: Applying CVar settings from Section [FoliageQuality@3] File [D:/Repozytoria/UE 4.27/TopDownAC/Saved/Config/Windows/Scalability.ini]
[2025.04.14-13.24.23:225][  0]LogConfig: Setting CVar [[foliage.DensityScale:1.0]]
[2025.04.14-13.24.23:225][  0]LogConfig: Setting CVar [[grass.DensityScale:1.0]]
[2025.04.14-13.24.23:225][  0]LogConfig: Applying CVar settings from Section [ShadingQuality@3] File [D:/Repozytoria/UE 4.27/TopDownAC/Saved/Config/Windows/Scalability.ini]
[2025.04.14-13.24.23:225][  0]LogConfig: Setting CVar [[r.HairStrands.SkyLighting.IntegrationType:2]]
[2025.04.14-13.24.23:225][  0]LogConfig: Setting CVar [[r.HairStrands.SkyAO.SampleCount:4]]
[2025.04.14-13.24.23:225][  0]LogConfig: Setting CVar [[r.HairStrands.Visibility.MSAA.SamplePerPixel:4]]
[2025.04.14-13.24.23:225][  0]LogInit: Selected Device Profile: [Windows]
[2025.04.14-13.24.23:225][  0]LogInit: Applying CVar settings loaded from the selected device profile: [Windows]
[2025.04.14-13.24.23:225][  0]LogHAL: Display: Platform has ~ 32 GB [34007195648 / 34359738368 / 32], which maps to Largest [LargestMinGB=32, LargerMinGB=12, DefaultMinGB=8, SmallerMinGB=6, SmallestMinGB=0)
[2025.04.14-13.24.23:225][  0]LogInit: Going up to parent DeviceProfile []
[2025.04.14-13.24.23:225][  0]LogConfig: Applying CVar settings from Section [ViewDistanceQuality@3] File [D:/Repozytoria/UE 4.27/TopDownAC/Saved/Config/Windows/Scalability.ini]
[2025.04.14-13.24.23:225][  0]LogConfig: Setting CVar [[r.SkeletalMeshLODBias:0]]
[2025.04.14-13.24.23:225][  0]LogConfig: Setting CVar [[r.ViewDistanceScale:1.0]]
[2025.04.14-13.24.23:225][  0]LogConfig: Applying CVar settings from Section [AntiAliasingQuality@3] File [D:/Repozytoria/UE 4.27/TopDownAC/Saved/Config/Windows/Scalability.ini]
[2025.04.14-13.24.23:225][  0]LogConfig: Setting CVar [[r.PostProcessAAQuality:4]]
[2025.04.14-13.24.23:225][  0]LogConfig: Applying CVar settings from Section [ShadowQuality@3] File [D:/Repozytoria/UE 4.27/TopDownAC/Saved/Config/Windows/Scalability.ini]
[2025.04.14-13.24.23:225][  0]LogConfig: Setting CVar [[r.LightFunctionQuality:1]]
[2025.04.14-13.24.23:225][  0]LogConfig: Setting CVar [[r.ShadowQuality:5]]
[2025.04.14-13.24.23:225][  0]LogConfig: Setting CVar [[r.Shadow.CSM.MaxCascades:10]]
[2025.04.14-13.24.23:225][  0]LogConfig: Setting CVar [[r.Shadow.MaxResolution:2048]]
[2025.04.14-13.24.23:225][  0]LogConfig: Setting CVar [[r.Shadow.MaxCSMResolution:2048]]
[2025.04.14-13.24.23:225][  0]LogConfig: Setting CVar [[r.Shadow.RadiusThreshold:0.01]]
[2025.04.14-13.24.23:225][  0]LogConfig: Setting CVar [[r.Shadow.DistanceScale:1.0]]
[2025.04.14-13.24.23:225][  0]LogConfig: Setting CVar [[r.Shadow.CSM.TransitionScale:1.0]]
[2025.04.14-13.24.23:225][  0]LogConfig: Setting CVar [[r.Shadow.PreShadowResolutionFactor:1.0]]
[2025.04.14-13.24.23:225][  0]LogConfig: Setting CVar [[r.DistanceFieldShadowing:1]]
[2025.04.14-13.24.23:225][  0]LogConfig: Setting CVar [[r.DistanceFieldAO:1]]
[2025.04.14-13.24.23:225][  0]LogConfig: Setting CVar [[r.AOQuality:2]]
[2025.04.14-13.24.23:225][  0]LogConfig: Setting CVar [[r.VolumetricFog:1]]
[2025.04.14-13.24.23:225][  0]LogConfig: Setting CVar [[r.VolumetricFog.GridPixelSize:8]]
[2025.04.14-13.24.23:225][  0]LogConfig: Setting CVar [[r.VolumetricFog.GridSizeZ:128]]
[2025.04.14-13.24.23:225][  0]LogConfig: Setting CVar [[r.VolumetricFog.HistoryMissSupersampleCount:4]]
[2025.04.14-13.24.23:225][  0]LogConfig: Setting CVar [[r.LightMaxDrawDistanceScale:1]]
[2025.04.14-13.24.23:225][  0]LogConfig: Setting CVar [[r.CapsuleShadows:1]]
[2025.04.14-13.24.23:225][  0]LogConfig: Applying CVar settings from Section [PostProcessQuality@3] File [D:/Repozytoria/UE 4.27/TopDownAC/Saved/Config/Windows/Scalability.ini]
[2025.04.14-13.24.23:225][  0]LogConfig: Setting CVar [[r.MotionBlurQuality:4]]
[2025.04.14-13.24.23:225][  0]LogConfig: Setting CVar [[r.AmbientOcclusionMipLevelFactor:0.4]]
[2025.04.14-13.24.23:225][  0]LogConfig: Setting CVar [[r.AmbientOcclusionMaxQuality:100]]
[2025.04.14-13.24.23:225][  0]LogConfig: Setting CVar [[r.AmbientOcclusionLevels:-1]]
[2025.04.14-13.24.23:225][  0]LogConfig: Setting CVar [[r.AmbientOcclusionRadiusScale:1.0]]
[2025.04.14-13.24.23:225][  0]LogConfig: Setting CVar [[r.DepthOfFieldQuality:2]]
[2025.04.14-13.24.23:225][  0]LogConfig: Setting CVar [[r.RenderTargetPoolMin:400]]
[2025.04.14-13.24.23:225][  0]LogConfig: Setting CVar [[r.LensFlareQuality:2]]
[2025.04.14-13.24.23:225][  0]LogConfig: Setting CVar [[r.SceneColorFringeQuality:1]]
[2025.04.14-13.24.23:225][  0]LogConfig: Setting CVar [[r.EyeAdaptationQuality:2]]
[2025.04.14-13.24.23:225][  0]LogConfig: Setting CVar [[r.BloomQuality:5]]
[2025.04.14-13.24.23:225][  0]LogConfig: Setting CVar [[r.FastBlurThreshold:100]]
[2025.04.14-13.24.23:225][  0]LogConfig: Setting CVar [[r.Upscale.Quality:3]]
[2025.04.14-13.24.23:225][  0]LogConfig: Setting CVar [[r.Tonemapper.GrainQuantization:1]]
[2025.04.14-13.24.23:225][  0]LogConfig: Setting CVar [[r.LightShaftQuality:1]]
[2025.04.14-13.24.23:225][  0]LogConfig: Setting CVar [[r.Filter.SizeScale:1]]
[2025.04.14-13.24.23:225][  0]LogConfig: Setting CVar [[r.Tonemapper.Quality:5]]
[2025.04.14-13.24.23:225][  0]LogConfig: Setting CVar [[r.DOF.Gather.AccumulatorQuality:1        ; higher gathering accumulator quality]]
[2025.04.14-13.24.23:225][  0]LogConfig: Setting CVar [[r.DOF.Gather.PostfilterMethod:1          ; Median3x3 postfilering method]]
[2025.04.14-13.24.23:225][  0]LogConfig: Setting CVar [[r.DOF.Gather.EnableBokehSettings:0       ; no bokeh simulation when gathering]]
[2025.04.14-13.24.23:225][  0]LogConfig: Setting CVar [[r.DOF.Gather.RingCount:4                 ; medium number of samples when gathering]]
[2025.04.14-13.24.23:225][  0]LogConfig: Setting CVar [[r.DOF.Scatter.ForegroundCompositing:1    ; additive foreground scattering]]
[2025.04.14-13.24.23:225][  0]LogConfig: Setting CVar [[r.DOF.Scatter.BackgroundCompositing:2    ; additive background scattering]]
[2025.04.14-13.24.23:225][  0]LogConfig: Setting CVar [[r.DOF.Scatter.EnableBokehSettings:1      ; bokeh simulation when scattering]]
[2025.04.14-13.24.23:225][  0]LogConfig: Setting CVar [[r.DOF.Scatter.MaxSpriteRatio:0.1         ; only a maximum of 10% of scattered bokeh]]
[2025.04.14-13.24.23:225][  0]LogConfig: Setting CVar [[r.DOF.Recombine.Quality:1                ; cheap slight out of focus]]
[2025.04.14-13.24.23:225][  0]LogConfig: Setting CVar [[r.DOF.Recombine.EnableBokehSettings:0    ; no bokeh simulation on slight out of focus]]
[2025.04.14-13.24.23:225][  0]LogConfig: Setting CVar [[r.DOF.TemporalAAQuality:1                ; more stable temporal accumulation]]
[2025.04.14-13.24.23:225][  0]LogConfig: Setting CVar [[r.DOF.Kernel.MaxForegroundRadius:0.025]]
[2025.04.14-13.24.23:225][  0]LogConfig: Setting CVar [[r.DOF.Kernel.MaxBackgroundRadius:0.025]]
[2025.04.14-13.24.23:225][  0]LogConfig: Applying CVar settings from Section [TextureQuality@3] File [D:/Repozytoria/UE 4.27/TopDownAC/Saved/Config/Windows/Scalability.ini]
[2025.04.14-13.24.23:225][  0]LogConfig: Setting CVar [[r.Streaming.MipBias:0]]
[2025.04.14-13.24.23:225][  0]LogConfig: Setting CVar [[r.Streaming.AmortizeCPUToGPUCopy:0]]
[2025.04.14-13.24.23:225][  0]LogConfig: Setting CVar [[r.Streaming.MaxNumTexturesToStreamPerFrame:0]]
[2025.04.14-13.24.23:225][  0]LogConfig: Setting CVar [[r.Streaming.Boost:1]]
[2025.04.14-13.24.23:225][  0]LogConfig: Setting CVar [[r.MaxAnisotropy:8]]
[2025.04.14-13.24.23:225][  0]LogConfig: Setting CVar [[r.VT.MaxAnisotropy:8]]
[2025.04.14-13.24.23:226][  0]LogConfig: Setting CVar [[r.Streaming.LimitPoolSizeToVRAM:0]]
[2025.04.14-13.24.23:226][  0]LogConfig: Setting CVar [[r.Streaming.PoolSize:1000]]
[2025.04.14-13.24.23:226][  0]LogConfig: Setting CVar [[r.Streaming.MaxEffectiveScreenSize:0]]
[2025.04.14-13.24.23:226][  0]LogConfig: Applying CVar settings from Section [EffectsQuality@3] File [D:/Repozytoria/UE 4.27/TopDownAC/Saved/Config/Windows/Scalability.ini]
[2025.04.14-13.24.23:226][  0]LogConfig: Setting CVar [[r.TranslucencyLightingVolumeDim:64]]
[2025.04.14-13.24.23:226][  0]LogConfig: Setting CVar [[r.RefractionQuality:2]]
[2025.04.14-13.24.23:226][  0]LogConfig: Setting CVar [[r.SSR.Quality:3]]
[2025.04.14-13.24.23:226][  0]LogConfig: Setting CVar [[r.SSR.HalfResSceneColor:0]]
[2025.04.14-13.24.23:226][  0]LogConfig: Setting CVar [[r.SceneColorFormat:4]]
[2025.04.14-13.24.23:226][  0]LogConfig: Setting CVar [[r.DetailMode:2]]
[2025.04.14-13.24.23:226][  0]LogConfig: Setting CVar [[r.TranslucencyVolumeBlur:1]]
[2025.04.14-13.24.23:226][  0]LogConfig: Setting CVar [[r.MaterialQualityLevel:1 ; High quality]]
[2025.04.14-13.24.23:226][  0]LogConfig: Setting CVar [[r.AnisotropicMaterials:1]]
[2025.04.14-13.24.23:226][  0]LogConfig: Setting CVar [[r.SSS.Scale:1]]
[2025.04.14-13.24.23:226][  0]LogConfig: Setting CVar [[r.SSS.SampleSet:2]]
[2025.04.14-13.24.23:226][  0]LogConfig: Setting CVar [[r.SSS.Quality:1]]
[2025.04.14-13.24.23:226][  0]LogConfig: Setting CVar [[r.SSS.HalfRes:0]]
[2025.04.14-13.24.23:226][  0]LogConfig: Setting CVar [[r.SSGI.Quality:3]]
[2025.04.14-13.24.23:226][  0]LogConfig: Setting CVar [[r.EmitterSpawnRateScale:1.0]]
[2025.04.14-13.24.23:226][  0]LogConfig: Setting CVar [[r.ParticleLightQuality:2]]
[2025.04.14-13.24.23:226][  0]LogConfig: Setting CVar [[r.SkyAtmosphere.AerialPerspectiveLUT.FastApplyOnOpaque:1 ; Always have FastSkyLUT 1 in this case to avoid wrong sky]]
[2025.04.14-13.24.23:226][  0]LogConfig: Setting CVar [[r.SkyAtmosphere.AerialPerspectiveLUT.SampleCountMaxPerSlice:4]]
[2025.04.14-13.24.23:226][  0]LogConfig: Setting CVar [[r.SkyAtmosphere.AerialPerspectiveLUT.DepthResolution:16.0]]
[2025.04.14-13.24.23:226][  0]LogConfig: Setting CVar [[r.SkyAtmosphere.FastSkyLUT:1]]
[2025.04.14-13.24.23:226][  0]LogConfig: Setting CVar [[r.SkyAtmosphere.FastSkyLUT.SampleCountMin:4.0]]
[2025.04.14-13.24.23:226][  0]LogConfig: Setting CVar [[r.SkyAtmosphere.FastSkyLUT.SampleCountMax:128.0]]
[2025.04.14-13.24.23:226][  0]LogConfig: Setting CVar [[r.SkyAtmosphere.SampleCountMin:4.0]]
[2025.04.14-13.24.23:226][  0]LogConfig: Setting CVar [[r.SkyAtmosphere.SampleCountMax:128.0]]
[2025.04.14-13.24.23:226][  0]LogConfig: Setting CVar [[r.SkyAtmosphere.TransmittanceLUT.UseSmallFormat:0]]
[2025.04.14-13.24.23:226][  0]LogConfig: Setting CVar [[r.SkyAtmosphere.TransmittanceLUT.SampleCount:10.0]]
[2025.04.14-13.24.23:226][  0]LogConfig: Setting CVar [[r.SkyAtmosphere.MultiScatteringLUT.SampleCount:15.0]]
[2025.04.14-13.24.23:226][  0]LogConfig: Setting CVar [[r.SkyLight.RealTimeReflectionCapture:1]]
[2025.04.14-13.24.23:226][  0]LogConfig: Applying CVar settings from Section [FoliageQuality@3] File [D:/Repozytoria/UE 4.27/TopDownAC/Saved/Config/Windows/Scalability.ini]
[2025.04.14-13.24.23:226][  0]LogConfig: Setting CVar [[foliage.DensityScale:1.0]]
[2025.04.14-13.24.23:226][  0]LogConfig: Setting CVar [[grass.DensityScale:1.0]]
[2025.04.14-13.24.23:226][  0]LogConfig: Applying CVar settings from Section [ShadingQuality@3] File [D:/Repozytoria/UE 4.27/TopDownAC/Saved/Config/Windows/Scalability.ini]
[2025.04.14-13.24.23:226][  0]LogConfig: Setting CVar [[r.HairStrands.SkyLighting.IntegrationType:2]]
[2025.04.14-13.24.23:226][  0]LogConfig: Setting CVar [[r.HairStrands.SkyAO.SampleCount:4]]
[2025.04.14-13.24.23:226][  0]LogConfig: Setting CVar [[r.HairStrands.Visibility.MSAA.SamplePerPixel:4]]
[2025.04.14-13.24.23:226][  0]LogConfig: Applying CVar settings from Section [Startup] File [../../../Engine/Config/ConsoleVariables.ini]
[2025.04.14-13.24.23:226][  0]LogConfig: Setting CVar [[net.UseAdaptiveNetUpdateFrequency:0]]
[2025.04.14-13.24.23:226][  0]LogConfig: Setting CVar [[p.chaos.AllowCreatePhysxBodies:1]]
[2025.04.14-13.24.23:226][  0]LogConfig: Setting CVar [[fx.SkipVectorVMBackendOptimizations:1]]
[2025.04.14-13.24.23:226][  0]LogConfig: Applying CVar settings from Section [ConsoleVariables] File [D:/Repozytoria/UE 4.27/TopDownAC/Saved/Config/Windows/Engine.ini]
[2025.04.14-13.24.23:226][  0]LogConfig: Applying CVar settings from Section [ConsoleVariables] File [D:/Repozytoria/UE 4.27/TopDownAC/Saved/Config/Windows/Editor.ini]
[2025.04.14-13.24.23:226][  0]LogInit: Computer: LAPTOP-AN92MERF
[2025.04.14-13.24.23:227][  0]LogInit: User: harry
[2025.04.14-13.24.23:227][  0]LogInit: CPU Page size=4096, Cores=14
[2025.04.14-13.24.23:227][  0]LogInit: High frequency timer resolution =10.000000 MHz
[2025.04.14-13.24.23:227][  0]LogMemory: Memory total: Physical=31.7GB (32GB approx)
[2025.04.14-13.24.23:227][  0]LogMemory: Platform Memory Stats for Windows
[2025.04.14-13.24.23:227][  0]LogMemory: Process Physical Memory: 152.34 MB used, 152.34 MB peak
[2025.04.14-13.24.23:227][  0]LogMemory: Process Virtual Memory: 133.20 MB used, 133.20 MB peak
[2025.04.14-13.24.23:227][  0]LogMemory: Physical Memory: 13443.53 MB used,  18988.26 MB free, 32431.79 MB total
[2025.04.14-13.24.23:227][  0]LogMemory: Virtual Memory: 134199944.00 MB used,  17781.59 MB free, 134217728.00 MB total
[2025.04.14-13.24.23:231][  0]LogWindows: WindowsPlatformFeatures enabled
[2025.04.14-13.24.23:257][  0]LogInit: Physics initialised using underlying interface: PhysX
[2025.04.14-13.24.23:257][  0]LogInit: Using OS detected language (pl-PL).
[2025.04.14-13.24.23:257][  0]LogInit: Using OS detected locale (pl-PL).
[2025.04.14-13.24.23:258][  0]LogTextLocalizationManager: No specific localization for 'pl-PL' exists, so the 'pl' localization will be used.
[2025.04.14-13.24.23:258][  0]LogTextLocalizationResource: LocRes '../../../Engine/Content/Localization/Editor/pl/Editor.locres' could not be opened for reading!
[2025.04.14-13.24.23:259][  0]LogTextLocalizationResource: LocRes '../../../Engine/Content/Localization/EditorTutorials/pl/EditorTutorials.locres' could not be opened for reading!
[2025.04.14-13.24.23:259][  0]LogTextLocalizationResource: LocRes '../../../Engine/Content/Localization/Keywords/pl/Keywords.locres' could not be opened for reading!
[2025.04.14-13.24.23:259][  0]LogTextLocalizationResource: LocRes '../../../Engine/Content/Localization/Category/pl/Category.locres' could not be opened for reading!
[2025.04.14-13.24.23:259][  0]LogTextLocalizationResource: LocRes '../../../Engine/Content/Localization/ToolTips/pl/ToolTips.locres' could not be opened for reading!
[2025.04.14-13.24.23:259][  0]LogTextLocalizationResource: LocRes '../../../Engine/Content/Localization/PropertyNames/pl/PropertyNames.locres' could not be opened for reading!
[2025.04.14-13.24.23:259][  0]LogTextLocalizationResource: LocRes '../../../Engine/Content/Localization/Engine/pl/Engine.locres' could not be opened for reading!
[2025.04.14-13.24.23:274][  0]LogWindowsTextInputMethodSystem: Display: IME system deactivated.
[2025.04.14-13.24.23:292][  0]LogSlate: New Slate User Created.  User Index 0, Is Virtual User: 0
[2025.04.14-13.24.23:292][  0]LogSlate: Slate User Registered.  User Index 0, Is Virtual User: 0
[2025.04.14-13.24.23:306][  0]LogD3D11RHI: Loaded GFSDK_Aftermath_Lib.x64.dll
[2025.04.14-13.24.23:341][  0]LogHMD: Failed to initialize OpenVR with code 110
[2025.04.14-13.24.23:341][  0]LogD3D11RHI: D3D11 min allowed feature level: 11_0
[2025.04.14-13.24.23:341][  0]LogD3D11RHI: D3D11 max allowed feature level: 11_0
[2025.04.14-13.24.23:341][  0]LogD3D11RHI: D3D11 adapters:
[2025.04.14-13.24.23:444][  0]LogD3D11RHI:    0. 'NVIDIA GeForce RTX 4060 Laptop GPU' (Feature Level 11_0)
[2025.04.14-13.24.23:445][  0]LogD3D11RHI:       7972/0/16215 MB DedicatedVideo/DedicatedSystem/SharedSystem, Outputs:2, VendorId:0x10de
[2025.04.14-13.24.23:468][  0]LogD3D11RHI:    1. 'Intel(R) UHD Graphics' (Feature Level 11_0)
[2025.04.14-13.24.23:468][  0]LogD3D11RHI:       128/0/16215 MB DedicatedVideo/DedicatedSystem/SharedSystem, Outputs:0, VendorId:0x8086
[2025.04.14-13.24.23:471][  0]LogD3D11RHI:    2. 'Microsoft Basic Render Driver' (Feature Level 11_0)
[2025.04.14-13.24.23:471][  0]LogD3D11RHI:       0/0/16215 MB DedicatedVideo/DedicatedSystem/SharedSystem, Outputs:0, VendorId:0x1414
[2025.04.14-13.24.23:471][  0]LogD3D11RHI: Chosen D3D11 Adapter:
[2025.04.14-13.24.23:471][  0]LogD3D11RHI:     Description : NVIDIA GeForce RTX 4060 Laptop GPU
[2025.04.14-13.24.23:471][  0]LogD3D11RHI:     VendorId    : 10de
[2025.04.14-13.24.23:471][  0]LogD3D11RHI:     DeviceId    : 28e0
[2025.04.14-13.24.23:471][  0]LogD3D11RHI:     SubSysId    : 96011458
[2025.04.14-13.24.23:471][  0]LogD3D11RHI:     Revision    : 00a1
[2025.04.14-13.24.23:471][  0]LogD3D11RHI:     DedicatedVideoMemory : 8359247872 bytes
[2025.04.14-13.24.23:471][  0]LogD3D11RHI:     DedicatedSystemMemory : 0 bytes
[2025.04.14-13.24.23:471][  0]LogD3D11RHI:     SharedSystemMemory : 17003597824 bytes
[2025.04.14-13.24.23:471][  0]LogD3D11RHI:     AdapterLuid : 0 82240
[2025.04.14-13.24.23:477][  0]LogD3D11RHI: Creating new Direct3DDevice
[2025.04.14-13.24.23:477][  0]LogD3D11RHI:     GPU DeviceId: 0x28e0 (for the marketing name, search the web for "GPU Device Id")
[2025.04.14-13.24.23:477][  0]LogWindows: EnumDisplayDevices:
[2025.04.14-13.24.23:477][  0]LogWindows:    0. 'Intel(R) UHD Graphics' (P:1 D:1)
[2025.04.14-13.24.23:477][  0]LogWindows:    1. 'Intel(R) UHD Graphics' (P:0 D:0)
[2025.04.14-13.24.23:477][  0]LogWindows:    2. 'Intel(R) UHD Graphics' (P:0 D:0)
[2025.04.14-13.24.23:478][  0]LogWindows:    3. 'Intel(R) UHD Graphics' (P:0 D:0)
[2025.04.14-13.24.23:478][  0]LogWindows:    4. 'NVIDIA GeForce RTX 4060 Laptop GPU' (P:0 D:1)
[2025.04.14-13.24.23:478][  0]LogWindows:    5. 'NVIDIA GeForce RTX 4060 Laptop GPU' (P:0 D:0)
[2025.04.14-13.24.23:478][  0]LogWindows:    6. 'NVIDIA GeForce RTX 4060 Laptop GPU' (P:0 D:0)
[2025.04.14-13.24.23:478][  0]LogWindows:    7. 'NVIDIA GeForce RTX 4060 Laptop GPU' (P:0 D:0)
[2025.04.14-13.24.23:478][  0]LogWindows: DebugString: PrimaryIsNotTheChoosenAdapter PrimaryIsNotTheChoosenAdapter PrimaryIsNotTheChoosenAdapter PrimaryIsNotTheChoosenAdapter FoundDriverCount:4 
[2025.04.14-13.24.23:478][  0]LogD3D11RHI:     Adapter Name: NVIDIA GeForce RTX 4060 Laptop GPU
[2025.04.14-13.24.23:478][  0]LogD3D11RHI:   Driver Version: 546.46 (internal:31.0.15.4646, unified:546.46)
[2025.04.14-13.24.23:478][  0]LogD3D11RHI:      Driver Date: 12-14-2023
[2025.04.14-13.24.23:478][  0]LogRHI: Texture pool is 5580 MB (70% of 7972 MB)
[2025.04.14-13.24.23:478][  0]LogD3D11RHI: Creating D3DDevice using adapter:
[2025.04.14-13.24.23:478][  0]LogD3D11RHI:     Description : NVIDIA GeForce RTX 4060 Laptop GPU
[2025.04.14-13.24.23:478][  0]LogD3D11RHI:     VendorId    : 10de
[2025.04.14-13.24.23:478][  0]LogD3D11RHI:     DeviceId    : 28e0
[2025.04.14-13.24.23:478][  0]LogD3D11RHI:     SubSysId    : 96011458
[2025.04.14-13.24.23:478][  0]LogD3D11RHI:     Revision    : 00a1
[2025.04.14-13.24.23:478][  0]LogD3D11RHI:     DedicatedVideoMemory : 8359247872 bytes
[2025.04.14-13.24.23:478][  0]LogD3D11RHI:     DedicatedSystemMemory : 0 bytes
[2025.04.14-13.24.23:478][  0]LogD3D11RHI:     SharedSystemMemory : 17003597824 bytes
[2025.04.14-13.24.23:478][  0]LogD3D11RHI:     AdapterLuid : 0 82240
[2025.04.14-13.24.23:552][  0]LogD3D11RHI: RHI has support for 64 bit atomics
[2025.04.14-13.24.23:552][  0]LogD3D11RHI: Async texture creation enabled
[2025.04.14-13.24.23:552][  0]LogD3D11RHI: Array index from any shader is supported
[2025.04.14-13.24.23:572][  0]LogD3D11RHI: GPU Timing Frequency: 1000.000000 (Debug: 2 2)
[2025.04.14-13.24.23:589][  0]LogRHI: GeForceNow SDK initialized: 1
[2025.04.14-13.24.23:777][  0]LogTargetPlatformManager: Display: Loaded TargetPlatform 'WindowsNoEditor'
[2025.04.14-13.24.23:780][  0]LogTargetPlatformManager: Display: Loaded TargetPlatform 'Windows'
[2025.04.14-13.24.23:783][  0]LogTargetPlatformManager: Display: Loaded TargetPlatform 'WindowsClient'
[2025.04.14-13.24.23:786][  0]LogTargetPlatformManager: Display: Loaded TargetPlatform 'WindowsServer'
[2025.04.14-13.24.23:787][  0]LogTargetPlatformManager: Display: Building Assets For Windows
[2025.04.14-13.24.23:790][  0]LogAudioDebug: Display: Lib vorbis DLL was dynamically loaded.
[2025.04.14-13.24.23:809][  0]LogTextureFormatOodle: Display: Oodle Texture 2.9.0 init RDO Off
[2025.04.14-13.24.23:829][  0]LogRendererCore: Ray tracing is disabled. Reason: r.RayTracing=0.
[2025.04.14-13.24.23:829][  0]LogShaderCompilers: Guid format shader working directory is 1 characters bigger than the processId version (../../../../../Repozytoria/UE 4.27/TopDownAC/Intermediate/Shaders/WorkingDirectory/13396/).
[2025.04.14-13.24.23:829][  0]LogShaderCompilers: Cleaned the shader compiler working directory 'C:/Users/harry/AppData/Local/Temp/UnrealShaderWorkingDir/402FA45A4A3064BE870F5DB9E079A7FC/'.
[2025.04.14-13.24.23:829][  0]LogXGEController: Cannot use XGE Controller as Incredibuild is not installed on this machine.
[2025.04.14-13.24.23:829][  0]LogShaderCompilers: Cannot use XGE Shader Compiler as Incredibuild is not installed on this machine.
[2025.04.14-13.24.23:829][  0]LogShaderCompilers: Display: Using Local Shader Compiler.
[2025.04.14-13.24.24:330][  0]LogDerivedDataCache: Display: Max Cache Size: 512 MB
[2025.04.14-13.24.24:375][  0]LogDerivedDataCache: Loaded boot cache 0.04s 94MB C:/Users/harry/AppData/Local/UnrealEngine/4.27/DerivedDataCache/Boot.ddc.
[2025.04.14-13.24.24:375][  0]LogDerivedDataCache: Display: Loaded Boot cache: C:/Users/harry/AppData/Local/UnrealEngine/4.27/DerivedDataCache/Boot.ddc
[2025.04.14-13.24.24:375][  0]LogDerivedDataCache: FDerivedDataBackendGraph:  Pak pak cache file ../../../../../Repozytoria/UE 4.27/TopDownAC/DerivedDataCache/DDC.ddp not found, will not use a pak cache.
[2025.04.14-13.24.24:375][  0]LogDerivedDataCache: Unable to find inner node Pak for hierarchical cache Hierarchy.
[2025.04.14-13.24.24:375][  0]LogDerivedDataCache: FDerivedDataBackendGraph:  CompressedPak pak cache file ../../../../../Repozytoria/UE 4.27/TopDownAC/DerivedDataCache/Compressed.ddp not found, will not use a pak cache.
[2025.04.14-13.24.24:375][  0]LogDerivedDataCache: Unable to find inner node CompressedPak for hierarchical cache Hierarchy.
[2025.04.14-13.24.24:387][  0]LogDerivedDataCache: Display: Pak cache opened for reading ../../../Engine/DerivedDataCache/Compressed.ddp.
[2025.04.14-13.24.24:387][  0]LogDerivedDataCache: FDerivedDataBackendGraph:  EnterprisePak pak cache file ../../../Enterprise/DerivedDataCache/Compressed.ddp not found, will not use a pak cache.
[2025.04.14-13.24.24:387][  0]LogDerivedDataCache: Unable to find inner node EnterprisePak for hierarchical cache Hierarchy.
[2025.04.14-13.24.24:393][  0]LogDerivedDataCache: Speed tests for C:/Users/harry/AppData/Local/UnrealEngine/Common/DerivedDataCache took 0.01 seconds
[2025.04.14-13.24.24:393][  0]LogDerivedDataCache: Display: Performance to C:/Users/harry/AppData/Local/UnrealEngine/Common/DerivedDataCache: Latency=0.02ms. RandomReadSpeed=2230.54MBs, RandomWriteSpeed=177.83MBs. Assigned SpeedClass 'Local'
[2025.04.14-13.24.24:394][  0]LogDerivedDataCache: Using Local data cache path C:/Users/harry/AppData/Local/UnrealEngine/Common/DerivedDataCache: Writable
[2025.04.14-13.24.24:394][  0]LogDerivedDataCache: Shared data cache path not found in *engine.ini, will not use an Shared cache.
[2025.04.14-13.24.24:394][  0]LogDerivedDataCache: Unable to find inner node Shared for hierarchical cache Hierarchy.
[2025.04.14-13.24.24:415][  0]LogSlate: Using FreeType 2.10.0
[2025.04.14-13.24.24:415][  0]LogSlate: SlateFontServices - WITH_FREETYPE: 1, WITH_HARFBUZZ: 1
[2025.04.14-13.24.24:479][  0]LogInit: Using OS detected language (pl-PL).
[2025.04.14-13.24.24:479][  0]LogInit: Using OS detected locale (pl-PL).
[2025.04.14-13.24.24:479][  0]LogTextLocalizationManager: No localization for 'pl-PL' exists, so 'en' will be used for the language.
[2025.04.14-13.24.24:479][  0]LogTextLocalizationManager: No localization for 'pl-PL' exists, so 'en' will be used for the locale.
[2025.04.14-13.24.24:479][  0]LogSlate: FontCache flush requested. Reason: Culture for localization was changed
[2025.04.14-13.24.24:479][  0]LogSlate: FontCache flush requested. Reason: Culture for localization was changed
[2025.04.14-13.24.24:481][  0]LogAssetRegistry: FAssetRegistry took 0.0011 seconds to start up
[2025.04.14-13.24.24:583][  0]LogTextLocalizationManager: Compacting localization data took   0.00ms
[2025.04.14-13.24.24:583][  0]LogPackageLocalizationCache: Processed 27 localized package path(s) for 1 prioritized culture(s) in 0.000492 seconds
[2025.04.14-13.24.24:620][  0]LogInit: Selected Device Profile: [Windows]
[2025.04.14-13.24.24:620][  0]LogInit: Active device profile: [000001E7B8EC1B00][000001E7AB36AB80 49] Windows
[2025.04.14-13.24.24:620][  0]LogInit: Profiles: [000001E7B8EC1B00][000001E7AB36AB80 49] Windows, [000001E7B8E8B200][000001E7ABB02D00 49] WindowsNoEditor, [000001E7B8EC3900][000001E7ABB06E80 49] WindowsServer, [000001E7B8E88A00][000001E7ABB0B000 49] WindowsClient, [000001E7B8EC0B00][000001E7ABB0F180 49] IOS, [000001E7B8E8AA00][000001E7ABAFF2C0 49] iPadAir, [000001E7B8EC3300][000001E7ABB13400 49] iPadAir2, [000001E7B8E31300][000001E7ABB1B640 49] IPadPro, [000001E7B8E31400][000001E7ABB17680 49] iPadAir3, [000001E7B8E89B00][000001E7ABB23800 49] iPadAir4, [000001E7B8E33A00][000001E7ABB27980 49] iPadMini2, [000001E7B8E8A500][000001E7ABB2BB00 49] iPadMini3, [000001E7B8E33F00][000001E7ABB2E100 49] iPadMini4, [000001E7B8E88900][000001E7ABB32280 49] iPadMini5, [000001E7B8E39000][000001E7B7C9A540 49] iPhone6, [000001E7B8E39100][000001E7B7C96580 49] iPodTouch6, [000001E7B8EC3400][000001E7B7CA2840 49] iPhone7, [000001E7B8EC0500][000001E7B7C9E880 49] iPodTouch7, [000001E7B8E38100][000001E7B7CA6A00 49] iPhone5S, [000001E7B8E30700][000001E7B7CAAB80 49] iPhone6Plus, [000001E7B8E3AF00][000001E7B7CAED00 49] iPhone6S, [000001E7B8E31A00][000001E7B7CB2E80 49] iPhone6SPlus, [000001E7B8E38A00][000001E7B7CB7000 49] iPhone7Plus, [000001E7B8E33E00][000001E7B7CBB180 49] iPhoneSE, [000001E7B8EC0200][000001E7B7CBF300 49] iPhone8, [000001E7B8E30600][000001E7B7CC3480 49] iPhone8Plus, [000001E7B8EC2300][000001E7ABB1F5C0 49] iPhoneX, [000001E7B8E33C00][000001E7B7CC7700 49] iPhoneXS, [000001E7B8EC3E00][000001E7B7CCB840 49] iPhoneXSMax, [000001E7B8E33400][000001E7B7CD39C0 49] iPhoneXR, [000001E7B8EC2E00][000001E7B7CD7B40 49] iPhone11, [000001E7B8E32500][000001E7B7CDA140 49] iPhone11Pro, [000001E7B8EC2C00][000001E7B7CDE2C0 49] iPhone11ProMax, [000001E7B8E33B00][000001E7B7CE2440 49] iPhoneSE2, [000001E7B8EC0E00][000001E7B7CE65C0 49] iPhone12Mini, [000001E7B8E32600][000001E7B7CEA740 49] iPhone12, [000001E7B8EC1800][000001E7B7CEE8C0 49] iPhone12Pro, [000001E7B8E31B00][000001E7B7CF2A40 49] iPhone12ProMax, [000001E7B8EC1000][000001E7B7CF6BC0 49] iPadPro105, [000001E7B8E31E00][000001E7B7CFAD40 49] iPadPro129, [000001E7B8EC0400][000001E7B7CFEEC0 49] iPadPro97, [000001E7B8E30F00][000001E7B7D03040 49] iPadPro2_129, [000001E7B8EC0F00][000001E7B7D071C0 49] iPad5, [000001E7B8E33800][000001E7B7D0B340 49] iPad6, [000001E7B8EC3F00][000001E7B7D0F4C0 49] iPad7, [000001E7B8E32F00][000001E7B7D13640 49] iPad8, [000001E7B8EC1900][000001E7B7CCF780 49] iPadPro11, [000001E7B8E30100][000001E7B7D178C0 49] iPadPro2_11, [000001E7B8EC3D00][000001E7B7D1BA00 49] iPadPro3_129, [000001E7B8E30D00][000001E7B7D1FB40 49] iPadPro4_129, [000001E7B8EC0300][000001E7B7D26140 49] AppleTV, [000001E7B8E32A00][000001E7B7D2A2C0 49] AppleTV4K, [000001E7B8EC2D00][000001E7B7D2E440 49] TVOS, [000001E7B8E32300][000001E7B7D325C0 49] Mac, [000001E7B8EC1D00][000001E7B7D36740 49] MacClient, [000001E7B8E32C00][000001E7B7D3A8C0 49] MacNoEditor, [000001E7B8EC0100][000001E7A7F82A40 49] MacServer, [000001E7B8E31200][000001E7A7F86BC0 49] Linux, [000001E7B8EC0D00][000001E7A7F8AD40 49] LinuxAArch64, [000001E7B8E32800][000001E7A7F8EEC0 49] LinuxNoEditor, [000001E7B8EC1C00][000001E7A7F93040 49] LinuxAArch64NoEditor, [000001E7B8E31000][000001E7A7F971C0 49] LinuxClient, [000001E7B8EC2700][000001E7A7F9B340 49] LinuxAArch64Client, [000001E7B8E32900][000001E7A7F9F4C0 49] LinuxServer, [000001E7B8EC3700][000001E7A7FA3640 49] LinuxAArch64Server, [000001E7B8E31700][000001E7A7FA77C0 49] Android, [000001E7B8EC2100][000001E7B7D23900 49] Android_Low, [000001E7B8E30500][000001E7A7FABA40 49] Android_Mid, [000001E7B8EC3600][000001E7A7FAFB80 49] Android_High, [000001E7B8E30C00][000001E7A7FB2140 49] Android_Default, [000001E7B8EC0600][000001E7A7FBA2C0 49] Android_Adreno4xx, [000001E7B8EFC400][000001E7A7FBE440 49] Android_Adreno5xx_Low, [000001E7B8EC1500][000001E7A7FC25C0 49] Android_Adreno5xx, [000001E7B8E89800][000001E7A7FC6740 49] Android_Adreno6xx, [000001E7B8E3AE00][000001E7A7FCA8C0 49] Android_Adreno6xx_Vulkan, [000001E7B8E89400][000001E7B9D50A40 49] Android_Mali_T6xx, [000001E7B8E3B100][000001E7B9D54BC0 49] Android_Mali_T7xx, [000001E7B8E8AF00][000001E7B9D58D40 49] Android_Mali_T8xx, [000001E7B8E39500][000001E7B9D5CEC0 49] Android_Mali_G71, [000001E7B8E8A200][000001E7B9D61040 49] Android_Mali_G72, [000001E7B8E39900][000001E7B9D651C0 49] Android_Mali_G72_Vulkan, [000001E7B8E8AB00][000001E7B9D69340 49] Android_Mali_G76, [000001E7B8E3A900][000001E7B9D6D4C0 49] Android_Mali_G76_Vulkan, [000001E7B8E89200][000001E7B9D71640 49] Android_Mali_G77, [000001E7B8E39700][000001E7B9D757C0 49] Android_Mali_G77_Vulkan, [000001E7B8E88500][000001E7B9D79940 49] Android_Mali_G78, [000001E7B8E3B400][000001E7B9D7DAC0 49] Android_Mali_G78_Vulkan, [000001E7B8E8B700][000001E7A7FB7C00 49] Android_Mali_G710, [000001E7B8E3A100][000001E7B9D801C0 49] Android_Mali_G710_Vulkan, [000001E7B8E8A600][000001E7B9D84300 49] Android_Vulkan_SM5, [000001E7B8E3A400][000001E7B9D8C480 49] Android_PowerVR_G6xxx, [000001E7B8E8B100][000001E7B9D90600 49] Android_PowerVR_GT7xxx, [000001E7B8E38700][000001E7B9D94780 49] Android_PowerVR_GE8xxx, [000001E7B8E89500][000001E7B9D98900 49] Android_PowerVR_GM9xxx, [000001E7B8E38C00][000001E7B9D9CA80 49] Android_PowerVR_GM9xxx_Vulkan, [000001E7B8E88E00][000001E7B9DA0C00 49] Android_TegraK1, [000001E7B8E38500][000001E7B9DA4D80 49] Android_Unknown_Vulkan, [000001E7B8E8A900][000001E7B9DA8F00 49] Lumin, [000001E7B8E3BE00][000001E7B9DAD080 49] Lumin_Desktop, [000001E7B8E8B300][000001E7B9DB1200 49] HoloLens, 
[2025.04.14-13.24.24:648][  0]LogMeshReduction: Using QuadricMeshReduction for automatic static mesh reduction
[2025.04.14-13.24.24:648][  0]LogMeshReduction: Using SimplygonMeshReduction for automatic skeletal mesh reduction
[2025.04.14-13.24.24:648][  0]LogMeshReduction: Using ProxyLODMeshReduction for automatic mesh merging
[2025.04.14-13.24.24:648][  0]LogMeshReduction: No distributed automatic mesh merging module available
[2025.04.14-13.24.24:648][  0]LogMeshMerging: No distributed automatic mesh merging module available
[2025.04.14-13.24.24:717][  0]LogNetVersion: TopDownAC 1.0.0, NetCL: 17155196, EngineNetVer: 17, GameNetVer: 0 (Checksum: 548030664)
[2025.04.14-13.24.24:862][  0]LogTexture: Default maximum texture size for cubemaps generated from long-lat sources has been changed from 512 to unlimited. In order to preserve old behaiour for '/Engine/MapTemplates/Sky/DaylightAmbientCubemap.DaylightAmbientCubemap', its maximum texture size has been explicitly set to 512.
[2025.04.14-13.24.24:896][  0]LogHMD: PokeAHoleMaterial loaded successfully
[2025.04.14-13.24.24:960][  0]LogMoviePlayer: Initializing movie player
[2025.04.14-13.24.25:061][  0]LogNiagaraDebuggerClient: Niagara Debugger Client Initialized | Session: A941FF5146DB9206FE480391136517F7 | Instance: 4B61653E4B346D12B531F7B7F9BD747C (LAPTOP-AN92MERF-13396).
[2025.04.14-13.24.25:074][  0]LogCollectionManager: Loaded 0 collections in 0.000463 seconds
[2025.04.14-13.24.25:076][  0]LogFileCache: Scanning file cache for directory 'D:/Repozytoria/UE 4.27/TopDownAC/Saved/Collections/' took 0.00s
[2025.04.14-13.24.25:076][  0]LogFileCache: Scanning file cache for directory 'D:/Repozytoria/UE 4.27/TopDownAC/Content/Developers/harry/Collections/' took 0.00s
[2025.04.14-13.24.25:076][  0]LogCollectionManager: Fixed up redirectors for 0 collections in 0.000001 seconds (updated 0 objects)
[2025.04.14-13.24.25:088][  0]LogFileCache: Scanning file cache for directory 'D:/Repozytoria/UE 4.27/TopDownAC/Content/Collections/' took 0.00s
[2025.04.14-13.24.25:088][  0]LogPython: Using Python 3.7.7
[2025.04.14-13.24.25:326][  0]LogTcpMessaging: Initializing TcpMessaging bridge
[2025.04.14-13.24.25:328][  0]LogUdpMessaging: Initializing bridge on interface 0.0.0.0:0 to multicast group 230.0.0.1:6666.
[2025.04.14-13.24.25:438][  0]SourceControl: Source control is disabled
[2025.04.14-13.24.25:438][  0]SourceControl: Source control is disabled
[2025.04.14-13.24.25:440][  0]SourceControl: Source control is disabled
[2025.04.14-13.24.25:445][  0]LogUProjectInfo: Found projects:
[2025.04.14-13.24.25:451][  0]LogVSAccessor: Display: Unable to create Visual Studio setup instance: 80040154
[2025.04.14-13.24.25:452][  0]LogVSAccessor: Display: Unable to create Visual Studio setup instance: 80040154
[2025.04.14-13.24.25:453][  0]LogVSAccessor: Display: Unable to create Visual Studio setup instance: 80040154
[2025.04.14-13.24.25:501][  0]LogOpenImageDenoise: OIDN starting up
[2025.04.14-13.24.25:526][  0]LogAudioCaptureCore: Display: No Audio Capture implementations found. Audio input will be silent.
[2025.04.14-13.24.25:526][  0]LogAudioCaptureCore: Display: No Audio Capture implementations found. Audio input will be silent.
[2025.04.14-13.24.25:551][  0]LogAndroidPermission: UAndroidPermissionCallbackProxy::GetInstance
[2025.04.14-13.24.25:571][  0]LogOcInput: OculusInput pre-init called
[2025.04.14-13.24.25:577][  0]LogUObjectArray: 22121 objects as part of root set at end of initial load.
[2025.04.14-13.24.25:577][  0]LogUObjectAllocator: 5975632 out of 0 bytes used by permanent object pool.
[2025.04.14-13.24.25:577][  0]LogUObjectArray: CloseDisregardForGC: 0/0 objects in disregard for GC pool
[2025.04.14-13.24.25:611][  0]LogEngine: Initializing Engine...
[2025.04.14-13.24.25:613][  0]LogHMD: Failed to enumerate extensions. Please check that you have a valid OpenXR runtime installed.
[2025.04.14-13.24.25:613][  0]LogHMD: Failed to initialize OpenVR with code 110
[2025.04.14-13.24.25:613][  0]LogMagicLeap: Warning: VR disabled because ZI is not enabled.  To enable, in the editor, Edit -> Project Settings -> Plugins -> Magic Leap Plugin -> Enable Zero Iteration
[2025.04.14-13.24.25:614][  0]LogStats: UGameplayTagsManager::InitializeManager -  0.000 s
[2025.04.14-13.24.25:674][  0]LogInit: Initializing FReadOnlyCVARCache
[2025.04.14-13.24.25:674][  0]LogAudio: Display: Initializing Audio Device Manager...
[2025.04.14-13.24.25:676][  0]LogAudio: Display: Loading Default Audio Settings Objects...
[2025.04.14-13.24.25:676][  0]LogAudio: Display: No default SoundConcurrencyObject specified (or failed to load).
[2025.04.14-13.24.25:677][  0]LogAudio: Display: Audio Device Manager Initialized
[2025.04.14-13.24.25:677][  0]LogAudio: Display: Creating Audio Device:                 Id: 1, Scope: Shared, Realtime: True
[2025.04.14-13.24.25:677][  0]LogAudioMixer: Display: Audio Mixer Platform Settings:
[2025.04.14-13.24.25:677][  0]LogAudioMixer: Display: 	Sample Rate:						  48000
[2025.04.14-13.24.25:677][  0]LogAudioMixer: Display: 	Callback Buffer Frame Size Requested: 1024
[2025.04.14-13.24.25:677][  0]LogAudioMixer: Display: 	Callback Buffer Frame Size To Use:	  1024
[2025.04.14-13.24.25:677][  0]LogAudioMixer: Display: 	Number of buffers to queue:			  2
[2025.04.14-13.24.25:677][  0]LogAudioMixer: Display: 	Max Channels (voices):				  32
[2025.04.14-13.24.25:677][  0]LogAudioMixer: Display: 	Number of Async Source Workers:		  0
[2025.04.14-13.24.25:677][  0]LogAudio: Display: AudioDevice MaxSources: 32
[2025.04.14-13.24.25:677][  0]LogAudio: Display: Audio Spatialization Plugin: None (built-in).
[2025.04.14-13.24.25:677][  0]LogAudio: Display: Audio Reverb Plugin: None (built-in).
[2025.04.14-13.24.25:677][  0]LogAudio: Display: Audio Occlusion Plugin: None (built-in).
[2025.04.14-13.24.25:677][  0]LogAudioMixer: Display: Initializing audio mixer.
[2025.04.14-13.24.25:684][  0]LogAudioMixer: Display: 0: FrontLeft
[2025.04.14-13.24.25:684][  0]LogAudioMixer: Display: 1: FrontRight
[2025.04.14-13.24.25:696][  0]LogAudioMixer: Display: Using Audio Device Speakers (3 — USB Audio Device)
[2025.04.14-13.24.25:698][  0]LogAudioMixer: Display: Initializing Sound Submixes...
[2025.04.14-13.24.25:699][  0]LogAudioMixer: Display: Creating Master Submix 'MasterSubmixDefault'
[2025.04.14-13.24.25:699][  0]LogAudioMixer: Display: Creating Master Submix 'MasterReverbSubmixDefault'
[2025.04.14-13.24.25:700][  0]LogAudioMixer: Display: Creating Master Submix 'MasterEQSubmixDefault'
[2025.04.14-13.24.25:700][  0]LogAudioMixer: FMixerPlatformXAudio2::StartAudioStream() called
[2025.04.14-13.24.25:700][  0]LogAudioMixer: Display: Output buffers initialized: Frames=1024, Channels=2, Samples=2048
[2025.04.14-13.24.25:701][  0]LogAudioMixer: Display: Starting AudioMixerPlatformInterface::RunInternal()
[2025.04.14-13.24.25:701][  0]LogAudioMixer: Display: FMixerPlatformXAudio2::SubmitBuffer() called for the first time
[2025.04.14-13.24.25:701][  0]LogInit: FAudioDevice initialized.
[2025.04.14-13.24.25:702][  0]LogNetVersion: Set ProjectVersion to 1.0.0.0. Version Checksum will be recalculated on next use.
[2025.04.14-13.24.25:702][  0]LogInit: Texture streaming: Enabled
[2025.04.14-13.24.25:743][  0]LogAudio: Display: Audio Device (ID: 1) registered with world 'Untitled'.
[2025.04.14-13.24.25:743][  0]LogSlate: Updating window title bar state: overlay mode, drag disabled, window buttons hidden, title bar hidden
[2025.04.14-13.24.25:744][  0]LogInit: Display: Game Engine Initialized.
[2025.04.14-13.24.25:744][  0]LogNiagaraEditor: GEditor isn't valid! Particle reset commands will not work for Niagara components!
[2025.04.14-13.24.25:814][  0]LogInit: Display: Starting Game.
[2025.04.14-13.24.25:814][  0]LogNet: Browse: /Game/Levels/Main?Name=Player
[2025.04.14-13.24.25:814][  0]LogLoad: LoadMap: /Game/Levels/Main?Name=Player
[2025.04.14-13.24.25:814][  0]LogWorld: BeginTearingDown for /Temp/Untitled_0
[2025.04.14-13.24.25:816][  0]LogWorld: UWorld::CleanupWorld for Untitled, bSessionEnded=true, bCleanupResources=true
[2025.04.14-13.24.25:816][  0]LogSlate: InvalidateAllWidgets triggered.  All widgets were invalidated
[2025.04.14-13.24.25:819][  0]LogAudio: Display: Audio Device unregistered from world 'None'.
[2025.04.14-13.24.25:821][  0]LogUObjectHash: Compacting FUObjectHashTables data took   0.46ms
[2025.04.14-13.24.25:883][  0]LogAudio: Display: Audio Device (ID: 1) registered with world 'Main'.
[2025.04.14-13.24.25:887][  0]LogAIModule: Creating AISystem for world Main
[2025.04.14-13.24.25:887][  0]LogLoad: Game class is 'BP_GameMode_01_C'
[2025.04.14-13.24.25:889][  0]LogWorld: Bringing World /Game/Levels/Main.Main up for play (max tick rate 0) at 2025.04.14-15.24.25
[2025.04.14-13.24.25:889][  0]LogWorld: Bringing up level for play took: 0.001103
[2025.04.14-13.24.25:891][  0]LogLoad: Took 0.076739 seconds to LoadMap(/Game/Levels/Main)
[2025.04.14-13.24.25:930][  0]LogSlate: Took 0.000146 seconds to synchronously load lazily loaded font '../../../Engine/Content/Slate/Fonts/Roboto-Regular.ttf' (155K)
[2025.04.14-13.24.25:957][  0]LogRenderer: Reallocating scene render targets to support 1280x720 Format 10 NumSamples 1 (Frame:1).
[2025.04.14-13.24.25:957][  0]LogInit: Display: Engine is initialized. Leaving FEngineLoop::Init()
[2025.04.14-13.24.25:957][  0]LogLoad: (Engine Initialization) Total time: 3.36 seconds
[2025.04.14-13.24.25:957][  0]LogLoad: (Engine Initialization) Total Blueprint compile time: 0.00 seconds
[2025.04.14-13.24.25:965][  0]LogContentStreaming: Texture pool size now 1000 MB
[2025.04.14-13.24.25:966][  0]LogSlate: InvalidateAllWidgets triggered.  All widgets were invalidated
[2025.04.14-13.24.26:038][  1]LogSlate: Took 0.000144 seconds to synchronously load lazily loaded font '../../../Engine/Content/Slate/Fonts/Roboto-Regular.ttf' (155K)
