Log file open, 05/21/25 18:45:18
LogWindows: Failed to load 'aqProf.dll' (GetLastError=126)
LogWindows: File 'aqProf.dll' does not exist
LogWindows: Failed to load 'VtuneApi.dll' (GetLastError=126)
LogWindows: File 'VtuneApi.dll' does not exist
LogWindows: Failed to load 'VtuneApi32e.dll' (GetLastError=126)
LogWindows: File 'VtuneApi32e.dll' does not exist
LogConsoleResponse: Display: Failed to find resolution value strings in scalability ini. Falling back to default.
LogConsoleResponse: Display: Failed to find resolution value strings in scalability ini. Falling back to default.
LogInit: Display: Running engine for game: TopDownAC
LogPlatformFile: Not using cached read wrapper
LogTaskGraph: Started task graph with 5 named threads and 59 total threads with 3 sets of task threads.
LogStats: Stats thread started at 0.301454
LogICUInternationalization: ICU TimeZone Detection - Raw Offset: +1:00, Platform Override: ''
LogInit: Display: Loading text-based GConfig....
LogPluginManager: Mounting plugin MeshPainting
LogPluginManager: Mounting plugin XGEController
LogPluginManager: Mounting plugin Paper2D
LogPluginManager: Mounting plugin AISupport
LogPluginManager: Mounting plugin EnvironmentQueryEditor
LogPluginManager: Mounting plugin LiveLink
LogPluginManager: Mounting plugin GameplayCameras
LogPluginManager: Mounting plugin CameraShakePreviewer
LogPluginManager: Mounting plugin OodleData
LogPluginManager: Mounting plugin OodleNetwork
LogPluginManager: Mounting plugin AnimationSharing
LogPluginManager: Mounting plugin CLionSourceCodeAccess
LogPluginManager: Mounting plugin CodeLiteSourceCodeAccess
LogPluginManager: Mounting plugin KDevelopSourceCodeAccess
LogPluginManager: Mounting plugin LightPropagationVolume
LogPluginManager: Mounting plugin NullSourceCodeAccess
LogPluginManager: Mounting plugin GitSourceControl
LogPluginManager: Mounting plugin PerforceSourceControl
LogPluginManager: Mounting plugin PixWinPlugin
LogPluginManager: Mounting plugin PluginUtils
LogPluginManager: Mounting plugin PropertyAccessNode
LogPluginManager: Mounting plugin DatasmithContent
LogPluginManager: Mounting plugin RiderSourceCodeAccess
LogPluginManager: Mounting plugin SubversionSourceControl
LogPluginManager: Mounting plugin PlasticSourceControl
LogPluginManager: Mounting plugin TextureFormatOodle
LogPluginManager: Mounting plugin UObjectPlugin
LogPluginManager: Mounting plugin VisualStudioCodeSourceCodeAccess
LogPluginManager: Mounting plugin VisualStudioSourceCodeAccess
LogPluginManager: Mounting plugin VariantManagerContent
LogPluginManager: Mounting plugin Niagara
LogPluginManager: Mounting plugin AlembicImporter
LogPluginManager: Mounting plugin BackChannel
LogPluginManager: Mounting plugin ChaosCloth
LogPluginManager: Mounting plugin ChaosClothEditor
LogPluginManager: Mounting plugin ChaosEditor
LogPluginManager: Mounting plugin CharacterAI
LogPluginManager: Mounting plugin ChaosNiagara
LogPluginManager: Mounting plugin AutomationUtils
LogPluginManager: Mounting plugin ChaosSolverPlugin
LogPluginManager: Mounting plugin GeometryCache
LogPluginManager: Mounting plugin GeometryProcessing
LogPluginManager: Mounting plugin GeometryCollectionPlugin
LogPluginManager: Mounting plugin XCodeSourceCodeAccess
LogPluginManager: Mounting plugin MotoSynth
LogPluginManager: Mounting plugin PlatformCrypto
LogPluginManager: Mounting plugin PlanarCut
LogPluginManager: Mounting plugin PythonScriptPlugin
LogPluginManager: Mounting plugin OpenImageDenoise
LogPluginManager: Mounting plugin ProxyLODPlugin
LogPluginManager: Mounting plugin SkeletalReduction
LogPluginManager: Mounting plugin MagicLeap
LogPluginManager: Mounting plugin LuminPlatformFeatures
LogPluginManager: Mounting plugin MagicLeapLightEstimation
LogPluginManager: Mounting plugin MagicLeapMedia
LogPluginManager: Mounting plugin MagicLeapPassableWorld
LogPluginManager: Mounting plugin AndroidMedia
LogPluginManager: Mounting plugin AvfMedia
LogPluginManager: Mounting plugin MLSDK
LogPluginManager: Mounting plugin MediaPlayerEditor
LogPluginManager: Mounting plugin WmfMedia
LogPluginManager: Mounting plugin MediaCompositing
LogPluginManager: Mounting plugin WebMMedia
LogPluginManager: Mounting plugin TcpMessaging
LogPluginManager: Mounting plugin UdpMessaging
LogPluginManager: Mounting plugin ActorSequence
LogPluginManager: Mounting plugin ImgMedia
LogPluginManager: Mounting plugin MatineeToLevelSequence
LogPluginManager: Mounting plugin LevelSequenceEditor
LogPluginManager: Mounting plugin AssetManagerEditor
LogPluginManager: Mounting plugin TemplateSequence
LogPluginManager: Mounting plugin CurveEditorTools
LogPluginManager: Mounting plugin CryptoKeys
LogPluginManager: Mounting plugin FacialAnimation
LogPluginManager: Mounting plugin MaterialAnalyzer
LogPluginManager: Mounting plugin GeometryMode
LogPluginManager: Mounting plugin GameplayTagsEditor
LogPluginManager: Mounting plugin MacGraphicsSwitching
LogPluginManager: Mounting plugin MobileLauncherProfileWizard
LogPluginManager: Mounting plugin PluginBrowser
LogPluginManager: Mounting plugin OnlineSubsystem
LogPluginManager: Mounting plugin SpeedTreeImporter
LogPluginManager: Mounting plugin OnlineSubsystemNull
LogPluginManager: Mounting plugin ActorLayerUtilities
LogPluginManager: Mounting plugin OnlineSubsystemUtils
LogPluginManager: Mounting plugin LauncherChunkInstaller
LogPluginManager: Mounting plugin AppleImageUtils
LogPluginManager: Mounting plugin AndroidMoviePlayer
LogPluginManager: Mounting plugin AppleMoviePlayer
LogPluginManager: Mounting plugin AndroidPermission
LogPluginManager: Mounting plugin AndroidDeviceProfileSelector
LogPluginManager: Mounting plugin AssetTags
LogPluginManager: Mounting plugin DataValidation
LogPluginManager: Mounting plugin AudioCapture
LogPluginManager: Mounting plugin ArchVisCharacter
LogPluginManager: Mounting plugin AudioSynesthesia
LogPluginManager: Mounting plugin CableComponent
LogPluginManager: Mounting plugin ChunkDownloader
LogPluginManager: Mounting plugin ExampleDeviceProfileSelector
LogPluginManager: Mounting plugin CustomMeshComponent
LogPluginManager: Mounting plugin EditableMesh
LogPluginManager: Mounting plugin GooglePAD
LogPluginManager: Mounting plugin GoogleCloudMessaging
LogPluginManager: Mounting plugin IOSDeviceProfileSelector
LogPluginManager: Mounting plugin LinuxDeviceProfileSelector
LogPluginManager: Mounting plugin LocationServicesBPLibrary
LogPluginManager: Mounting plugin MobilePatchingUtils
LogPluginManager: Mounting plugin Takes
LogPluginManager: Mounting plugin ScreenshotTools
LogPluginManager: Mounting plugin OpenXREyeTracker
LogPluginManager: Mounting plugin OpenXRHandTracking
LogPluginManager: Mounting plugin PostSplashScreen
LogPluginManager: Mounting plugin PhysXVehicles
LogPluginManager: Mounting plugin OpenXR
LogPluginManager: Mounting plugin ProceduralMeshComponent
LogPluginManager: Mounting plugin PropertyAccessEditor
LogPluginManager: Mounting plugin SoundFields
LogPluginManager: Mounting plugin RuntimePhysXCooking
LogPluginManager: Mounting plugin SignificanceManager
LogPluginManager: Mounting plugin Synthesis
LogPluginManager: Mounting plugin WindowsMoviePlayer
LogPluginManager: Mounting plugin WebMMoviePlayer
LogPluginManager: Mounting plugin OnlineSubsystemGooglePlay
LogPluginManager: Mounting plugin OnlineSubsystemIOS
LogPluginManager: Mounting plugin ContentBrowserAssetDataSource
LogPluginManager: Mounting plugin ContentBrowserClassDataSource
LogPluginManager: Mounting plugin ContentBrowserFileDataSource
LogPluginManager: Mounting plugin OculusVR
LogPluginManager: Mounting plugin SteamVR
PixWinPlugin: PIX capture plugin failed to initialize! Check that the process is launched from PIX.
LogInit: Using libcurl 7.55.1-DEV
LogInit:  - built for x86_64-pc-win32
LogInit:  - supports SSL with OpenSSL/1.1.1
LogInit:  - supports HTTP deflate (compression) using libz 1.2.8
LogInit:  - other features:
LogInit:      CURL_VERSION_SSL
LogInit:      CURL_VERSION_LIBZ
LogInit:      CURL_VERSION_IPV6
LogInit:      CURL_VERSION_ASYNCHDNS
LogInit:      CURL_VERSION_LARGEFILE
LogInit:      CURL_VERSION_IDN
LogInit:  CurlRequestOptions (configurable via config and command line):
LogInit:  - bVerifyPeer = true  - Libcurl will verify peer certificate
LogInit:  - bUseHttpProxy = false  - Libcurl will NOT use HTTP proxy
LogInit:  - bDontReuseConnections = false  - Libcurl will reuse connections
LogInit:  - MaxHostConnections = 16  - Libcurl will limit the number of connections to a host
LogInit:  - LocalHostAddr = Default
LogInit:  - BufferSize = 65536
LogOnline: OSS: Creating online subsystem instance for: NULL
LogInit: WinSock: version 1.1 (2.2), MaxSocks=32767, MaxUdp=65467
LogOnline: OSS: TryLoadSubsystemAndSetDefault: Loaded subsystem for module [NULL]
LogOculusPluginWrapper: OculusPlugin initialized successfully
LogHMD: Failed initializing OVRPlugin 1.59.0
LogInit: Build: ++UE4+Release-4.27-CL-18319896
LogInit: Engine Version: 4.27.2-18319896+++UE4+Release-4.27
LogInit: Compatible Engine Version: 4.27.0-17155196+++UE4+Release-4.27
LogInit: Net CL: 17155196
LogInit: OS: Windows 10 (Release 2009) (), CPU: 13th Gen Intel(R) Core(TM) i7-13650HX, GPU: Intel(R) UHD Graphics
LogInit: Compiled (64-bit): Nov 30 2021 07:12:08
LogInit: Compiled with Visual C++: 19.24.28315.00
LogInit: Build Configuration: Development
LogInit: Branch Name: ++UE4+Release-4.27
LogInit: Command Line: 
LogInit: Base Directory: D:/Epic Games/UE_4.27/Engine/Binaries/Win64/
LogInit: Allocator: TBB
LogInit: Installed Engine Build: 1
LogDevObjectVersion: Number of dev versions registered: 29
LogDevObjectVersion:   Dev-Blueprints (B0D832E4-1F89-4F0D-ACCF-7EB736FD4AA2): 10
LogDevObjectVersion:   Dev-Build (E1C64328-A22C-4D53-A36C-8E866417BD8C): 0
LogDevObjectVersion:   Dev-Core (375EC13C-06E4-48FB-B500-84F0262A717E): 4
LogDevObjectVersion:   Dev-Editor (E4B068ED-F494-42E9-A231-DA0B2E46BB41): 40
LogDevObjectVersion:   Dev-Framework (CFFC743F-43B0-4480-9391-14DF171D2073): 37
LogDevObjectVersion:   Dev-Mobile (B02B49B5-BB20-44E9-A304-32B752E40360): 3
LogDevObjectVersion:   Dev-Networking (A4E4105C-59A1-49B5-A7C5-40C4547EDFEE): 0
LogDevObjectVersion:   Dev-Online (39C831C9-5AE6-47DC-9A44-9C173E1C8E7C): 0
LogDevObjectVersion:   Dev-Physics (78F01B33-EBEA-4F98-B9B4-84EACCB95AA2): 14
LogDevObjectVersion:   Dev-Platform (6631380F-2D4D-43E0-8009-CF276956A95A): 0
LogDevObjectVersion:   Dev-Rendering (12F88B9F-8875-4AFC-A67C-D90C383ABD29): 45
LogDevObjectVersion:   Dev-Sequencer (7B5AE74C-D270-4C10-A958-57980B212A5A): 13
LogDevObjectVersion:   Dev-VR (D7296918-1DD6-4BDD-9DE2-64A83CC13884): 3
LogDevObjectVersion:   Dev-LoadTimes (C2A15278-BFE7-4AFE-6C17-90FF531DF755): 1
LogDevObjectVersion:   Private-Geometry (6EACA3D4-40EC-4CC1-B786-8BED09428FC5): 3
LogDevObjectVersion:   Dev-AnimPhys (29E575DD-E0A3-4627-9D10-D276232CDCEA): 17
LogDevObjectVersion:   Dev-Anim (AF43A65D-7FD3-4947-9873-3E8ED9C1BB05): 15
LogDevObjectVersion:   Dev-ReflectionCapture (6B266CEC-1EC7-4B8F-A30B-E4D90942FC07): 1
LogDevObjectVersion:   Dev-Automation (0DF73D61-A23F-47EA-B727-89E90C41499A): 1
LogDevObjectVersion:   FortniteMain (601D1886-AC64-4F84-AA16-D3DE0DEAC7D6): 47
LogDevObjectVersion:   FortniteRelease (E7086368-6B23-4C58-8439-1B7016265E91): 1
LogDevObjectVersion:   Dev-Enterprise (9DFFBCD6-494F-0158-E221-12823C92A888): 10
LogDevObjectVersion:   Dev-Niagara (F2AED0AC-9AFE-416F-8664-AA7FFA26D6FC): 1
LogDevObjectVersion:   Dev-Destruction (174F1F0B-B4C6-45A5-B13F-2EE8D0FB917D): 10
LogDevObjectVersion:   Dev-Physics-Ext (35F94A83-E258-406C-A318-09F59610247C): 41
LogDevObjectVersion:   Dev-PhysicsMaterial-Chaos (B68FC16E-8B1B-42E2-B453-215C058844FE): 1
LogDevObjectVersion:   Dev-CineCamera (B2E18506-4273-CFC2-A54E-F4BB758BBA07): 1
LogDevObjectVersion:   Dev-VirtualProduction (64F58936-FD1B-42BA-BA96-7289D5D0FA4E): 1
LogDevObjectVersion:   Dev-MediaFramework (6F0ED827-A609-4895-9C91-998D90180EA4): 2
LogInit: Presizing for max 25165824 objects, including 0 objects not considered by GC, pre-allocating 0 bytes for permanent pool.
LogConfig: Applying CVar settings from Section [/Script/Engine.StreamingSettings] File [D:/Repozytoria/UE 4.27/KZ_TopDownShooter/TopDownAC/Saved/Config/Windows/Engine.ini]
LogConfig: Setting CVar [[s.MinBulkDataSizeForAsyncLoading:131072]]
LogConfig: Setting CVar [[s.AsyncLoadingThreadEnabled:0]]
LogConfig: Setting CVar [[s.EventDrivenLoaderEnabled:1]]
LogConfig: Setting CVar [[s.WarnIfTimeLimitExceeded:0]]
LogConfig: Setting CVar [[s.TimeLimitExceededMultiplier:1.5]]
LogConfig: Setting CVar [[s.TimeLimitExceededMinTime:0.005]]
LogConfig: Setting CVar [[s.UseBackgroundLevelStreaming:1]]
LogConfig: Setting CVar [[s.PriorityAsyncLoadingExtraTime:15.0]]
LogConfig: Setting CVar [[s.LevelStreamingActorsUpdateTimeLimit:5.0]]
LogConfig: Setting CVar [[s.PriorityLevelStreamingActorsUpdateExtraTime:5.0]]
LogConfig: Setting CVar [[s.LevelStreamingComponentsRegistrationGranularity:10]]
LogConfig: Setting CVar [[s.UnregisterComponentsTimeLimit:1.0]]
LogConfig: Setting CVar [[s.LevelStreamingComponentsUnregistrationGranularity:5]]
LogConfig: Setting CVar [[s.FlushStreamingOnExit:1]]
LogInit: Object subsystem initialized
LogConfig: Setting CVar [[con.DebugEarlyDefault:1]]
LogConfig: Setting CVar [[r.setres:1280x720]]
[2025.05.21-16.45.18:477][  0]LogConfig: Setting CVar [[r.VSync:0]]
[2025.05.21-16.45.18:477][  0]LogConfig: Setting CVar [[r.RHICmdBypass:0]]
[2025.05.21-16.45.18:477][  0]LogConfig: Applying CVar settings from Section [/Script/Engine.RendererSettings] File [D:/Repozytoria/UE 4.27/KZ_TopDownShooter/TopDownAC/Saved/Config/Windows/Engine.ini]
[2025.05.21-16.45.18:477][  0]LogConfig: Setting CVar [[r.GPUCrashDebugging:0]]
[2025.05.21-16.45.18:477][  0]LogConfig: Applying CVar settings from Section [/Script/Engine.RendererOverrideSettings] File [D:/Repozytoria/UE 4.27/KZ_TopDownShooter/TopDownAC/Saved/Config/Windows/Engine.ini]
[2025.05.21-16.45.18:477][  0]LogConfig: Applying CVar settings from Section [/Script/Engine.StreamingSettings] File [D:/Repozytoria/UE 4.27/KZ_TopDownShooter/TopDownAC/Saved/Config/Windows/Engine.ini]
[2025.05.21-16.45.18:477][  0]LogConfig: Setting CVar [[s.MinBulkDataSizeForAsyncLoading:131072]]
[2025.05.21-16.45.18:477][  0]LogConfig: Setting CVar [[s.AsyncLoadingThreadEnabled:0]]
[2025.05.21-16.45.18:477][  0]LogConfig: Setting CVar [[s.EventDrivenLoaderEnabled:1]]
[2025.05.21-16.45.18:477][  0]LogConfig: Setting CVar [[s.WarnIfTimeLimitExceeded:0]]
[2025.05.21-16.45.18:477][  0]LogConfig: Setting CVar [[s.TimeLimitExceededMultiplier:1.5]]
[2025.05.21-16.45.18:477][  0]LogConfig: Setting CVar [[s.TimeLimitExceededMinTime:0.005]]
[2025.05.21-16.45.18:477][  0]LogConfig: Setting CVar [[s.UseBackgroundLevelStreaming:1]]
[2025.05.21-16.45.18:477][  0]LogConfig: Setting CVar [[s.PriorityAsyncLoadingExtraTime:15.0]]
[2025.05.21-16.45.18:477][  0]LogConfig: Setting CVar [[s.LevelStreamingActorsUpdateTimeLimit:5.0]]
[2025.05.21-16.45.18:477][  0]LogConfig: Setting CVar [[s.PriorityLevelStreamingActorsUpdateExtraTime:5.0]]
[2025.05.21-16.45.18:477][  0]LogConfig: Setting CVar [[s.LevelStreamingComponentsRegistrationGranularity:10]]
[2025.05.21-16.45.18:477][  0]LogConfig: Setting CVar [[s.UnregisterComponentsTimeLimit:1.0]]
[2025.05.21-16.45.18:477][  0]LogConfig: Setting CVar [[s.LevelStreamingComponentsUnregistrationGranularity:5]]
[2025.05.21-16.45.18:477][  0]LogConfig: Setting CVar [[s.FlushStreamingOnExit:1]]
[2025.05.21-16.45.18:477][  0]LogConfig: Applying CVar settings from Section [/Script/Engine.GarbageCollectionSettings] File [D:/Repozytoria/UE 4.27/KZ_TopDownShooter/TopDownAC/Saved/Config/Windows/Engine.ini]
[2025.05.21-16.45.18:477][  0]LogConfig: Setting CVar [[gc.MaxObjectsNotConsideredByGC:1]]
[2025.05.21-16.45.18:477][  0]LogConfig: Setting CVar [[gc.SizeOfPermanentObjectPool:0]]
[2025.05.21-16.45.18:477][  0]LogConfig: Setting CVar [[gc.FlushStreamingOnGC:0]]
[2025.05.21-16.45.18:477][  0]LogConfig: Setting CVar [[gc.NumRetriesBeforeForcingGC:10]]
[2025.05.21-16.45.18:477][  0]LogConfig: Setting CVar [[gc.AllowParallelGC:1]]
[2025.05.21-16.45.18:477][  0]LogConfig: Setting CVar [[gc.TimeBetweenPurgingPendingKillObjects:61.1]]
[2025.05.21-16.45.18:477][  0]LogConfig: Setting CVar [[gc.MaxObjectsInEditor:25165824]]
[2025.05.21-16.45.18:477][  0]LogConfig: Setting CVar [[gc.IncrementalBeginDestroyEnabled:1]]
[2025.05.21-16.45.18:477][  0]LogConfig: Setting CVar [[gc.CreateGCClusters:1]]
[2025.05.21-16.45.18:477][  0]LogConfig: Setting CVar [[gc.MinGCClusterSize:5]]
[2025.05.21-16.45.18:477][  0]LogConfig: Setting CVar [[gc.ActorClusteringEnabled:0]]
[2025.05.21-16.45.18:477][  0]LogConfig: Setting CVar [[gc.BlueprintClusteringEnabled:0]]
[2025.05.21-16.45.18:477][  0]LogConfig: Setting CVar [[gc.UseDisregardForGCOnDedicatedServers:0]]
[2025.05.21-16.45.18:477][  0]LogConfig: Setting CVar [[gc.MultithreadedDestructionEnabled:1]]
[2025.05.21-16.45.18:477][  0]LogConfig: Applying CVar settings from Section [/Script/Engine.NetworkSettings] File [D:/Repozytoria/UE 4.27/KZ_TopDownShooter/TopDownAC/Saved/Config/Windows/Engine.ini]
[2025.05.21-16.45.18:477][  0]LogConfig: Applying CVar settings from Section [/Script/UnrealEd.CookerSettings] File [D:/Repozytoria/UE 4.27/KZ_TopDownShooter/TopDownAC/Saved/Config/Windows/Engine.ini]
[2025.05.21-16.45.18:495][  0]LogConfig: Applying CVar settings from Section [ViewDistanceQuality@3] File [D:/Repozytoria/UE 4.27/KZ_TopDownShooter/TopDownAC/Saved/Config/Windows/Scalability.ini]
[2025.05.21-16.45.18:495][  0]LogConfig: Setting CVar [[r.SkeletalMeshLODBias:0]]
[2025.05.21-16.45.18:495][  0]LogConfig: Setting CVar [[r.ViewDistanceScale:1.0]]
[2025.05.21-16.45.18:495][  0]LogConfig: Applying CVar settings from Section [AntiAliasingQuality@3] File [D:/Repozytoria/UE 4.27/KZ_TopDownShooter/TopDownAC/Saved/Config/Windows/Scalability.ini]
[2025.05.21-16.45.18:495][  0]LogConfig: Setting CVar [[r.PostProcessAAQuality:4]]
[2025.05.21-16.45.18:495][  0]LogConfig: Applying CVar settings from Section [ShadowQuality@3] File [D:/Repozytoria/UE 4.27/KZ_TopDownShooter/TopDownAC/Saved/Config/Windows/Scalability.ini]
[2025.05.21-16.45.18:495][  0]LogConfig: Setting CVar [[r.LightFunctionQuality:1]]
[2025.05.21-16.45.18:495][  0]LogConfig: Setting CVar [[r.ShadowQuality:5]]
[2025.05.21-16.45.18:495][  0]LogConfig: Setting CVar [[r.Shadow.CSM.MaxCascades:10]]
[2025.05.21-16.45.18:495][  0]LogConfig: Setting CVar [[r.Shadow.MaxResolution:2048]]
[2025.05.21-16.45.18:495][  0]LogConfig: Setting CVar [[r.Shadow.MaxCSMResolution:2048]]
[2025.05.21-16.45.18:495][  0]LogConfig: Setting CVar [[r.Shadow.RadiusThreshold:0.01]]
[2025.05.21-16.45.18:495][  0]LogConfig: Setting CVar [[r.Shadow.DistanceScale:1.0]]
[2025.05.21-16.45.18:495][  0]LogConfig: Setting CVar [[r.Shadow.CSM.TransitionScale:1.0]]
[2025.05.21-16.45.18:495][  0]LogConfig: Setting CVar [[r.Shadow.PreShadowResolutionFactor:1.0]]
[2025.05.21-16.45.18:495][  0]LogConfig: Setting CVar [[r.DistanceFieldShadowing:1]]
[2025.05.21-16.45.18:495][  0]LogConfig: Setting CVar [[r.DistanceFieldAO:1]]
[2025.05.21-16.45.18:495][  0]LogConfig: Setting CVar [[r.AOQuality:2]]
[2025.05.21-16.45.18:495][  0]LogConfig: Setting CVar [[r.VolumetricFog:1]]
[2025.05.21-16.45.18:495][  0]LogConfig: Setting CVar [[r.VolumetricFog.GridPixelSize:8]]
[2025.05.21-16.45.18:495][  0]LogConfig: Setting CVar [[r.VolumetricFog.GridSizeZ:128]]
[2025.05.21-16.45.18:495][  0]LogConfig: Setting CVar [[r.VolumetricFog.HistoryMissSupersampleCount:4]]
[2025.05.21-16.45.18:495][  0]LogConfig: Setting CVar [[r.LightMaxDrawDistanceScale:1]]
[2025.05.21-16.45.18:495][  0]LogConfig: Setting CVar [[r.CapsuleShadows:1]]
[2025.05.21-16.45.18:495][  0]LogConfig: Applying CVar settings from Section [PostProcessQuality@3] File [D:/Repozytoria/UE 4.27/KZ_TopDownShooter/TopDownAC/Saved/Config/Windows/Scalability.ini]
[2025.05.21-16.45.18:495][  0]LogConfig: Setting CVar [[r.MotionBlurQuality:4]]
[2025.05.21-16.45.18:495][  0]LogConfig: Setting CVar [[r.AmbientOcclusionMipLevelFactor:0.4]]
[2025.05.21-16.45.18:495][  0]LogConfig: Setting CVar [[r.AmbientOcclusionMaxQuality:100]]
[2025.05.21-16.45.18:495][  0]LogConfig: Setting CVar [[r.AmbientOcclusionLevels:-1]]
[2025.05.21-16.45.18:495][  0]LogConfig: Setting CVar [[r.AmbientOcclusionRadiusScale:1.0]]
[2025.05.21-16.45.18:495][  0]LogConfig: Setting CVar [[r.DepthOfFieldQuality:2]]
[2025.05.21-16.45.18:495][  0]LogConfig: Setting CVar [[r.RenderTargetPoolMin:400]]
[2025.05.21-16.45.18:495][  0]LogConfig: Setting CVar [[r.LensFlareQuality:2]]
[2025.05.21-16.45.18:495][  0]LogConfig: Setting CVar [[r.SceneColorFringeQuality:1]]
[2025.05.21-16.45.18:495][  0]LogConfig: Setting CVar [[r.EyeAdaptationQuality:2]]
[2025.05.21-16.45.18:495][  0]LogConfig: Setting CVar [[r.BloomQuality:5]]
[2025.05.21-16.45.18:495][  0]LogConfig: Setting CVar [[r.FastBlurThreshold:100]]
[2025.05.21-16.45.18:495][  0]LogConfig: Setting CVar [[r.Upscale.Quality:3]]
[2025.05.21-16.45.18:495][  0]LogConfig: Setting CVar [[r.Tonemapper.GrainQuantization:1]]
[2025.05.21-16.45.18:495][  0]LogConfig: Setting CVar [[r.LightShaftQuality:1]]
[2025.05.21-16.45.18:495][  0]LogConfig: Setting CVar [[r.Filter.SizeScale:1]]
[2025.05.21-16.45.18:495][  0]LogConfig: Setting CVar [[r.Tonemapper.Quality:5]]
[2025.05.21-16.45.18:495][  0]LogConfig: Setting CVar [[r.DOF.Gather.AccumulatorQuality:1        ; higher gathering accumulator quality]]
[2025.05.21-16.45.18:495][  0]LogConfig: Setting CVar [[r.DOF.Gather.PostfilterMethod:1          ; Median3x3 postfilering method]]
[2025.05.21-16.45.18:495][  0]LogConfig: Setting CVar [[r.DOF.Gather.EnableBokehSettings:0       ; no bokeh simulation when gathering]]
[2025.05.21-16.45.18:495][  0]LogConfig: Setting CVar [[r.DOF.Gather.RingCount:4                 ; medium number of samples when gathering]]
[2025.05.21-16.45.18:495][  0]LogConfig: Setting CVar [[r.DOF.Scatter.ForegroundCompositing:1    ; additive foreground scattering]]
[2025.05.21-16.45.18:495][  0]LogConfig: Setting CVar [[r.DOF.Scatter.BackgroundCompositing:2    ; additive background scattering]]
[2025.05.21-16.45.18:495][  0]LogConfig: Setting CVar [[r.DOF.Scatter.EnableBokehSettings:1      ; bokeh simulation when scattering]]
[2025.05.21-16.45.18:495][  0]LogConfig: Setting CVar [[r.DOF.Scatter.MaxSpriteRatio:0.1         ; only a maximum of 10% of scattered bokeh]]
[2025.05.21-16.45.18:495][  0]LogConfig: Setting CVar [[r.DOF.Recombine.Quality:1                ; cheap slight out of focus]]
[2025.05.21-16.45.18:495][  0]LogConfig: Setting CVar [[r.DOF.Recombine.EnableBokehSettings:0    ; no bokeh simulation on slight out of focus]]
[2025.05.21-16.45.18:495][  0]LogConfig: Setting CVar [[r.DOF.TemporalAAQuality:1                ; more stable temporal accumulation]]
[2025.05.21-16.45.18:495][  0]LogConfig: Setting CVar [[r.DOF.Kernel.MaxForegroundRadius:0.025]]
[2025.05.21-16.45.18:495][  0]LogConfig: Setting CVar [[r.DOF.Kernel.MaxBackgroundRadius:0.025]]
[2025.05.21-16.45.18:495][  0]LogConfig: Applying CVar settings from Section [TextureQuality@3] File [D:/Repozytoria/UE 4.27/KZ_TopDownShooter/TopDownAC/Saved/Config/Windows/Scalability.ini]
[2025.05.21-16.45.18:495][  0]LogConfig: Setting CVar [[r.Streaming.MipBias:0]]
[2025.05.21-16.45.18:495][  0]LogConfig: Setting CVar [[r.Streaming.AmortizeCPUToGPUCopy:0]]
[2025.05.21-16.45.18:495][  0]LogConfig: Setting CVar [[r.Streaming.MaxNumTexturesToStreamPerFrame:0]]
[2025.05.21-16.45.18:495][  0]LogConfig: Setting CVar [[r.Streaming.Boost:1]]
[2025.05.21-16.45.18:495][  0]LogConfig: Setting CVar [[r.MaxAnisotropy:8]]
[2025.05.21-16.45.18:495][  0]LogConfig: Setting CVar [[r.VT.MaxAnisotropy:8]]
[2025.05.21-16.45.18:495][  0]LogConfig: Setting CVar [[r.Streaming.LimitPoolSizeToVRAM:0]]
[2025.05.21-16.45.18:495][  0]LogConfig: Setting CVar [[r.Streaming.PoolSize:1000]]
[2025.05.21-16.45.18:495][  0]LogConfig: Setting CVar [[r.Streaming.MaxEffectiveScreenSize:0]]
[2025.05.21-16.45.18:495][  0]LogConfig: Applying CVar settings from Section [EffectsQuality@3] File [D:/Repozytoria/UE 4.27/KZ_TopDownShooter/TopDownAC/Saved/Config/Windows/Scalability.ini]
[2025.05.21-16.45.18:495][  0]LogConfig: Setting CVar [[r.TranslucencyLightingVolumeDim:64]]
[2025.05.21-16.45.18:495][  0]LogConfig: Setting CVar [[r.RefractionQuality:2]]
[2025.05.21-16.45.18:495][  0]LogConfig: Setting CVar [[r.SSR.Quality:3]]
[2025.05.21-16.45.18:495][  0]LogConfig: Setting CVar [[r.SSR.HalfResSceneColor:0]]
[2025.05.21-16.45.18:495][  0]LogConfig: Setting CVar [[r.SceneColorFormat:4]]
[2025.05.21-16.45.18:495][  0]LogConfig: Setting CVar [[r.DetailMode:2]]
[2025.05.21-16.45.18:495][  0]LogConfig: Setting CVar [[r.TranslucencyVolumeBlur:1]]
[2025.05.21-16.45.18:495][  0]LogConfig: Setting CVar [[r.MaterialQualityLevel:1 ; High quality]]
[2025.05.21-16.45.18:495][  0]LogConfig: Setting CVar [[r.AnisotropicMaterials:1]]
[2025.05.21-16.45.18:495][  0]LogConfig: Setting CVar [[r.SSS.Scale:1]]
[2025.05.21-16.45.18:495][  0]LogConfig: Setting CVar [[r.SSS.SampleSet:2]]
[2025.05.21-16.45.18:495][  0]LogConfig: Setting CVar [[r.SSS.Quality:1]]
[2025.05.21-16.45.18:495][  0]LogConfig: Setting CVar [[r.SSS.HalfRes:0]]
[2025.05.21-16.45.18:496][  0]LogConfig: Setting CVar [[r.SSGI.Quality:3]]
[2025.05.21-16.45.18:496][  0]LogConfig: Setting CVar [[r.EmitterSpawnRateScale:1.0]]
[2025.05.21-16.45.18:496][  0]LogConfig: Setting CVar [[r.ParticleLightQuality:2]]
[2025.05.21-16.45.18:496][  0]LogConfig: Setting CVar [[r.SkyAtmosphere.AerialPerspectiveLUT.FastApplyOnOpaque:1 ; Always have FastSkyLUT 1 in this case to avoid wrong sky]]
[2025.05.21-16.45.18:496][  0]LogConfig: Setting CVar [[r.SkyAtmosphere.AerialPerspectiveLUT.SampleCountMaxPerSlice:4]]
[2025.05.21-16.45.18:496][  0]LogConfig: Setting CVar [[r.SkyAtmosphere.AerialPerspectiveLUT.DepthResolution:16.0]]
[2025.05.21-16.45.18:496][  0]LogConfig: Setting CVar [[r.SkyAtmosphere.FastSkyLUT:1]]
[2025.05.21-16.45.18:496][  0]LogConfig: Setting CVar [[r.SkyAtmosphere.FastSkyLUT.SampleCountMin:4.0]]
[2025.05.21-16.45.18:496][  0]LogConfig: Setting CVar [[r.SkyAtmosphere.FastSkyLUT.SampleCountMax:128.0]]
[2025.05.21-16.45.18:496][  0]LogConfig: Setting CVar [[r.SkyAtmosphere.SampleCountMin:4.0]]
[2025.05.21-16.45.18:496][  0]LogConfig: Setting CVar [[r.SkyAtmosphere.SampleCountMax:128.0]]
[2025.05.21-16.45.18:496][  0]LogConfig: Setting CVar [[r.SkyAtmosphere.TransmittanceLUT.UseSmallFormat:0]]
[2025.05.21-16.45.18:496][  0]LogConfig: Setting CVar [[r.SkyAtmosphere.TransmittanceLUT.SampleCount:10.0]]
[2025.05.21-16.45.18:496][  0]LogConfig: Setting CVar [[r.SkyAtmosphere.MultiScatteringLUT.SampleCount:15.0]]
[2025.05.21-16.45.18:496][  0]LogConfig: Setting CVar [[r.SkyLight.RealTimeReflectionCapture:1]]
[2025.05.21-16.45.18:496][  0]LogConfig: Applying CVar settings from Section [FoliageQuality@3] File [D:/Repozytoria/UE 4.27/KZ_TopDownShooter/TopDownAC/Saved/Config/Windows/Scalability.ini]
[2025.05.21-16.45.18:496][  0]LogConfig: Setting CVar [[foliage.DensityScale:1.0]]
[2025.05.21-16.45.18:496][  0]LogConfig: Setting CVar [[grass.DensityScale:1.0]]
[2025.05.21-16.45.18:496][  0]LogConfig: Applying CVar settings from Section [ShadingQuality@3] File [D:/Repozytoria/UE 4.27/KZ_TopDownShooter/TopDownAC/Saved/Config/Windows/Scalability.ini]
[2025.05.21-16.45.18:496][  0]LogConfig: Setting CVar [[r.HairStrands.SkyLighting.IntegrationType:2]]
[2025.05.21-16.45.18:496][  0]LogConfig: Setting CVar [[r.HairStrands.SkyAO.SampleCount:4]]
[2025.05.21-16.45.18:496][  0]LogConfig: Setting CVar [[r.HairStrands.Visibility.MSAA.SamplePerPixel:4]]
[2025.05.21-16.45.18:496][  0]LogInit: Selected Device Profile: [Windows]
[2025.05.21-16.45.18:496][  0]LogInit: Applying CVar settings loaded from the selected device profile: [Windows]
[2025.05.21-16.45.18:496][  0]LogHAL: Display: Platform has ~ 32 GB [34007195648 / 34359738368 / 32], which maps to Largest [LargestMinGB=32, LargerMinGB=12, DefaultMinGB=8, SmallerMinGB=6, SmallestMinGB=0)
[2025.05.21-16.45.18:496][  0]LogInit: Going up to parent DeviceProfile []
[2025.05.21-16.45.18:496][  0]LogConfig: Applying CVar settings from Section [ViewDistanceQuality@3] File [D:/Repozytoria/UE 4.27/KZ_TopDownShooter/TopDownAC/Saved/Config/Windows/Scalability.ini]
[2025.05.21-16.45.18:496][  0]LogConfig: Setting CVar [[r.SkeletalMeshLODBias:0]]
[2025.05.21-16.45.18:496][  0]LogConfig: Setting CVar [[r.ViewDistanceScale:1.0]]
[2025.05.21-16.45.18:496][  0]LogConfig: Applying CVar settings from Section [AntiAliasingQuality@3] File [D:/Repozytoria/UE 4.27/KZ_TopDownShooter/TopDownAC/Saved/Config/Windows/Scalability.ini]
[2025.05.21-16.45.18:496][  0]LogConfig: Setting CVar [[r.PostProcessAAQuality:4]]
[2025.05.21-16.45.18:496][  0]LogConfig: Applying CVar settings from Section [ShadowQuality@3] File [D:/Repozytoria/UE 4.27/KZ_TopDownShooter/TopDownAC/Saved/Config/Windows/Scalability.ini]
[2025.05.21-16.45.18:496][  0]LogConfig: Setting CVar [[r.LightFunctionQuality:1]]
[2025.05.21-16.45.18:496][  0]LogConfig: Setting CVar [[r.ShadowQuality:5]]
[2025.05.21-16.45.18:496][  0]LogConfig: Setting CVar [[r.Shadow.CSM.MaxCascades:10]]
[2025.05.21-16.45.18:496][  0]LogConfig: Setting CVar [[r.Shadow.MaxResolution:2048]]
[2025.05.21-16.45.18:496][  0]LogConfig: Setting CVar [[r.Shadow.MaxCSMResolution:2048]]
[2025.05.21-16.45.18:496][  0]LogConfig: Setting CVar [[r.Shadow.RadiusThreshold:0.01]]
[2025.05.21-16.45.18:496][  0]LogConfig: Setting CVar [[r.Shadow.DistanceScale:1.0]]
[2025.05.21-16.45.18:496][  0]LogConfig: Setting CVar [[r.Shadow.CSM.TransitionScale:1.0]]
[2025.05.21-16.45.18:496][  0]LogConfig: Setting CVar [[r.Shadow.PreShadowResolutionFactor:1.0]]
[2025.05.21-16.45.18:496][  0]LogConfig: Setting CVar [[r.DistanceFieldShadowing:1]]
[2025.05.21-16.45.18:496][  0]LogConfig: Setting CVar [[r.DistanceFieldAO:1]]
[2025.05.21-16.45.18:496][  0]LogConfig: Setting CVar [[r.AOQuality:2]]
[2025.05.21-16.45.18:496][  0]LogConfig: Setting CVar [[r.VolumetricFog:1]]
[2025.05.21-16.45.18:496][  0]LogConfig: Setting CVar [[r.VolumetricFog.GridPixelSize:8]]
[2025.05.21-16.45.18:496][  0]LogConfig: Setting CVar [[r.VolumetricFog.GridSizeZ:128]]
[2025.05.21-16.45.18:496][  0]LogConfig: Setting CVar [[r.VolumetricFog.HistoryMissSupersampleCount:4]]
[2025.05.21-16.45.18:496][  0]LogConfig: Setting CVar [[r.LightMaxDrawDistanceScale:1]]
[2025.05.21-16.45.18:496][  0]LogConfig: Setting CVar [[r.CapsuleShadows:1]]
[2025.05.21-16.45.18:496][  0]LogConfig: Applying CVar settings from Section [PostProcessQuality@3] File [D:/Repozytoria/UE 4.27/KZ_TopDownShooter/TopDownAC/Saved/Config/Windows/Scalability.ini]
[2025.05.21-16.45.18:496][  0]LogConfig: Setting CVar [[r.MotionBlurQuality:4]]
[2025.05.21-16.45.18:496][  0]LogConfig: Setting CVar [[r.AmbientOcclusionMipLevelFactor:0.4]]
[2025.05.21-16.45.18:496][  0]LogConfig: Setting CVar [[r.AmbientOcclusionMaxQuality:100]]
[2025.05.21-16.45.18:496][  0]LogConfig: Setting CVar [[r.AmbientOcclusionLevels:-1]]
[2025.05.21-16.45.18:496][  0]LogConfig: Setting CVar [[r.AmbientOcclusionRadiusScale:1.0]]
[2025.05.21-16.45.18:496][  0]LogConfig: Setting CVar [[r.DepthOfFieldQuality:2]]
[2025.05.21-16.45.18:496][  0]LogConfig: Setting CVar [[r.RenderTargetPoolMin:400]]
[2025.05.21-16.45.18:496][  0]LogConfig: Setting CVar [[r.LensFlareQuality:2]]
[2025.05.21-16.45.18:496][  0]LogConfig: Setting CVar [[r.SceneColorFringeQuality:1]]
[2025.05.21-16.45.18:496][  0]LogConfig: Setting CVar [[r.EyeAdaptationQuality:2]]
[2025.05.21-16.45.18:496][  0]LogConfig: Setting CVar [[r.BloomQuality:5]]
[2025.05.21-16.45.18:496][  0]LogConfig: Setting CVar [[r.FastBlurThreshold:100]]
[2025.05.21-16.45.18:496][  0]LogConfig: Setting CVar [[r.Upscale.Quality:3]]
[2025.05.21-16.45.18:496][  0]LogConfig: Setting CVar [[r.Tonemapper.GrainQuantization:1]]
[2025.05.21-16.45.18:496][  0]LogConfig: Setting CVar [[r.LightShaftQuality:1]]
[2025.05.21-16.45.18:496][  0]LogConfig: Setting CVar [[r.Filter.SizeScale:1]]
[2025.05.21-16.45.18:496][  0]LogConfig: Setting CVar [[r.Tonemapper.Quality:5]]
[2025.05.21-16.45.18:496][  0]LogConfig: Setting CVar [[r.DOF.Gather.AccumulatorQuality:1        ; higher gathering accumulator quality]]
[2025.05.21-16.45.18:496][  0]LogConfig: Setting CVar [[r.DOF.Gather.PostfilterMethod:1          ; Median3x3 postfilering method]]
[2025.05.21-16.45.18:496][  0]LogConfig: Setting CVar [[r.DOF.Gather.EnableBokehSettings:0       ; no bokeh simulation when gathering]]
[2025.05.21-16.45.18:496][  0]LogConfig: Setting CVar [[r.DOF.Gather.RingCount:4                 ; medium number of samples when gathering]]
[2025.05.21-16.45.18:496][  0]LogConfig: Setting CVar [[r.DOF.Scatter.ForegroundCompositing:1    ; additive foreground scattering]]
[2025.05.21-16.45.18:496][  0]LogConfig: Setting CVar [[r.DOF.Scatter.BackgroundCompositing:2    ; additive background scattering]]
[2025.05.21-16.45.18:496][  0]LogConfig: Setting CVar [[r.DOF.Scatter.EnableBokehSettings:1      ; bokeh simulation when scattering]]
[2025.05.21-16.45.18:496][  0]LogConfig: Setting CVar [[r.DOF.Scatter.MaxSpriteRatio:0.1         ; only a maximum of 10% of scattered bokeh]]
[2025.05.21-16.45.18:496][  0]LogConfig: Setting CVar [[r.DOF.Recombine.Quality:1                ; cheap slight out of focus]]
[2025.05.21-16.45.18:496][  0]LogConfig: Setting CVar [[r.DOF.Recombine.EnableBokehSettings:0    ; no bokeh simulation on slight out of focus]]
[2025.05.21-16.45.18:496][  0]LogConfig: Setting CVar [[r.DOF.TemporalAAQuality:1                ; more stable temporal accumulation]]
[2025.05.21-16.45.18:496][  0]LogConfig: Setting CVar [[r.DOF.Kernel.MaxForegroundRadius:0.025]]
[2025.05.21-16.45.18:496][  0]LogConfig: Setting CVar [[r.DOF.Kernel.MaxBackgroundRadius:0.025]]
[2025.05.21-16.45.18:496][  0]LogConfig: Applying CVar settings from Section [TextureQuality@3] File [D:/Repozytoria/UE 4.27/KZ_TopDownShooter/TopDownAC/Saved/Config/Windows/Scalability.ini]
[2025.05.21-16.45.18:496][  0]LogConfig: Setting CVar [[r.Streaming.MipBias:0]]
[2025.05.21-16.45.18:496][  0]LogConfig: Setting CVar [[r.Streaming.AmortizeCPUToGPUCopy:0]]
[2025.05.21-16.45.18:496][  0]LogConfig: Setting CVar [[r.Streaming.MaxNumTexturesToStreamPerFrame:0]]
[2025.05.21-16.45.18:496][  0]LogConfig: Setting CVar [[r.Streaming.Boost:1]]
[2025.05.21-16.45.18:496][  0]LogConfig: Setting CVar [[r.MaxAnisotropy:8]]
[2025.05.21-16.45.18:496][  0]LogConfig: Setting CVar [[r.VT.MaxAnisotropy:8]]
[2025.05.21-16.45.18:496][  0]LogConfig: Setting CVar [[r.Streaming.LimitPoolSizeToVRAM:0]]
[2025.05.21-16.45.18:496][  0]LogConfig: Setting CVar [[r.Streaming.PoolSize:1000]]
[2025.05.21-16.45.18:496][  0]LogConfig: Setting CVar [[r.Streaming.MaxEffectiveScreenSize:0]]
[2025.05.21-16.45.18:496][  0]LogConfig: Applying CVar settings from Section [EffectsQuality@3] File [D:/Repozytoria/UE 4.27/KZ_TopDownShooter/TopDownAC/Saved/Config/Windows/Scalability.ini]
[2025.05.21-16.45.18:496][  0]LogConfig: Setting CVar [[r.TranslucencyLightingVolumeDim:64]]
[2025.05.21-16.45.18:496][  0]LogConfig: Setting CVar [[r.RefractionQuality:2]]
[2025.05.21-16.45.18:496][  0]LogConfig: Setting CVar [[r.SSR.Quality:3]]
[2025.05.21-16.45.18:496][  0]LogConfig: Setting CVar [[r.SSR.HalfResSceneColor:0]]
[2025.05.21-16.45.18:496][  0]LogConfig: Setting CVar [[r.SceneColorFormat:4]]
[2025.05.21-16.45.18:496][  0]LogConfig: Setting CVar [[r.DetailMode:2]]
[2025.05.21-16.45.18:496][  0]LogConfig: Setting CVar [[r.TranslucencyVolumeBlur:1]]
[2025.05.21-16.45.18:496][  0]LogConfig: Setting CVar [[r.MaterialQualityLevel:1 ; High quality]]
[2025.05.21-16.45.18:496][  0]LogConfig: Setting CVar [[r.AnisotropicMaterials:1]]
[2025.05.21-16.45.18:496][  0]LogConfig: Setting CVar [[r.SSS.Scale:1]]
[2025.05.21-16.45.18:496][  0]LogConfig: Setting CVar [[r.SSS.SampleSet:2]]
[2025.05.21-16.45.18:496][  0]LogConfig: Setting CVar [[r.SSS.Quality:1]]
[2025.05.21-16.45.18:496][  0]LogConfig: Setting CVar [[r.SSS.HalfRes:0]]
[2025.05.21-16.45.18:496][  0]LogConfig: Setting CVar [[r.SSGI.Quality:3]]
[2025.05.21-16.45.18:496][  0]LogConfig: Setting CVar [[r.EmitterSpawnRateScale:1.0]]
[2025.05.21-16.45.18:496][  0]LogConfig: Setting CVar [[r.ParticleLightQuality:2]]
[2025.05.21-16.45.18:496][  0]LogConfig: Setting CVar [[r.SkyAtmosphere.AerialPerspectiveLUT.FastApplyOnOpaque:1 ; Always have FastSkyLUT 1 in this case to avoid wrong sky]]
[2025.05.21-16.45.18:496][  0]LogConfig: Setting CVar [[r.SkyAtmosphere.AerialPerspectiveLUT.SampleCountMaxPerSlice:4]]
[2025.05.21-16.45.18:496][  0]LogConfig: Setting CVar [[r.SkyAtmosphere.AerialPerspectiveLUT.DepthResolution:16.0]]
[2025.05.21-16.45.18:496][  0]LogConfig: Setting CVar [[r.SkyAtmosphere.FastSkyLUT:1]]
[2025.05.21-16.45.18:496][  0]LogConfig: Setting CVar [[r.SkyAtmosphere.FastSkyLUT.SampleCountMin:4.0]]
[2025.05.21-16.45.18:496][  0]LogConfig: Setting CVar [[r.SkyAtmosphere.FastSkyLUT.SampleCountMax:128.0]]
[2025.05.21-16.45.18:496][  0]LogConfig: Setting CVar [[r.SkyAtmosphere.SampleCountMin:4.0]]
[2025.05.21-16.45.18:497][  0]LogConfig: Setting CVar [[r.SkyAtmosphere.SampleCountMax:128.0]]
[2025.05.21-16.45.18:497][  0]LogConfig: Setting CVar [[r.SkyAtmosphere.TransmittanceLUT.UseSmallFormat:0]]
[2025.05.21-16.45.18:497][  0]LogConfig: Setting CVar [[r.SkyAtmosphere.TransmittanceLUT.SampleCount:10.0]]
[2025.05.21-16.45.18:497][  0]LogConfig: Setting CVar [[r.SkyAtmosphere.MultiScatteringLUT.SampleCount:15.0]]
[2025.05.21-16.45.18:497][  0]LogConfig: Setting CVar [[r.SkyLight.RealTimeReflectionCapture:1]]
[2025.05.21-16.45.18:497][  0]LogConfig: Applying CVar settings from Section [FoliageQuality@3] File [D:/Repozytoria/UE 4.27/KZ_TopDownShooter/TopDownAC/Saved/Config/Windows/Scalability.ini]
[2025.05.21-16.45.18:497][  0]LogConfig: Setting CVar [[foliage.DensityScale:1.0]]
[2025.05.21-16.45.18:497][  0]LogConfig: Setting CVar [[grass.DensityScale:1.0]]
[2025.05.21-16.45.18:497][  0]LogConfig: Applying CVar settings from Section [ShadingQuality@3] File [D:/Repozytoria/UE 4.27/KZ_TopDownShooter/TopDownAC/Saved/Config/Windows/Scalability.ini]
[2025.05.21-16.45.18:497][  0]LogConfig: Setting CVar [[r.HairStrands.SkyLighting.IntegrationType:2]]
[2025.05.21-16.45.18:497][  0]LogConfig: Setting CVar [[r.HairStrands.SkyAO.SampleCount:4]]
[2025.05.21-16.45.18:497][  0]LogConfig: Setting CVar [[r.HairStrands.Visibility.MSAA.SamplePerPixel:4]]
[2025.05.21-16.45.18:497][  0]LogConfig: Applying CVar settings from Section [Startup] File [../../../Engine/Config/ConsoleVariables.ini]
[2025.05.21-16.45.18:497][  0]LogConfig: Setting CVar [[net.UseAdaptiveNetUpdateFrequency:0]]
[2025.05.21-16.45.18:497][  0]LogConfig: Setting CVar [[p.chaos.AllowCreatePhysxBodies:1]]
[2025.05.21-16.45.18:497][  0]LogConfig: Setting CVar [[fx.SkipVectorVMBackendOptimizations:1]]
[2025.05.21-16.45.18:497][  0]LogConfig: Applying CVar settings from Section [ConsoleVariables] File [D:/Repozytoria/UE 4.27/KZ_TopDownShooter/TopDownAC/Saved/Config/Windows/Engine.ini]
[2025.05.21-16.45.18:497][  0]LogConfig: Applying CVar settings from Section [ConsoleVariables] File [D:/Repozytoria/UE 4.27/KZ_TopDownShooter/TopDownAC/Saved/Config/Windows/Editor.ini]
[2025.05.21-16.45.18:497][  0]LogInit: Computer: LAPTOP-AN92MERF
[2025.05.21-16.45.18:497][  0]LogInit: User: harry
[2025.05.21-16.45.18:497][  0]LogInit: CPU Page size=4096, Cores=14
[2025.05.21-16.45.18:497][  0]LogInit: High frequency timer resolution =10.000000 MHz
[2025.05.21-16.45.18:497][  0]LogMemory: Memory total: Physical=31.7GB (32GB approx)
[2025.05.21-16.45.18:497][  0]LogMemory: Platform Memory Stats for Windows
[2025.05.21-16.45.18:497][  0]LogMemory: Process Physical Memory: 154.14 MB used, 154.14 MB peak
[2025.05.21-16.45.18:497][  0]LogMemory: Process Virtual Memory: 135.07 MB used, 135.07 MB peak
[2025.05.21-16.45.18:497][  0]LogMemory: Physical Memory: 12356.03 MB used,  20075.76 MB free, 32431.79 MB total
[2025.05.21-16.45.18:497][  0]LogMemory: Virtual Memory: 134197160.00 MB used,  20566.14 MB free, 134217728.00 MB total
[2025.05.21-16.45.18:506][  0]LogWindows: WindowsPlatformFeatures enabled
[2025.05.21-16.45.18:545][  0]LogInit: Physics initialised using underlying interface: PhysX
[2025.05.21-16.45.18:546][  0]LogInit: Using OS detected language (pl-PL).
[2025.05.21-16.45.18:546][  0]LogInit: Using OS detected locale (pl-PL).
[2025.05.21-16.45.18:547][  0]LogTextLocalizationManager: No specific localization for 'pl-PL' exists, so the 'pl' localization will be used.
[2025.05.21-16.45.18:547][  0]LogTextLocalizationResource: LocRes '../../../Engine/Content/Localization/Editor/pl/Editor.locres' could not be opened for reading!
[2025.05.21-16.45.18:547][  0]LogTextLocalizationResource: LocRes '../../../Engine/Content/Localization/EditorTutorials/pl/EditorTutorials.locres' could not be opened for reading!
[2025.05.21-16.45.18:547][  0]LogTextLocalizationResource: LocRes '../../../Engine/Content/Localization/Keywords/pl/Keywords.locres' could not be opened for reading!
[2025.05.21-16.45.18:547][  0]LogTextLocalizationResource: LocRes '../../../Engine/Content/Localization/Category/pl/Category.locres' could not be opened for reading!
[2025.05.21-16.45.18:547][  0]LogTextLocalizationResource: LocRes '../../../Engine/Content/Localization/ToolTips/pl/ToolTips.locres' could not be opened for reading!
[2025.05.21-16.45.18:547][  0]LogTextLocalizationResource: LocRes '../../../Engine/Content/Localization/PropertyNames/pl/PropertyNames.locres' could not be opened for reading!
[2025.05.21-16.45.18:547][  0]LogTextLocalizationResource: LocRes '../../../Engine/Content/Localization/Engine/pl/Engine.locres' could not be opened for reading!
[2025.05.21-16.45.18:547][  0]LogInit: Setting process to per monitor DPI aware
[2025.05.21-16.45.18:570][  0]LogWindowsTextInputMethodSystem: Display: IME system deactivated.
[2025.05.21-16.45.18:588][  0]LogSlate: New Slate User Created.  User Index 0, Is Virtual User: 0
[2025.05.21-16.45.18:588][  0]LogSlate: Slate User Registered.  User Index 0, Is Virtual User: 0
[2025.05.21-16.45.18:671][  0]LogD3D11RHI: Loaded GFSDK_Aftermath_Lib.x64.dll
[2025.05.21-16.45.18:715][  0]LogHMD: Failed to initialize OpenVR with code 110
[2025.05.21-16.45.18:715][  0]LogD3D11RHI: D3D11 min allowed feature level: 11_0
[2025.05.21-16.45.18:715][  0]LogD3D11RHI: D3D11 max allowed feature level: 11_0
[2025.05.21-16.45.18:715][  0]LogD3D11RHI: D3D11 adapters:
[2025.05.21-16.45.19:495][  0]LogD3D11RHI:    0. 'NVIDIA GeForce RTX 4060 Laptop GPU' (Feature Level 11_0)
[2025.05.21-16.45.19:495][  0]LogD3D11RHI:       7972/0/16215 MB DedicatedVideo/DedicatedSystem/SharedSystem, Outputs:1, VendorId:0x10de
[2025.05.21-16.45.19:535][  0]LogD3D11RHI:    1. 'Intel(R) UHD Graphics' (Feature Level 11_0)
[2025.05.21-16.45.19:535][  0]LogD3D11RHI:       128/0/16215 MB DedicatedVideo/DedicatedSystem/SharedSystem, Outputs:0, VendorId:0x8086
[2025.05.21-16.45.19:540][  0]LogD3D11RHI:    2. 'Microsoft Basic Render Driver' (Feature Level 11_0)
[2025.05.21-16.45.19:540][  0]LogD3D11RHI:       0/0/16215 MB DedicatedVideo/DedicatedSystem/SharedSystem, Outputs:0, VendorId:0x1414
[2025.05.21-16.45.19:540][  0]LogD3D11RHI: Chosen D3D11 Adapter:
[2025.05.21-16.45.19:540][  0]LogD3D11RHI:     Description : NVIDIA GeForce RTX 4060 Laptop GPU
[2025.05.21-16.45.19:540][  0]LogD3D11RHI:     VendorId    : 10de
[2025.05.21-16.45.19:540][  0]LogD3D11RHI:     DeviceId    : 28e0
[2025.05.21-16.45.19:540][  0]LogD3D11RHI:     SubSysId    : 96011458
[2025.05.21-16.45.19:540][  0]LogD3D11RHI:     Revision    : 00a1
[2025.05.21-16.45.19:540][  0]LogD3D11RHI:     DedicatedVideoMemory : 8359247872 bytes
[2025.05.21-16.45.19:540][  0]LogD3D11RHI:     DedicatedSystemMemory : 0 bytes
[2025.05.21-16.45.19:540][  0]LogD3D11RHI:     SharedSystemMemory : 17003597824 bytes
[2025.05.21-16.45.19:540][  0]LogD3D11RHI:     AdapterLuid : 0 85882
[2025.05.21-16.45.19:550][  0]LogD3D11RHI: Creating new Direct3DDevice
[2025.05.21-16.45.19:550][  0]LogD3D11RHI:     GPU DeviceId: 0x28e0 (for the marketing name, search the web for "GPU Device Id")
[2025.05.21-16.45.19:550][  0]LogWindows: EnumDisplayDevices:
[2025.05.21-16.45.19:551][  0]LogWindows:    0. 'Intel(R) UHD Graphics' (P:1 D:1)
[2025.05.21-16.45.19:551][  0]LogWindows:    1. 'Intel(R) UHD Graphics' (P:0 D:0)
[2025.05.21-16.45.19:551][  0]LogWindows:    2. 'Intel(R) UHD Graphics' (P:0 D:0)
[2025.05.21-16.45.19:551][  0]LogWindows:    3. 'Intel(R) UHD Graphics' (P:0 D:0)
[2025.05.21-16.45.19:552][  0]LogWindows:    4. 'NVIDIA GeForce RTX 4060 Laptop GPU' (P:0 D:0)
[2025.05.21-16.45.19:552][  0]LogWindows:    5. 'NVIDIA GeForce RTX 4060 Laptop GPU' (P:0 D:0)
[2025.05.21-16.45.19:552][  0]LogWindows:    6. 'NVIDIA GeForce RTX 4060 Laptop GPU' (P:0 D:0)
[2025.05.21-16.45.19:552][  0]LogWindows:    7. 'NVIDIA GeForce RTX 4060 Laptop GPU' (P:0 D:0)
[2025.05.21-16.45.19:552][  0]LogWindows: DebugString: PrimaryIsNotTheChoosenAdapter PrimaryIsNotTheChoosenAdapter PrimaryIsNotTheChoosenAdapter PrimaryIsNotTheChoosenAdapter FoundDriverCount:4 
[2025.05.21-16.45.19:552][  0]LogD3D11RHI:     Adapter Name: NVIDIA GeForce RTX 4060 Laptop GPU
[2025.05.21-16.45.19:552][  0]LogD3D11RHI:   Driver Version: 546.46 (internal:31.0.15.4646, unified:546.46)
[2025.05.21-16.45.19:552][  0]LogD3D11RHI:      Driver Date: 12-14-2023
[2025.05.21-16.45.19:552][  0]LogRHI: Texture pool is 5580 MB (70% of 7972 MB)
[2025.05.21-16.45.19:553][  0]LogD3D11RHI: Creating D3DDevice using adapter:
[2025.05.21-16.45.19:553][  0]LogD3D11RHI:     Description : NVIDIA GeForce RTX 4060 Laptop GPU
[2025.05.21-16.45.19:553][  0]LogD3D11RHI:     VendorId    : 10de
[2025.05.21-16.45.19:553][  0]LogD3D11RHI:     DeviceId    : 28e0
[2025.05.21-16.45.19:553][  0]LogD3D11RHI:     SubSysId    : 96011458
[2025.05.21-16.45.19:553][  0]LogD3D11RHI:     Revision    : 00a1
[2025.05.21-16.45.19:553][  0]LogD3D11RHI:     DedicatedVideoMemory : 8359247872 bytes
[2025.05.21-16.45.19:553][  0]LogD3D11RHI:     DedicatedSystemMemory : 0 bytes
[2025.05.21-16.45.19:553][  0]LogD3D11RHI:     SharedSystemMemory : 17003597824 bytes
[2025.05.21-16.45.19:553][  0]LogD3D11RHI:     AdapterLuid : 0 85882
[2025.05.21-16.45.19:660][  0]LogD3D11RHI: RHI has support for 64 bit atomics
[2025.05.21-16.45.19:660][  0]LogD3D11RHI: Async texture creation enabled
[2025.05.21-16.45.19:660][  0]LogD3D11RHI: Array index from any shader is supported
[2025.05.21-16.45.19:685][  0]LogD3D11RHI: GPU Timing Frequency: 1000.000000 (Debug: 2 2)
[2025.05.21-16.45.19:725][  0]LogRHI: GeForceNow SDK initialized: 1
[2025.05.21-16.45.19:996][  0]LogTargetPlatformManager: Display: Loaded TargetPlatform 'AllDesktop'
[2025.05.21-16.45.20:007][  0]LogTargetPlatformManager: Display: Loaded TargetPlatform 'Android'
[2025.05.21-16.45.20:007][  0]LogTargetPlatformManager: Display: Loaded TargetPlatform 'Android_ASTC'
[2025.05.21-16.45.20:007][  0]LogTargetPlatformManager: Display: Loaded TargetPlatform 'Android_DXT'
[2025.05.21-16.45.20:007][  0]LogTargetPlatformManager: Display: Loaded TargetPlatform 'Android_ETC2'
[2025.05.21-16.45.20:007][  0]LogTargetPlatformManager: Display: Loaded TargetPlatform 'AndroidClient'
[2025.05.21-16.45.20:007][  0]LogTargetPlatformManager: Display: Loaded TargetPlatform 'Android_ASTCClient'
[2025.05.21-16.45.20:007][  0]LogTargetPlatformManager: Display: Loaded TargetPlatform 'Android_DXTClient'
[2025.05.21-16.45.20:007][  0]LogTargetPlatformManager: Display: Loaded TargetPlatform 'Android_ETC2Client'
[2025.05.21-16.45.20:007][  0]LogTargetPlatformManager: Display: Loaded TargetPlatform 'Android_Multi'
[2025.05.21-16.45.20:007][  0]LogTargetPlatformManager: Display: Loaded TargetPlatform 'Android_MultiClient'
[2025.05.21-16.45.20:020][  0]LogTargetPlatformManager: Display: Loaded TargetPlatform 'IOSClient'
[2025.05.21-16.45.20:020][  0]LogTargetPlatformManager: Display: Loaded TargetPlatform 'IOS'
[2025.05.21-16.45.20:025][  0]LogTargetPlatformManager: Display: Loaded TargetPlatform 'Linux'
[2025.05.21-16.45.20:027][  0]LogTargetPlatformManager: Display: Loaded TargetPlatform 'LinuxNoEditor'
[2025.05.21-16.45.20:031][  0]LogTargetPlatformManager: Display: Loaded TargetPlatform 'LinuxClient'
[2025.05.21-16.45.20:035][  0]LogTargetPlatformManager: Display: Loaded TargetPlatform 'LinuxServer'
[2025.05.21-16.45.20:040][  0]LogTargetPlatformManager: Display: Loaded TargetPlatform 'LinuxAArch64NoEditor'
[2025.05.21-16.45.20:044][  0]LogTargetPlatformManager: Display: Loaded TargetPlatform 'LinuxAArch64Client'
[2025.05.21-16.45.20:046][  0]LogTargetPlatformManager: Display: Loaded TargetPlatform 'LinuxAArch64Server'
[2025.05.21-16.45.20:059][  0]LogTargetPlatformManager: Display: Loaded TargetPlatform 'Lumin'
[2025.05.21-16.45.20:059][  0]LogTargetPlatformManager: Display: Loaded TargetPlatform 'LuminClient'
[2025.05.21-16.45.20:064][  0]LogTargetPlatformManager: Display: Loaded TargetPlatform 'MacNoEditor'
[2025.05.21-16.45.20:067][  0]LogTargetPlatformManager: Display: Loaded TargetPlatform 'Mac'
[2025.05.21-16.45.20:070][  0]LogTargetPlatformManager: Display: Loaded TargetPlatform 'MacClient'
[2025.05.21-16.45.20:073][  0]LogTargetPlatformManager: Display: Loaded TargetPlatform 'MacServer'
[2025.05.21-16.45.20:079][  0]LogTargetPlatformManager: Display: Loaded TargetPlatform 'TVOSClient'
[2025.05.21-16.45.20:079][  0]LogTargetPlatformManager: Display: Loaded TargetPlatform 'TVOS'
[2025.05.21-16.45.20:086][  0]LogTargetPlatformManager: Display: Loaded TargetPlatform 'WindowsNoEditor'
[2025.05.21-16.45.20:090][  0]LogTargetPlatformManager: Display: Loaded TargetPlatform 'Windows'
[2025.05.21-16.45.20:096][  0]LogTargetPlatformManager: Display: Loaded TargetPlatform 'WindowsClient'
[2025.05.21-16.45.20:101][  0]LogTargetPlatformManager: Display: Loaded TargetPlatform 'WindowsServer'
[2025.05.21-16.45.20:101][  0]LogTargetPlatformManager: Display: Building Assets For Windows
[2025.05.21-16.45.20:109][  0]LogAudioDebug: Display: Lib vorbis DLL was dynamically loaded.
[2025.05.21-16.45.20:133][  0]LogTextureFormatOodle: Display: Oodle Texture 2.9.0 init RDO Off
[2025.05.21-16.45.20:177][  0]LogRendererCore: Ray tracing is disabled. Reason: r.RayTracing=0.
[2025.05.21-16.45.20:177][  0]LogShaderCompilers: Guid format shader working directory is -17 characters bigger than the processId version (../../../../../Repozytoria/UE 4.27/KZ_TopDownShooter/TopDownAC/Intermediate/Shaders/WorkingDirectory/25780/).
[2025.05.21-16.45.20:177][  0]LogShaderCompilers: Cleaned the shader compiler working directory 'C:/Users/harry/AppData/Local/Temp/UnrealShaderWorkingDir/9918EA5D4A2107C87B2982A905DCBDCE/'.
[2025.05.21-16.45.20:177][  0]LogXGEController: Cannot use XGE Controller as Incredibuild is not installed on this machine.
[2025.05.21-16.45.20:177][  0]LogShaderCompilers: Cannot use XGE Shader Compiler as Incredibuild is not installed on this machine.
[2025.05.21-16.45.20:177][  0]LogShaderCompilers: Display: Using Local Shader Compiler.
[2025.05.21-16.45.20:891][  0]LogDerivedDataCache: Display: Max Cache Size: 512 MB
[2025.05.21-16.45.20:944][  0]LogDerivedDataCache: Loaded boot cache 0.05s 94MB C:/Users/harry/AppData/Local/UnrealEngine/4.27/DerivedDataCache/Boot.ddc.
[2025.05.21-16.45.20:944][  0]LogDerivedDataCache: Display: Loaded Boot cache: C:/Users/harry/AppData/Local/UnrealEngine/4.27/DerivedDataCache/Boot.ddc
[2025.05.21-16.45.20:944][  0]LogDerivedDataCache: FDerivedDataBackendGraph:  Pak pak cache file ../../../../../Repozytoria/UE 4.27/KZ_TopDownShooter/TopDownAC/DerivedDataCache/DDC.ddp not found, will not use a pak cache.
[2025.05.21-16.45.20:944][  0]LogDerivedDataCache: Unable to find inner node Pak for hierarchical cache Hierarchy.
[2025.05.21-16.45.20:944][  0]LogDerivedDataCache: FDerivedDataBackendGraph:  CompressedPak pak cache file ../../../../../Repozytoria/UE 4.27/KZ_TopDownShooter/TopDownAC/DerivedDataCache/Compressed.ddp not found, will not use a pak cache.
[2025.05.21-16.45.20:944][  0]LogDerivedDataCache: Unable to find inner node CompressedPak for hierarchical cache Hierarchy.
[2025.05.21-16.45.20:956][  0]LogDerivedDataCache: Display: Pak cache opened for reading ../../../Engine/DerivedDataCache/Compressed.ddp.
[2025.05.21-16.45.20:956][  0]LogDerivedDataCache: FDerivedDataBackendGraph:  EnterprisePak pak cache file ../../../Enterprise/DerivedDataCache/Compressed.ddp not found, will not use a pak cache.
[2025.05.21-16.45.20:956][  0]LogDerivedDataCache: Unable to find inner node EnterprisePak for hierarchical cache Hierarchy.
[2025.05.21-16.45.20:962][  0]LogDerivedDataCache: Speed tests for C:/Users/harry/AppData/Local/UnrealEngine/Common/DerivedDataCache took 0.01 seconds
[2025.05.21-16.45.20:962][  0]LogDerivedDataCache: Display: Performance to C:/Users/harry/AppData/Local/UnrealEngine/Common/DerivedDataCache: Latency=0.02ms. RandomReadSpeed=1963.85MBs, RandomWriteSpeed=177.98MBs. Assigned SpeedClass 'Local'
[2025.05.21-16.45.20:963][  0]LogDerivedDataCache: Using Local data cache path C:/Users/harry/AppData/Local/UnrealEngine/Common/DerivedDataCache: Writable
[2025.05.21-16.45.20:963][  0]LogDerivedDataCache: Shared data cache path not found in *engine.ini, will not use an Shared cache.
[2025.05.21-16.45.20:963][  0]LogDerivedDataCache: Unable to find inner node Shared for hierarchical cache Hierarchy.
[2025.05.21-16.45.20:992][  0]LogSlate: Using FreeType 2.10.0
[2025.05.21-16.45.20:992][  0]LogSlate: SlateFontServices - WITH_FREETYPE: 1, WITH_HARFBUZZ: 1
[2025.05.21-16.45.21:016][  0]LogAssetRegistry: FAssetRegistry took 0.0024 seconds to start up
[2025.05.21-16.45.21:180][  0]LogInit: Selected Device Profile: [Windows]
[2025.05.21-16.45.21:180][  0]LogInit: Active device profile: [000002A130950700][000002A12EAF1B80 49] Windows
[2025.05.21-16.45.21:180][  0]LogInit: Profiles: [000002A130950700][000002A12EAF1B80 49] Windows, [000002A130907700][000002A12EAFC180 49] WindowsNoEditor, [000002A130953300][000002A12EB70300 49] WindowsServer, [000002A130904F00][000002A12EBFA480 49] WindowsClient, [000002A130953500][000002A12EC26600 49] IOS, [000002A13079FF00][000002A12EAF4740 49] iPadAir, [000002A130907B00][000002A12EC72880 49] iPadAir2, [000002A1315C8500][000002A128C52AC0 49] IPadPro, [000002A1315C8600][000002A128C46B00 49] iPadAir3, [000002A13079C100][000002A12EEB0C80 49] iPadAir4, [000002A1315CAC00][000002A12EEB4E00 49] iPadMini2, [000002A13079E500][000002A12EEDEF80 49] iPadMini3, [000002A1315CB400][000002A12EEE3100 49] iPadMini4, [000002A13079CF00][000002A128C57280 49] iPadMini5, [000002A1315B3E00][000002A125977540 49] iPhone6, [000002A1315B3F00][000002A128C9B580 49] iPodTouch6, [000002A130953900][000002A1259C3840 49] iPhone7, [000002A130952100][000002A125985880 49] iPodTouch7, [000002A1315B0400][000002A1259C7A00 49] iPhone5S, [000002A1315CBD00][000002A1259CBB80 49] iPhone6Plus, [000002A130953400][000002A1259CE180 49] iPhone6S, [000002A1315CA000][000002A1259D2300 49] iPhone6SPlus, [000002A130950900][000002A1259D6480 49] iPhone7Plus, [000002A1315C8E00][000002A128C42600 49] iPhoneSE, [000002A130950200][000002A1259DA780 49] iPhone8, [000002A1315CA400][000002A1259DE900 49] iPhone8Plus, [000002A130951E00][000002A12EEACA40 49] iPhoneX, [000002A1315CBE00][000002A12E3D0B80 49] iPhoneXS, [000002A130951600][000002A12E3D4CC0 49] iPhoneXSMax, [000002A1315CA500][000002A12E3E0E40 49] iPhoneXR, [000002A130952A00][000002A12EB58FC0 49] iPhone11, [000002A1315CBA00][000002A12EB69140 49] iPhone11Pro, [000002A130950F00][000002A12EB6D2C0 49] iPhone11ProMax, [000002A1315CA300][000002A12EBF1440 49] iPhoneSE2, [000002A130952700][000002A12EBF55C0 49] iPhone12Mini, [000002A1315C8700][000002A12ED91740 49] iPhone12, [000002A130953100][000002A12ED958C0 49] iPhone12Pro, [000002A1315CB500][000002A12ED99A40 49] iPhone12ProMax, [000002A130950800][000002A12EDA7BC0 49] iPadPro105, [000002A1315C9C00][000002A12EDAA1C0 49] iPadPro129, [000002A130950300][000002A12EDAE340 49] iPadPro97, [000002A1315C9D00][000002A12EDB24C0 49] iPadPro2_129, [000002A130950C00][000002A12EDB6640 49] iPad5, [000002A1315CB000][000002A12EDBA7C0 49] iPad6, [000002A130952C00][000002A12EDBE940 49] iPad7, [000002A1315CAE00][000002A12EDC2AC0 49] iPad8, [000002A130951800][000002A12E3D8C00 49] iPadPro11, [000002A1315C9B00][000002A12EDE2D40 49] iPadPro2_11, [000002A130951500][000002A12EB2CE80 49] iPadPro3_129, [000002A1315CA700][000002A12EB30FC0 49] iPadPro4_129, [000002A130950100][000002A12EB39140 49] AppleTV, [000002A1315CAB00][000002A12EB3D2C0 49] AppleTV4K, [000002A130951B00][000002A12EB41440 49] TVOS, [000002A1315C8900][000002A12EB495C0 49] Mac, [000002A130951700][000002A12EB4D740 49] MacClient, [000002A1315CAF00][000002A12EB518C0 49] MacNoEditor, [000002A130950D00][000002A128BA9A40 49] MacServer, [000002A1315C8300][000002A128BADBC0 49] Linux, [000002A130952E00][000002A128BB01C0 49] LinuxAArch64, [000002A1315C9500][000002A128BB4340 49] LinuxNoEditor, [000002A130952400][000002A12EB7C4C0 49] LinuxAArch64NoEditor, [000002A1315C8200][000002A12EB80640 49] LinuxClient, [000002A130952D00][000002A12EB847C0 49] LinuxAArch64Client, [000002A1315C8C00][000002A12EB94940 49] LinuxServer, [000002A130950400][000002A12EB98AC0 49] LinuxAArch64Server, [000002A1315C9000][000002A12E3C6C40 49] Android, [000002A13079F900][000002A12EB34D80 49] Android_Low, [000002A1315B1B00][000002A12EADAEC0 49] Android_Mid, [000002A13079F000][000002A12EB45000 49] Android_High, [000002A1315B2300][000002A12E3CB140 49] Android_Default, [000002A13079E000][000002A1290B12C0 49] Android_Adreno4xx, [000002A1315B0100][000002A1290B5440 49] Android_Adreno5xx_Low, [000002A13079CB00][000002A1259BD5C0 49] Android_Adreno5xx, [000002A1315B1800][000002A1290B9740 49] Android_Adreno6xx, [000002A13079D100][000002A1290BD8C0 49] Android_Adreno6xx_Vulkan, [000002A1315B0800][000002A1290C1A40 49] Android_Mali_T6xx, [000002A13079F600][000002A1290C5BC0 49] Android_Mali_T7xx, [000002A1315B0D00][000002A1290C81C0 49] Android_Mali_T8xx, [000002A13079FC00][000002A1290CC340 49] Android_Mali_G71, [000002A1315B1500][000002A1290D04C0 49] Android_Mali_G72, [000002A13079FE00][000002A125956640 49] Android_Mali_G72_Vulkan, [000002A1315B3D00][000002A12595A7C0 49] Android_Mali_G76, [000002A13079FA00][000002A12595E940 49] Android_Mali_G76_Vulkan, [000002A1315B3600][000002A125962AC0 49] Android_Mali_G77, [000002A13079E200][000002A125966C40 49] Android_Mali_G77_Vulkan, [000002A1315B1200][000002A12596ADC0 49] Android_Mali_G78, [000002A13079CA00][000002A12596EF40 49] Android_Mali_G78_Vulkan, [000002A1315B3000][000002A1290AD080 49] Android_Mali_G710, [000002A13079D400][000002A1259731C0 49] Android_Mali_G710_Vulkan, [000002A1315B0700][000002A128BCF300 49] Android_Vulkan_SM5, [000002A13079D800][000002A128BD7480 49] Android_PowerVR_G6xxx, [000002A1315B0E00][000002A128BDB600 49] Android_PowerVR_GT7xxx, [000002A13079C200][000002A128BDF780 49] Android_PowerVR_GE8xxx, [000002A1315B0600][000002A128BE3900 49] Android_PowerVR_GM9xxx, [000002A13079E600][000002A128BE7A80 49] Android_PowerVR_GM9xxx_Vulkan, [000002A1315C8F00][000002A128BEBC00 49] Android_TegraK1, [000002A13079EA00][000002A128BEE200 49] Android_Unknown_Vulkan, [000002A1315C8D00][000002A128BF2380 49] Lumin, [000002A13079D200][000002A128BF6500 49] Lumin_Desktop, [000002A1315C8B00][000002A128BFA680 49] HoloLens, 
[2025.05.21-16.45.21:321][  0]LogMeshReduction: Using QuadricMeshReduction for automatic static mesh reduction
[2025.05.21-16.45.21:321][  0]LogMeshReduction: Using SimplygonMeshReduction for automatic skeletal mesh reduction
[2025.05.21-16.45.21:321][  0]LogMeshReduction: Using ProxyLODMeshReduction for automatic mesh merging
[2025.05.21-16.45.21:321][  0]LogMeshReduction: No distributed automatic mesh merging module available
[2025.05.21-16.45.21:321][  0]LogMeshMerging: No distributed automatic mesh merging module available
[2025.05.21-16.45.21:337][  0]LogNetVersion: TopDownAC 1.0.0, NetCL: 17155196, EngineNetVer: 17, GameNetVer: 0 (Checksum: 548030664)
[2025.05.21-16.45.21:757][  0]LogTexture: Default maximum texture size for cubemaps generated from long-lat sources has been changed from 512 to unlimited. In order to preserve old behaiour for '/Engine/MapTemplates/Sky/DaylightAmbientCubemap.DaylightAmbientCubemap', its maximum texture size has been explicitly set to 512.
[2025.05.21-16.45.21:811][  0]LogHMD: PokeAHoleMaterial loaded successfully
[2025.05.21-16.45.21:815][  0]LogUObjectArray: 17178 objects as part of root set at end of initial load.
[2025.05.21-16.45.21:815][  0]LogUObjectAllocator: 4302048 out of 0 bytes used by permanent object pool.
[2025.05.21-16.45.21:815][  0]LogUObjectArray: CloseDisregardForGC: 0/0 objects in disregard for GC pool
[2025.05.21-16.45.21:950][  0]LogNiagaraDebuggerClient: Niagara Debugger Client Initialized | Session: 5D1340BE42891A423BC25D85E340CBE8 | Instance: 39094EB04B4BF650BC480AAFCAE87433 (LAPTOP-AN92MERF-25780).
[2025.05.21-16.45.22:007][  0]LogPython: Using Python 3.7.7
[2025.05.21-16.45.22:510][  0]LogTcpMessaging: Initializing TcpMessaging bridge
[2025.05.21-16.45.22:513][  0]LogUdpMessaging: Initializing bridge on interface 0.0.0.0:0 to multicast group 230.0.0.1:6666.
[2025.05.21-16.45.22:824][  0]SourceControl: Source control is disabled
[2025.05.21-16.45.22:825][  0]SourceControl: Source control is disabled
[2025.05.21-16.45.22:834][  0]SourceControl: Source control is disabled
[2025.05.21-16.45.22:857][  0]SourceControl: Source control is disabled
[2025.05.21-16.45.22:860][  0]SourceControl: Source control is disabled
[2025.05.21-16.45.22:866][  0]LogUProjectInfo: Found projects:
[2025.05.21-16.45.22:873][  0]LogVSAccessor: Display: Unable to create Visual Studio setup instance: 80040154
[2025.05.21-16.45.22:873][  0]LogVSAccessor: Display: Unable to create Visual Studio setup instance: 80040154
[2025.05.21-16.45.22:874][  0]LogVSAccessor: Display: Unable to create Visual Studio setup instance: 80040154
[2025.05.21-16.45.23:001][  0]LogOpenImageDenoise: OIDN starting up
[2025.05.21-16.45.23:076][  0]LogAndroidPermission: UAndroidPermissionCallbackProxy::GetInstance
[2025.05.21-16.45.23:084][  0]LogAudioCaptureCore: Display: No Audio Capture implementations found. Audio input will be silent.
[2025.05.21-16.45.23:084][  0]LogAudioCaptureCore: Display: No Audio Capture implementations found. Audio input will be silent.
[2025.05.21-16.45.23:191][  0]LogCollectionManager: Loaded 0 collections in 0.000665 seconds
[2025.05.21-16.45.23:217][  0]LogFileCache: Scanning file cache for directory 'D:/Repozytoria/UE 4.27/KZ_TopDownShooter/TopDownAC/Saved/Collections/' took 0.00s
[2025.05.21-16.45.23:217][  0]LogFileCache: Scanning file cache for directory 'D:/Repozytoria/UE 4.27/KZ_TopDownShooter/TopDownAC/Content/Developers/harry/Collections/' took 0.00s
[2025.05.21-16.45.23:217][  0]LogFileCache: Scanning file cache for directory 'D:/Repozytoria/UE 4.27/KZ_TopDownShooter/TopDownAC/Content/Collections/' took 0.00s
[2025.05.21-16.45.23:217][  0]LogOcInput: OculusInput pre-init called
[2025.05.21-16.45.23:538][  0]LogEngine: Initializing Engine...
[2025.05.21-16.45.23:541][  0]LogHMD: Failed to enumerate extensions. Please check that you have a valid OpenXR runtime installed.
[2025.05.21-16.45.23:541][  0]LogHMD: Failed to initialize OpenVR with code 110
[2025.05.21-16.45.23:542][  0]LogMagicLeap: Warning: VR disabled because ZI is not enabled.  To enable, in the editor, Edit -> Project Settings -> Plugins -> Magic Leap Plugin -> Enable Zero Iteration
[2025.05.21-16.45.23:542][  0]LogStats: UGameplayTagsManager::InitializeManager -  0.000 s
[2025.05.21-16.45.23:652][  0]LogInit: Initializing FReadOnlyCVARCache
[2025.05.21-16.45.23:659][  0]LogAIModule: Creating AISystem for world Untitled
[2025.05.21-16.45.23:659][  0]LogAudio: Display: Initializing Audio Device Manager...
[2025.05.21-16.45.23:661][  0]LogAudio: Display: Loading Default Audio Settings Objects...
[2025.05.21-16.45.23:661][  0]LogAudio: Display: No default SoundConcurrencyObject specified (or failed to load).
[2025.05.21-16.45.23:661][  0]LogAudio: Display: Audio Device Manager Initialized
[2025.05.21-16.45.23:661][  0]LogAudio: Display: Creating Audio Device:                 Id: 1, Scope: Shared, Realtime: True
[2025.05.21-16.45.23:661][  0]LogAudioMixer: Display: Audio Mixer Platform Settings:
[2025.05.21-16.45.23:661][  0]LogAudioMixer: Display: 	Sample Rate:						  48000
[2025.05.21-16.45.23:661][  0]LogAudioMixer: Display: 	Callback Buffer Frame Size Requested: 1024
[2025.05.21-16.45.23:661][  0]LogAudioMixer: Display: 	Callback Buffer Frame Size To Use:	  1024
[2025.05.21-16.45.23:662][  0]LogAudioMixer: Display: 	Number of buffers to queue:			  2
[2025.05.21-16.45.23:662][  0]LogAudioMixer: Display: 	Max Channels (voices):				  32
[2025.05.21-16.45.23:662][  0]LogAudioMixer: Display: 	Number of Async Source Workers:		  0
[2025.05.21-16.45.23:662][  0]LogAudio: Display: AudioDevice MaxSources: 32
[2025.05.21-16.45.23:662][  0]LogAudio: Display: Audio Spatialization Plugin: None (built-in).
[2025.05.21-16.45.23:662][  0]LogAudio: Display: Audio Reverb Plugin: None (built-in).
[2025.05.21-16.45.23:662][  0]LogAudio: Display: Audio Occlusion Plugin: None (built-in).
[2025.05.21-16.45.23:662][  0]LogAudioMixer: Display: Initializing audio mixer.
[2025.05.21-16.45.23:670][  0]LogAudioMixer: Display: 0: FrontLeft
[2025.05.21-16.45.23:670][  0]LogAudioMixer: Display: 1: FrontRight
[2025.05.21-16.45.23:684][  0]LogAudioMixer: Display: Using Audio Device Speakers (Realtek(R) Audio)
[2025.05.21-16.45.23:684][  0]LogAudioMixer: Display: Initializing Sound Submixes...
[2025.05.21-16.45.23:685][  0]LogAudioMixer: Display: Creating Master Submix 'MasterSubmixDefault'
[2025.05.21-16.45.23:685][  0]LogAudioMixer: Display: Creating Master Submix 'MasterReverbSubmixDefault'
[2025.05.21-16.45.23:686][  0]LogAudioMixer: Display: Creating Master Submix 'MasterEQSubmixDefault'
[2025.05.21-16.45.23:686][  0]LogAudioMixer: FMixerPlatformXAudio2::StartAudioStream() called
[2025.05.21-16.45.23:686][  0]LogAudioMixer: Display: Output buffers initialized: Frames=1024, Channels=2, Samples=2048
[2025.05.21-16.45.23:687][  0]LogAudioMixer: Display: Starting AudioMixerPlatformInterface::RunInternal()
[2025.05.21-16.45.23:687][  0]LogAudioMixer: Display: FMixerPlatformXAudio2::SubmitBuffer() called for the first time
[2025.05.21-16.45.23:687][  0]LogInit: FAudioDevice initialized.
[2025.05.21-16.45.23:687][  0]LogAudio: Display: Audio Device (ID: 1) registered with world 'Untitled'.
[2025.05.21-16.45.23:687][  0]LogNetVersion: Set ProjectVersion to 1.0.0.0. Version Checksum will be recalculated on next use.
[2025.05.21-16.45.23:753][  0]LogDerivedDataCache: Saved boot cache 0.07s 94MB C:/Users/harry/AppData/Local/UnrealEngine/4.27/DerivedDataCache/Boot.ddc.
[2025.05.21-16.45.23:753][  0]LogInit: Texture streaming: Enabled
[2025.05.21-16.45.23:765][  0]LogAnalytics: Display: [UEEditor.Rocket.Release] APIServer = https://datarouter.ol.epicgames.com/. AppVersion = 4.27.2-18319896+++UE4+Release-4.27
[2025.05.21-16.45.23:769][  0]LogEngineSessionManager: EngineSessionManager initialized
[2025.05.21-16.45.23:769][  0]LogEditorSessionSummary: Verbose: Initializing EditorSessionSummaryWriter for editor session tracking
[2025.05.21-16.45.23:770][  0]LogEditorSessionSummary: EditorSessionSummaryWriter initialized
[2025.05.21-16.45.23:794][  0]LogInit: Transaction tracking system initialized
[2025.05.21-16.45.23:813][  0]BlueprintLog: New page: Editor Load
[2025.05.21-16.45.23:864][  0]LocalizationService: Localization service is disabled
[2025.05.21-16.45.23:880][  0]TimingProfiler: Initialize
[2025.05.21-16.45.23:881][  0]TimingProfiler: OnSessionChanged
[2025.05.21-16.45.23:881][  0]LoadingProfiler: Initialize
[2025.05.21-16.45.23:881][  0]LoadingProfiler: OnSessionChanged
[2025.05.21-16.45.23:881][  0]NetworkingProfiler: Initialize
[2025.05.21-16.45.23:881][  0]NetworkingProfiler: OnSessionChanged
[2025.05.21-16.45.23:881][  0]MemoryProfiler: Initialize
[2025.05.21-16.45.23:881][  0]MemoryProfiler: OnSessionChanged
[2025.05.21-16.45.23:927][  0]LogVSAccessor: Display: Unable to create Visual Studio setup instance: 80040154
[2025.05.21-16.45.23:927][  0]LogVSAccessor: Display: Unable to create Visual Studio setup instance: 80040154
[2025.05.21-16.45.23:929][  0]LogVSAccessor: Display: Unable to create Visual Studio setup instance: 80040154
[2025.05.21-16.45.24:053][  0]LogCook: Display: CookSettings for Memory: MemoryMaxUsedVirtual 0MiB, MemoryMaxUsedPhysical 16384MiB, MemoryMinFreeVirtual 0MiB, MemoryMinFreePhysical 1024MiB
[2025.05.21-16.45.24:053][  0]LogCook: Display: Mobile HDR setting 1
[2025.05.21-16.45.24:219][  0]LogFileCache: Scanning file cache for directory 'D:/Repozytoria/UE 4.27/KZ_TopDownShooter/TopDownAC/Content/' took 0.00s
[2025.05.21-16.45.24:388][  0]LogInit: Display: Engine is initialized. Leaving FEngineLoop::Init()
[2025.05.21-16.45.24:390][  0]SourceControl: Source control is disabled
[2025.05.21-16.45.24:390][  0]LogUnrealEdMisc: Loading editor; pre map load, took 7.011
[2025.05.21-16.45.24:390][  0]Cmd: MAP LOAD FILE="../../../../../Repozytoria/UE 4.27/KZ_TopDownShooter/TopDownAC/Content/Levels/Main.umap" TEMPLATE=0 SHOWPROGRESS=1 FEATURELEVEL=3
[2025.05.21-16.45.24:391][  0]LightingResults: New page: Lighting Build
[2025.05.21-16.45.24:392][  0]LogWorld: UWorld::CleanupWorld for Untitled, bSessionEnded=true, bCleanupResources=true
[2025.05.21-16.45.24:392][  0]LogSlate: InvalidateAllWidgets triggered.  All widgets were invalidated
[2025.05.21-16.45.24:392][  0]MapCheck: New page: Map Check
[2025.05.21-16.45.24:392][  0]LightingResults: New page: Lighting Build
[2025.05.21-16.45.24:396][  0]LogAudio: Display: Audio Device unregistered from world 'None'.
[2025.05.21-16.45.24:399][  0]LogUObjectHash: Compacting FUObjectHashTables data took   0.61ms
[2025.05.21-16.45.24:406][  0]LogBlueprint: Warning: [AssetLog] D:\Repozytoria\UE 4.27\KZ_TopDownShooter\TopDownAC\Content\Characters\Enemy_Great_Spider\Animations\AB_Spider_01.uasset: [Compiler] Idle to Walk  will never be taken, please connect something to  Can Enter Transition
[2025.05.21-16.45.24:407][  0]LogBlueprint: Warning: [AssetLog] D:\Repozytoria\UE 4.27\KZ_TopDownShooter\TopDownAC\Content\Characters\Enemy_Great_Spider\Animations\AB_Spider_01.uasset: [Compiler] Walk to Idle  will never be taken, please connect something to  Can Enter Transition
[2025.05.21-16.45.24:505][  0]LogAudio: Display: Audio Device (ID: 1) registered with world 'Main'.
[2025.05.21-16.45.24:506][  0]LogAIModule: Creating AISystem for world Main
[2025.05.21-16.45.24:510][  0]LogEditorServer: Finished looking for orphan Actors (0.000 secs)
[2025.05.21-16.45.24:528][  0]LogUObjectHash: Compacting FUObjectHashTables data took   0.63ms
[2025.05.21-16.45.24:529][  0]Cmd: MAP CHECKDEP NOCLEARLOG
[2025.05.21-16.45.24:529][  0]MapCheck: Map check complete: 0 Error(s), 0 Warning(s), took 0,085ms to complete.
[2025.05.21-16.45.24:529][  0]LogFileHelpers: Loading map 'Main' took 0.138
[2025.05.21-16.45.24:531][  0]LogUnrealEdMisc: Total Editor Startup Time, took 7.150
[2025.05.21-16.45.24:676][  0]LogSlate: Updating window title bar state: overlay mode, drag disabled, window buttons hidden, title bar hidden
[2025.05.21-16.45.24:697][  0]LogSlate: Updating window title bar state: overlay mode, drag disabled, window buttons hidden, title bar hidden
[2025.05.21-16.45.24:709][  0]LogSlate: Updating window title bar state: overlay mode, drag disabled, window buttons hidden, title bar hidden
[2025.05.21-16.45.24:721][  0]LogSlate: Updating window title bar state: overlay mode, drag disabled, window buttons hidden, title bar hidden
[2025.05.21-16.45.24:754][  0]LogNativeClassHierarchy: Verbose: Native class hierarchy populated in 0.0222 seconds. Added 3822 classes and 928 folders.
[2025.05.21-16.45.24:759][  0]LogNativeClassHierarchy: Verbose: Native class hierarchy updated for 'WidgetCarousel' in 0.0006 seconds. Added 0 classes and 0 folders.
[2025.05.21-16.45.24:762][  0]LogPakFile: PakFile PrimaryIndexSize=187
[2025.05.21-16.45.24:762][  0]LogPakFile: PakFile PathHashIndexSize=101
[2025.05.21-16.45.24:762][  0]LogPakFile: PakFile FullDirectoryIndexSize=148
[2025.05.21-16.45.24:762][  0]LogShaderLibrary: Display: ShaderCodeLibraryPakFileMountedCallback: PakFile 'D:/Epic Games/UE_4.27/FeaturePacks/FP_FirstPerson.upack' (chunk index -1, root 'root:/') mounted
[2025.05.21-16.45.24:762][  0]LogShaderLibrary: Display: ShaderCodeLibraryPakFileMountedCallback: pending pak file info (ChunkID:-1 Root:root:/ File:D:/Epic Games/UE_4.27/FeaturePacks/FP_FirstPerson.upack)
[2025.05.21-16.45.24:762][  0]LogPakFile: OnPakFileMounted2Time == 0.000072
[2025.05.21-16.45.24:763][  0]LogPakFile: PakFile PrimaryIndexSize=189
[2025.05.21-16.45.24:763][  0]LogPakFile: PakFile PathHashIndexSize=101
[2025.05.21-16.45.24:763][  0]LogPakFile: PakFile FullDirectoryIndexSize=152
[2025.05.21-16.45.24:763][  0]LogShaderLibrary: Display: ShaderCodeLibraryPakFileMountedCallback: PakFile 'D:/Epic Games/UE_4.27/FeaturePacks/FP_FirstPersonBP.upack' (chunk index -1, root 'root:/') mounted
[2025.05.21-16.45.24:763][  0]LogShaderLibrary: Display: ShaderCodeLibraryPakFileMountedCallback: pending pak file info (ChunkID:-1 Root:root:/ File:D:/Epic Games/UE_4.27/FeaturePacks/FP_FirstPersonBP.upack)
[2025.05.21-16.45.24:763][  0]LogPakFile: OnPakFileMounted2Time == 0.000099
[2025.05.21-16.45.24:764][  0]LogPakFile: PakFile PrimaryIndexSize=191
[2025.05.21-16.45.24:764][  0]LogPakFile: PakFile PathHashIndexSize=101
[2025.05.21-16.45.24:764][  0]LogPakFile: PakFile FullDirectoryIndexSize=160
[2025.05.21-16.45.24:764][  0]LogShaderLibrary: Display: ShaderCodeLibraryPakFileMountedCallback: PakFile 'D:/Epic Games/UE_4.27/FeaturePacks/MobileStarterContent.upack' (chunk index -1, root 'root:/') mounted
[2025.05.21-16.45.24:764][  0]LogShaderLibrary: Display: ShaderCodeLibraryPakFileMountedCallback: pending pak file info (ChunkID:-1 Root:root:/ File:D:/Epic Games/UE_4.27/FeaturePacks/MobileStarterContent.upack)
[2025.05.21-16.45.24:764][  0]LogPakFile: OnPakFileMounted2Time == 0.000086
[2025.05.21-16.45.24:765][  0]LogPakFile: PakFile PrimaryIndexSize=185
[2025.05.21-16.45.24:766][  0]LogPakFile: PakFile PathHashIndexSize=101
[2025.05.21-16.45.24:766][  0]LogPakFile: PakFile FullDirectoryIndexSize=148
[2025.05.21-16.45.24:766][  0]LogShaderLibrary: Display: ShaderCodeLibraryPakFileMountedCallback: PakFile 'D:/Epic Games/UE_4.27/FeaturePacks/StarterContent.upack' (chunk index -1, root 'root:/') mounted
[2025.05.21-16.45.24:766][  0]LogShaderLibrary: Display: ShaderCodeLibraryPakFileMountedCallback: pending pak file info (ChunkID:-1 Root:root:/ File:D:/Epic Games/UE_4.27/FeaturePacks/StarterContent.upack)
[2025.05.21-16.45.24:766][  0]LogPakFile: OnPakFileMounted2Time == 0.000084
[2025.05.21-16.45.24:767][  0]LogPakFile: PakFile PrimaryIndexSize=190
[2025.05.21-16.45.24:767][  0]LogPakFile: PakFile PathHashIndexSize=101
[2025.05.21-16.45.24:767][  0]LogPakFile: PakFile FullDirectoryIndexSize=154
[2025.05.21-16.45.24:767][  0]LogShaderLibrary: Display: ShaderCodeLibraryPakFileMountedCallback: PakFile 'D:/Epic Games/UE_4.27/FeaturePacks/TP_2DSideScroller.upack' (chunk index -1, root 'root:/') mounted
[2025.05.21-16.45.24:767][  0]LogShaderLibrary: Display: ShaderCodeLibraryPakFileMountedCallback: pending pak file info (ChunkID:-1 Root:root:/ File:D:/Epic Games/UE_4.27/FeaturePacks/TP_2DSideScroller.upack)
[2025.05.21-16.45.24:767][  0]LogPakFile: OnPakFileMounted2Time == 0.000078
[2025.05.21-16.45.24:768][  0]LogPakFile: PakFile PrimaryIndexSize=192
[2025.05.21-16.45.24:768][  0]LogPakFile: PakFile PathHashIndexSize=101
[2025.05.21-16.45.24:768][  0]LogPakFile: PakFile FullDirectoryIndexSize=158
[2025.05.21-16.45.24:768][  0]LogShaderLibrary: Display: ShaderCodeLibraryPakFileMountedCallback: PakFile 'D:/Epic Games/UE_4.27/FeaturePacks/TP_2DSideScrollerBP.upack' (chunk index -1, root 'root:/') mounted
[2025.05.21-16.45.24:768][  0]LogShaderLibrary: Display: ShaderCodeLibraryPakFileMountedCallback: pending pak file info (ChunkID:-1 Root:root:/ File:D:/Epic Games/UE_4.27/FeaturePacks/TP_2DSideScrollerBP.upack)
[2025.05.21-16.45.24:768][  0]LogPakFile: OnPakFileMounted2Time == 0.000075
[2025.05.21-16.45.24:769][  0]LogPakFile: PakFile PrimaryIndexSize=182
[2025.05.21-16.45.24:769][  0]LogPakFile: PakFile PathHashIndexSize=101
[2025.05.21-16.45.24:769][  0]LogPakFile: PakFile FullDirectoryIndexSize=138
[2025.05.21-16.45.24:769][  0]LogShaderLibrary: Display: ShaderCodeLibraryPakFileMountedCallback: PakFile 'D:/Epic Games/UE_4.27/FeaturePacks/TP_Flying.upack' (chunk index -1, root 'root:/') mounted
[2025.05.21-16.45.24:769][  0]LogShaderLibrary: Display: ShaderCodeLibraryPakFileMountedCallback: pending pak file info (ChunkID:-1 Root:root:/ File:D:/Epic Games/UE_4.27/FeaturePacks/TP_Flying.upack)
[2025.05.21-16.45.24:769][  0]LogPakFile: OnPakFileMounted2Time == 0.000075
[2025.05.21-16.45.24:769][  0]LogPakFile: PakFile PrimaryIndexSize=184
[2025.05.21-16.45.24:770][  0]LogPakFile: PakFile PathHashIndexSize=101
[2025.05.21-16.45.24:770][  0]LogPakFile: PakFile FullDirectoryIndexSize=142
[2025.05.21-16.45.24:770][  0]LogShaderLibrary: Display: ShaderCodeLibraryPakFileMountedCallback: PakFile 'D:/Epic Games/UE_4.27/FeaturePacks/TP_FlyingBP.upack' (chunk index -1, root 'root:/') mounted
[2025.05.21-16.45.24:770][  0]LogShaderLibrary: Display: ShaderCodeLibraryPakFileMountedCallback: pending pak file info (ChunkID:-1 Root:root:/ File:D:/Epic Games/UE_4.27/FeaturePacks/TP_FlyingBP.upack)
[2025.05.21-16.45.24:770][  0]LogPakFile: OnPakFileMounted2Time == 0.000107
[2025.05.21-16.45.24:771][  0]LogPakFile: PakFile PrimaryIndexSize=188
[2025.05.21-16.45.24:771][  0]LogPakFile: PakFile PathHashIndexSize=101
[2025.05.21-16.45.24:771][  0]LogPakFile: PakFile FullDirectoryIndexSize=150
[2025.05.21-16.45.24:771][  0]LogShaderLibrary: Display: ShaderCodeLibraryPakFileMountedCallback: PakFile 'D:/Epic Games/UE_4.27/FeaturePacks/TP_HandheldARBP.upack' (chunk index -1, root 'root:/') mounted
[2025.05.21-16.45.24:771][  0]LogShaderLibrary: Display: ShaderCodeLibraryPakFileMountedCallback: pending pak file info (ChunkID:-1 Root:root:/ File:D:/Epic Games/UE_4.27/FeaturePacks/TP_HandheldARBP.upack)
[2025.05.21-16.45.24:771][  0]LogPakFile: OnPakFileMounted2Time == 0.000074
[2025.05.21-16.45.24:772][  0]LogPakFile: PakFile PrimaryIndexSize=182
[2025.05.21-16.45.24:772][  0]LogPakFile: PakFile PathHashIndexSize=101
[2025.05.21-16.45.24:772][  0]LogPakFile: PakFile FullDirectoryIndexSize=138
[2025.05.21-16.45.24:772][  0]LogShaderLibrary: Display: ShaderCodeLibraryPakFileMountedCallback: PakFile 'D:/Epic Games/UE_4.27/FeaturePacks/TP_Puzzle.upack' (chunk index -1, root 'root:/') mounted
[2025.05.21-16.45.24:772][  0]LogShaderLibrary: Display: ShaderCodeLibraryPakFileMountedCallback: pending pak file info (ChunkID:-1 Root:root:/ File:D:/Epic Games/UE_4.27/FeaturePacks/TP_Puzzle.upack)
[2025.05.21-16.45.24:772][  0]LogPakFile: OnPakFileMounted2Time == 0.000086
[2025.05.21-16.45.24:773][  0]LogPakFile: PakFile PrimaryIndexSize=184
[2025.05.21-16.45.24:773][  0]LogPakFile: PakFile PathHashIndexSize=101
[2025.05.21-16.45.24:773][  0]LogPakFile: PakFile FullDirectoryIndexSize=142
[2025.05.21-16.45.24:773][  0]LogShaderLibrary: Display: ShaderCodeLibraryPakFileMountedCallback: PakFile 'D:/Epic Games/UE_4.27/FeaturePacks/TP_PuzzleBP.upack' (chunk index -1, root 'root:/') mounted
[2025.05.21-16.45.24:773][  0]LogShaderLibrary: Display: ShaderCodeLibraryPakFileMountedCallback: pending pak file info (ChunkID:-1 Root:root:/ File:D:/Epic Games/UE_4.27/FeaturePacks/TP_PuzzleBP.upack)
[2025.05.21-16.45.24:774][  0]LogPakFile: OnPakFileMounted2Time == 0.000074
[2025.05.21-16.45.24:774][  0]LogPakFile: PakFile PrimaryIndexSize=183
[2025.05.21-16.45.24:774][  0]LogPakFile: PakFile PathHashIndexSize=101
[2025.05.21-16.45.24:774][  0]LogPakFile: PakFile FullDirectoryIndexSize=140
[2025.05.21-16.45.24:774][  0]LogShaderLibrary: Display: ShaderCodeLibraryPakFileMountedCallback: PakFile 'D:/Epic Games/UE_4.27/FeaturePacks/TP_Rolling.upack' (chunk index -1, root 'root:/') mounted
[2025.05.21-16.45.24:774][  0]LogShaderLibrary: Display: ShaderCodeLibraryPakFileMountedCallback: pending pak file info (ChunkID:-1 Root:root:/ File:D:/Epic Games/UE_4.27/FeaturePacks/TP_Rolling.upack)
[2025.05.21-16.45.24:774][  0]LogPakFile: OnPakFileMounted2Time == 0.000074
[2025.05.21-16.45.24:776][  0]LogPakFile: PakFile PrimaryIndexSize=185
[2025.05.21-16.45.24:776][  0]LogPakFile: PakFile PathHashIndexSize=101
[2025.05.21-16.45.24:776][  0]LogPakFile: PakFile FullDirectoryIndexSize=144
[2025.05.21-16.45.24:776][  0]LogShaderLibrary: Display: ShaderCodeLibraryPakFileMountedCallback: PakFile 'D:/Epic Games/UE_4.27/FeaturePacks/TP_RollingBP.upack' (chunk index -1, root 'root:/') mounted
[2025.05.21-16.45.24:776][  0]LogShaderLibrary: Display: ShaderCodeLibraryPakFileMountedCallback: pending pak file info (ChunkID:-1 Root:root:/ File:D:/Epic Games/UE_4.27/FeaturePacks/TP_RollingBP.upack)
[2025.05.21-16.45.24:776][  0]LogPakFile: OnPakFileMounted2Time == 0.000100
[2025.05.21-16.45.24:777][  0]LogPakFile: PakFile PrimaryIndexSize=188
[2025.05.21-16.45.24:777][  0]LogPakFile: PakFile PathHashIndexSize=101
[2025.05.21-16.45.24:777][  0]LogPakFile: PakFile FullDirectoryIndexSize=150
[2025.05.21-16.45.24:777][  0]LogShaderLibrary: Display: ShaderCodeLibraryPakFileMountedCallback: PakFile 'D:/Epic Games/UE_4.27/FeaturePacks/TP_SideScroller.upack' (chunk index -1, root 'root:/') mounted
[2025.05.21-16.45.24:777][  0]LogShaderLibrary: Display: ShaderCodeLibraryPakFileMountedCallback: pending pak file info (ChunkID:-1 Root:root:/ File:D:/Epic Games/UE_4.27/FeaturePacks/TP_SideScroller.upack)
[2025.05.21-16.45.24:777][  0]LogPakFile: OnPakFileMounted2Time == 0.000074
[2025.05.21-16.45.24:778][  0]LogPakFile: PakFile PrimaryIndexSize=190
[2025.05.21-16.45.24:778][  0]LogPakFile: PakFile PathHashIndexSize=101
[2025.05.21-16.45.24:778][  0]LogPakFile: PakFile FullDirectoryIndexSize=154
[2025.05.21-16.45.24:778][  0]LogShaderLibrary: Display: ShaderCodeLibraryPakFileMountedCallback: PakFile 'D:/Epic Games/UE_4.27/FeaturePacks/TP_SideScrollerBP.upack' (chunk index -1, root 'root:/') mounted
[2025.05.21-16.45.24:778][  0]LogShaderLibrary: Display: ShaderCodeLibraryPakFileMountedCallback: pending pak file info (ChunkID:-1 Root:root:/ File:D:/Epic Games/UE_4.27/FeaturePacks/TP_SideScrollerBP.upack)
[2025.05.21-16.45.24:778][  0]LogPakFile: OnPakFileMounted2Time == 0.000075
[2025.05.21-16.45.24:779][  0]LogPakFile: PakFile PrimaryIndexSize=187
[2025.05.21-16.45.24:779][  0]LogPakFile: PakFile PathHashIndexSize=101
[2025.05.21-16.45.24:779][  0]LogPakFile: PakFile FullDirectoryIndexSize=148
[2025.05.21-16.45.24:779][  0]LogShaderLibrary: Display: ShaderCodeLibraryPakFileMountedCallback: PakFile 'D:/Epic Games/UE_4.27/FeaturePacks/TP_ThirdPerson.upack' (chunk index -1, root 'root:/') mounted
[2025.05.21-16.45.24:779][  0]LogShaderLibrary: Display: ShaderCodeLibraryPakFileMountedCallback: pending pak file info (ChunkID:-1 Root:root:/ File:D:/Epic Games/UE_4.27/FeaturePacks/TP_ThirdPerson.upack)
[2025.05.21-16.45.24:779][  0]LogPakFile: OnPakFileMounted2Time == 0.000074
[2025.05.21-16.45.24:780][  0]LogPakFile: PakFile PrimaryIndexSize=189
[2025.05.21-16.45.24:780][  0]LogPakFile: PakFile PathHashIndexSize=101
[2025.05.21-16.45.24:780][  0]LogPakFile: PakFile FullDirectoryIndexSize=152
[2025.05.21-16.45.24:780][  0]LogShaderLibrary: Display: ShaderCodeLibraryPakFileMountedCallback: PakFile 'D:/Epic Games/UE_4.27/FeaturePacks/TP_ThirdPersonBP.upack' (chunk index -1, root 'root:/') mounted
[2025.05.21-16.45.24:781][  0]LogShaderLibrary: Display: ShaderCodeLibraryPakFileMountedCallback: pending pak file info (ChunkID:-1 Root:root:/ File:D:/Epic Games/UE_4.27/FeaturePacks/TP_ThirdPersonBP.upack)
[2025.05.21-16.45.24:781][  0]LogPakFile: OnPakFileMounted2Time == 0.000075
[2025.05.21-16.45.24:782][  0]LogPakFile: PakFile PrimaryIndexSize=183
[2025.05.21-16.45.24:782][  0]LogPakFile: PakFile PathHashIndexSize=101
[2025.05.21-16.45.24:782][  0]LogPakFile: PakFile FullDirectoryIndexSize=140
[2025.05.21-16.45.24:782][  0]LogShaderLibrary: Display: ShaderCodeLibraryPakFileMountedCallback: PakFile 'D:/Epic Games/UE_4.27/FeaturePacks/TP_TopDown.upack' (chunk index -1, root 'root:/') mounted
[2025.05.21-16.45.24:782][  0]LogShaderLibrary: Display: ShaderCodeLibraryPakFileMountedCallback: pending pak file info (ChunkID:-1 Root:root:/ File:D:/Epic Games/UE_4.27/FeaturePacks/TP_TopDown.upack)
[2025.05.21-16.45.24:782][  0]LogPakFile: OnPakFileMounted2Time == 0.000095
[2025.05.21-16.45.24:783][  0]LogPakFile: PakFile PrimaryIndexSize=185
[2025.05.21-16.45.24:783][  0]LogPakFile: PakFile PathHashIndexSize=101
[2025.05.21-16.45.24:783][  0]LogPakFile: PakFile FullDirectoryIndexSize=144
[2025.05.21-16.45.24:783][  0]LogShaderLibrary: Display: ShaderCodeLibraryPakFileMountedCallback: PakFile 'D:/Epic Games/UE_4.27/FeaturePacks/TP_TopDownBP.upack' (chunk index -1, root 'root:/') mounted
[2025.05.21-16.45.24:783][  0]LogShaderLibrary: Display: ShaderCodeLibraryPakFileMountedCallback: pending pak file info (ChunkID:-1 Root:root:/ File:D:/Epic Games/UE_4.27/FeaturePacks/TP_TopDownBP.upack)
[2025.05.21-16.45.24:783][  0]LogPakFile: OnPakFileMounted2Time == 0.000075
[2025.05.21-16.45.24:784][  0]LogPakFile: PakFile PrimaryIndexSize=185
[2025.05.21-16.45.24:784][  0]LogPakFile: PakFile PathHashIndexSize=101
[2025.05.21-16.45.24:784][  0]LogPakFile: PakFile FullDirectoryIndexSize=144
[2025.05.21-16.45.24:784][  0]LogShaderLibrary: Display: ShaderCodeLibraryPakFileMountedCallback: PakFile 'D:/Epic Games/UE_4.27/FeaturePacks/TP_TwinStick.upack' (chunk index -1, root 'root:/') mounted
[2025.05.21-16.45.24:784][  0]LogShaderLibrary: Display: ShaderCodeLibraryPakFileMountedCallback: pending pak file info (ChunkID:-1 Root:root:/ File:D:/Epic Games/UE_4.27/FeaturePacks/TP_TwinStick.upack)
[2025.05.21-16.45.24:784][  0]LogPakFile: OnPakFileMounted2Time == 0.000081
[2025.05.21-16.45.24:785][  0]LogPakFile: PakFile PrimaryIndexSize=187
[2025.05.21-16.45.24:785][  0]LogPakFile: PakFile PathHashIndexSize=101
[2025.05.21-16.45.24:785][  0]LogPakFile: PakFile FullDirectoryIndexSize=148
[2025.05.21-16.45.24:785][  0]LogShaderLibrary: Display: ShaderCodeLibraryPakFileMountedCallback: PakFile 'D:/Epic Games/UE_4.27/FeaturePacks/TP_TwinStickBP.upack' (chunk index -1, root 'root:/') mounted
[2025.05.21-16.45.24:785][  0]LogShaderLibrary: Display: ShaderCodeLibraryPakFileMountedCallback: pending pak file info (ChunkID:-1 Root:root:/ File:D:/Epic Games/UE_4.27/FeaturePacks/TP_TwinStickBP.upack)
[2025.05.21-16.45.24:785][  0]LogPakFile: OnPakFileMounted2Time == 0.000084
[2025.05.21-16.45.24:786][  0]LogPakFile: PakFile PrimaryIndexSize=183
[2025.05.21-16.45.24:786][  0]LogPakFile: PakFile PathHashIndexSize=101
[2025.05.21-16.45.24:786][  0]LogPakFile: PakFile FullDirectoryIndexSize=140
[2025.05.21-16.45.24:786][  0]LogShaderLibrary: Display: ShaderCodeLibraryPakFileMountedCallback: PakFile 'D:/Epic Games/UE_4.27/FeaturePacks/TP_Vehicle.upack' (chunk index -1, root 'root:/') mounted
[2025.05.21-16.45.24:786][  0]LogShaderLibrary: Display: ShaderCodeLibraryPakFileMountedCallback: pending pak file info (ChunkID:-1 Root:root:/ File:D:/Epic Games/UE_4.27/FeaturePacks/TP_Vehicle.upack)
[2025.05.21-16.45.24:787][  0]LogPakFile: OnPakFileMounted2Time == 0.000082
[2025.05.21-16.45.24:787][  0]LogPakFile: PakFile PrimaryIndexSize=186
[2025.05.21-16.45.24:787][  0]LogPakFile: PakFile PathHashIndexSize=101
[2025.05.21-16.45.24:787][  0]LogPakFile: PakFile FullDirectoryIndexSize=146
[2025.05.21-16.45.24:787][  0]LogShaderLibrary: Display: ShaderCodeLibraryPakFileMountedCallback: PakFile 'D:/Epic Games/UE_4.27/FeaturePacks/TP_VehicleAdv.upack' (chunk index -1, root 'root:/') mounted
[2025.05.21-16.45.24:787][  0]LogShaderLibrary: Display: ShaderCodeLibraryPakFileMountedCallback: pending pak file info (ChunkID:-1 Root:root:/ File:D:/Epic Games/UE_4.27/FeaturePacks/TP_VehicleAdv.upack)
[2025.05.21-16.45.24:787][  0]LogPakFile: OnPakFileMounted2Time == 0.000075
[2025.05.21-16.45.24:788][  0]LogPakFile: PakFile PrimaryIndexSize=188
[2025.05.21-16.45.24:788][  0]LogPakFile: PakFile PathHashIndexSize=101
[2025.05.21-16.45.24:788][  0]LogPakFile: PakFile FullDirectoryIndexSize=150
[2025.05.21-16.45.24:788][  0]LogShaderLibrary: Display: ShaderCodeLibraryPakFileMountedCallback: PakFile 'D:/Epic Games/UE_4.27/FeaturePacks/TP_VehicleAdvBP.upack' (chunk index -1, root 'root:/') mounted
[2025.05.21-16.45.24:788][  0]LogShaderLibrary: Display: ShaderCodeLibraryPakFileMountedCallback: pending pak file info (ChunkID:-1 Root:root:/ File:D:/Epic Games/UE_4.27/FeaturePacks/TP_VehicleAdvBP.upack)
[2025.05.21-16.45.24:788][  0]LogPakFile: OnPakFileMounted2Time == 0.000069
[2025.05.21-16.45.24:789][  0]LogPakFile: PakFile PrimaryIndexSize=185
[2025.05.21-16.45.24:789][  0]LogPakFile: PakFile PathHashIndexSize=101
[2025.05.21-16.45.24:789][  0]LogPakFile: PakFile FullDirectoryIndexSize=144
[2025.05.21-16.45.24:789][  0]LogShaderLibrary: Display: ShaderCodeLibraryPakFileMountedCallback: PakFile 'D:/Epic Games/UE_4.27/FeaturePacks/TP_VehicleBP.upack' (chunk index -1, root 'root:/') mounted
[2025.05.21-16.45.24:789][  0]LogShaderLibrary: Display: ShaderCodeLibraryPakFileMountedCallback: pending pak file info (ChunkID:-1 Root:root:/ File:D:/Epic Games/UE_4.27/FeaturePacks/TP_VehicleBP.upack)
[2025.05.21-16.45.24:789][  0]LogPakFile: OnPakFileMounted2Time == 0.000075
[2025.05.21-16.45.24:790][  0]LogPakFile: PakFile PrimaryIndexSize=192
[2025.05.21-16.45.24:790][  0]LogPakFile: PakFile PathHashIndexSize=101
[2025.05.21-16.45.24:790][  0]LogPakFile: PakFile FullDirectoryIndexSize=158
[2025.05.21-16.45.24:790][  0]LogShaderLibrary: Display: ShaderCodeLibraryPakFileMountedCallback: PakFile 'D:/Epic Games/UE_4.27/FeaturePacks/TP_VirtualRealityBP.upack' (chunk index -1, root 'root:/') mounted
[2025.05.21-16.45.24:790][  0]LogShaderLibrary: Display: ShaderCodeLibraryPakFileMountedCallback: pending pak file info (ChunkID:-1 Root:root:/ File:D:/Epic Games/UE_4.27/FeaturePacks/TP_VirtualRealityBP.upack)
[2025.05.21-16.45.24:790][  0]LogPakFile: OnPakFileMounted2Time == 0.000073
[2025.05.21-16.45.24:856][  0]LogNativeClassHierarchy: Verbose: Native class hierarchy updated for 'AddContentDialog' in 0.0002 seconds. Added 0 classes and 0 folders.
[2025.05.21-16.45.24:856][  0]LogNativeClassHierarchy: Verbose: Native class hierarchy updated for 'SceneOutliner' in 0.0002 seconds. Added 2 classes and 0 folders.
[2025.05.21-16.45.25:087][  0]LogSlate: Took 0.000346 seconds to synchronously load lazily loaded font '../../../Engine/Content/Slate/Fonts/Roboto-Regular.ttf' (155K)
[2025.05.21-16.45.25:088][  0]LogSlate: Took 0.000225 seconds to synchronously load lazily loaded font '../../../Engine/Content/Editor/Slate/Fonts/FontAwesome.ttf' (139K)
[2025.05.21-16.45.25:090][  0]LogSlate: Took 0.000231 seconds to synchronously load lazily loaded font '../../../Engine/Content/Slate/Fonts/Roboto-Bold.ttf' (160K)
[2025.05.21-16.45.25:204][  0]LogRenderer: Reallocating scene render targets to support 920x560 Format 10 NumSamples 1 (Frame:1).
[2025.05.21-16.45.25:322][  0]LogNativeClassHierarchy: Verbose: Native class hierarchy updated for 'HierarchicalLODOutliner' in 0.0002 seconds. Added 0 classes and 0 folders.
[2025.05.21-16.45.25:322][  0]LogLoad: (Engine Initialization) Total time: 7.94 seconds
[2025.05.21-16.45.25:322][  0]LogLoad: (Engine Initialization) Total Blueprint compile time: 0.00 seconds
[2025.05.21-16.45.25:384][  0]LogAssetRegistry: Asset discovery search completed in 4.3695 seconds
[2025.05.21-16.45.25:387][  0]LogCollectionManager: Fixed up redirectors for 0 collections in 0.000003 seconds (updated 0 objects)
[2025.05.21-16.45.25:389][  0]LogContentStreaming: Texture pool size now 1000 MB
[2025.05.21-16.45.26:025][  2]LogSlate: Took 0.000307 seconds to synchronously load lazily loaded font '../../../Engine/Content/Slate/Fonts/Roboto-Light.ttf' (167K)
